[0301/185004:WARNING:dns_config_service_win.cc(665)] Failed to read DnsConfig.
[0401/003818:INFO:CONSOLE(0)] "The source list for Content Security Policy directive 'script-src' contains an invalid source: ''report-sample''. It will be ignored.", source: https://www.altium.com/ad-start (0)
[0401/003818:INFO:CONSOLE(0)] "The source list for Content Security Policy directive 'style-src' contains an invalid source: ''report-sample''. It will be ignored.", source: https://www.altium.com/ad-start (0)
[0401/003818:INFO:CONSOLE(0)] "Unrecognized Content-Security-Policy directive 'worker-src'.
", source: https://www.altium.com/ad-start (0)
[0401/232801:INFO:CONSOLE(0)] "The source list for Content Security Policy directive 'script-src' contains an invalid source: ''report-sample''. It will be ignored.", source: https://www.altium.com/ad-start (0)
[0401/232801:INFO:CONSOLE(0)] "The source list for Content Security Policy directive 'style-src' contains an invalid source: ''report-sample''. It will be ignored.", source: https://www.altium.com/ad-start (0)
[0401/232801:INFO:CONSOLE(0)] "Unrecognized Content-Security-Policy directive 'worker-src'.
", source: https://www.altium.com/ad-start (0)
[0401/232951:INFO:CONSOLE(0)] "The source list for Content Security Policy directive 'script-src' contains an invalid source: ''report-sample''. It will be ignored.", source: https://www.altium.com/ad-start (0)
[0401/232951:INFO:CONSOLE(0)] "The source list for Content Security Policy directive 'style-src' contains an invalid source: ''report-sample''. It will be ignored.", source: https://www.altium.com/ad-start (0)
[0401/232951:INFO:CONSOLE(0)] "Unrecognized Content-Security-Policy directive 'worker-src'.
", source: https://www.altium.com/ad-start (0)
[0402/095526:INFO:CONSOLE(0)] "The source list for Content Security Policy directive 'script-src' contains an invalid source: ''report-sample''. It will be ignored.", source: https://www.altium.com/ad-start (0)
[0402/095526:INFO:CONSOLE(0)] "The source list for Content Security Policy directive 'style-src' contains an invalid source: ''report-sample''. It will be ignored.", source: https://www.altium.com/ad-start (0)
[0402/095526:INFO:CONSOLE(0)] "Unrecognized Content-Security-Policy directive 'worker-src'.
", source: https://www.altium.com/ad-start (0)
[0402/135509:WARNING:dns_config_service_win.cc(665)] Failed to read DnsConfig.
[0402/135547:WARNING:dns_config_service_win.cc(665)] Failed to read DnsConfig.
[0402/135551:WARNING:dns_config_service_win.cc(665)] Failed to read DnsConfig.
[0402/135556:WARNING:dns_config_service_win.cc(665)] Failed to read DnsConfig.
[0402/135556:WARNING:dns_config_service_win.cc(665)] Failed to read DnsConfig.
[0402/151423:WARNING:dns_config_service_win.cc(665)] Failed to read DnsConfig.
[0402/151426:WARNING:dns_config_service_win.cc(665)] Failed to read DnsConfig.
[0402/151427:WARNING:dns_config_service_win.cc(665)] Failed to read DnsConfig.
[0402/151428:WARNING:dns_config_service_win.cc(665)] Failed to read DnsConfig.
[0402/151428:WARNING:dns_config_service_win.cc(665)] Failed to read DnsConfig.
[0402/151428:WARNING:dns_config_service_win.cc(665)] Failed to read DnsConfig.
[0402/151428:WARNING:dns_config_service_win.cc(665)] Failed to read DnsConfig.
[0402/151431:WARNING:dns_config_service_win.cc(665)] Failed to read DnsConfig.
[0402/151432:WARNING:dns_config_service_win.cc(665)] Failed to read DnsConfig.
[0402/151432:WARNING:dns_config_service_win.cc(665)] Failed to read DnsConfig.
[0402/151433:WARNING:dns_config_service_win.cc(665)] Failed to read DnsConfig.
[0402/151433:WARNING:dns_config_service_win.cc(665)] Failed to read DnsConfig.
[0402/151433:WARNING:dns_config_service_win.cc(665)] Failed to read DnsConfig.
[0402/151433:WARNING:dns_config_service_win.cc(665)] Failed to read DnsConfig.
[0402/151436:WARNING:dns_config_service_win.cc(665)] Failed to read DnsConfig.
[0402/151437:WARNING:dns_config_service_win.cc(665)] Failed to read DnsConfig.
[0402/151437:WARNING:dns_config_service_win.cc(665)] Failed to read DnsConfig.
[0402/151437:WARNING:dns_config_service_win.cc(665)] Failed to read DnsConfig.
[0402/151438:WARNING:dns_config_service_win.cc(665)] Failed to read DnsConfig.
[0402/151438:WARNING:dns_config_service_win.cc(665)] Failed to read DnsConfig.
[0402/151438:WARNING:dns_config_service_win.cc(665)] Failed to read DnsConfig.
[0402/151438:WARNING:dns_config_service_win.cc(665)] Failed to read DnsConfig.
[0402/151438:WARNING:dns_config_service_win.cc(665)] Failed to read DnsConfig.
[0402/151439:WARNING:dns_config_service_win.cc(665)] Failed to read DnsConfig.
[0402/151439:WARNING:dns_config_service_win.cc(665)] Failed to read DnsConfig.
[0402/151441:WARNING:dns_config_service_win.cc(665)] Failed to read DnsConfig.
[0402/151442:WARNING:dns_config_service_win.cc(665)] Failed to read DnsConfig.
[0402/151442:WARNING:dns_config_service_win.cc(665)] Failed to read DnsConfig.
[0402/151442:WARNING:dns_config_service_win.cc(665)] Failed to read DnsConfig.
[0402/151443:WARNING:dns_config_service_win.cc(665)] Failed to read DnsConfig.
[0402/151443:WARNING:dns_config_service_win.cc(665)] Failed to read DnsConfig.
[0402/151443:WARNING:dns_config_service_win.cc(665)] Failed to read DnsConfig.
[0402/151443:WARNING:dns_config_service_win.cc(665)] Failed to read DnsConfig.
[0402/151444:WARNING:dns_config_service_win.cc(665)] Failed to read DnsConfig.
[0402/151444:WARNING:dns_config_service_win.cc(665)] Failed to read DnsConfig.
[0402/151446:WARNING:dns_config_service_win.cc(665)] Failed to read DnsConfig.
[0402/151447:WARNING:dns_config_service_win.cc(665)] Failed to read DnsConfig.
[0402/151447:WARNING:dns_config_service_win.cc(665)] Failed to read DnsConfig.
[0402/151447:WARNING:dns_config_service_win.cc(665)] Failed to read DnsConfig.
[0402/151448:WARNING:dns_config_service_win.cc(665)] Failed to read DnsConfig.
[0402/151448:WARNING:dns_config_service_win.cc(665)] Failed to read DnsConfig.
[0402/151448:WARNING:dns_config_service_win.cc(665)] Failed to read DnsConfig.
[0402/151448:WARNING:dns_config_service_win.cc(665)] Failed to read DnsConfig.
[0402/151449:WARNING:dns_config_service_win.cc(665)] Failed to read DnsConfig.
[0402/151449:WARNING:dns_config_service_win.cc(665)] Failed to read DnsConfig.
[0402/151451:WARNING:dns_config_service_win.cc(665)] Failed to read DnsConfig.
[0402/151452:WARNING:dns_config_service_win.cc(665)] Failed to read DnsConfig.
[0402/151452:WARNING:dns_config_service_win.cc(665)] Failed to read DnsConfig.
[0402/151452:WARNING:dns_config_service_win.cc(665)] Failed to read DnsConfig.
[0402/151453:WARNING:dns_config_service_win.cc(665)] Failed to read DnsConfig.
[0402/151453:WARNING:dns_config_service_win.cc(665)] Failed to read DnsConfig.
[0402/151453:WARNING:dns_config_service_win.cc(665)] Failed to read DnsConfig.
[0402/151453:WARNING:dns_config_service_win.cc(665)] Failed to read DnsConfig.
[0402/151454:WARNING:dns_config_service_win.cc(665)] Failed to read DnsConfig.
[0402/151454:WARNING:dns_config_service_win.cc(665)] Failed to read DnsConfig.
[0402/151456:WARNING:dns_config_service_win.cc(665)] Failed to read DnsConfig.
[0402/151457:WARNING:dns_config_service_win.cc(665)] Failed to read DnsConfig.
[0402/151457:WARNING:dns_config_service_win.cc(665)] Failed to read DnsConfig.
[0402/151457:WARNING:dns_config_service_win.cc(665)] Failed to read DnsConfig.
[0402/151458:WARNING:dns_config_service_win.cc(665)] Failed to read DnsConfig.
[0402/151458:WARNING:dns_config_service_win.cc(665)] Failed to read DnsConfig.
[0402/151458:WARNING:dns_config_service_win.cc(665)] Failed to read DnsConfig.
[0402/151458:WARNING:dns_config_service_win.cc(665)] Failed to read DnsConfig.
[0402/151459:WARNING:dns_config_service_win.cc(665)] Failed to read DnsConfig.
[0402/151459:WARNING:dns_config_service_win.cc(665)] Failed to read DnsConfig.
[0402/151501:WARNING:dns_config_service_win.cc(665)] Failed to read DnsConfig.
[0402/151502:WARNING:dns_config_service_win.cc(665)] Failed to read DnsConfig.
[0402/151502:WARNING:dns_config_service_win.cc(665)] Failed to read DnsConfig.
[0402/151502:WARNING:dns_config_service_win.cc(665)] Failed to read DnsConfig.
[0402/151503:WARNING:dns_config_service_win.cc(665)] Failed to read DnsConfig.
[0402/151503:WARNING:dns_config_service_win.cc(665)] Failed to read DnsConfig.
[0402/151503:WARNING:dns_config_service_win.cc(665)] Failed to read DnsConfig.
[0402/151503:WARNING:dns_config_service_win.cc(665)] Failed to read DnsConfig.
[0402/151504:WARNING:dns_config_service_win.cc(665)] Failed to read DnsConfig.
[0402/151504:WARNING:dns_config_service_win.cc(665)] Failed to read DnsConfig.
[0402/151506:WARNING:dns_config_service_win.cc(665)] Failed to read DnsConfig.
[0402/151507:WARNING:dns_config_service_win.cc(665)] Failed to read DnsConfig.
[0402/151507:WARNING:dns_config_service_win.cc(665)] Failed to read DnsConfig.
[0402/151507:WARNING:dns_config_service_win.cc(665)] Failed to read DnsConfig.
[0402/151508:WARNING:dns_config_service_win.cc(665)] Failed to read DnsConfig.
[0402/151508:WARNING:dns_config_service_win.cc(665)] Failed to read DnsConfig.
[0402/151508:WARNING:dns_config_service_win.cc(665)] Failed to read DnsConfig.
[0402/151508:WARNING:dns_config_service_win.cc(665)] Failed to read DnsConfig.
[0402/151509:WARNING:dns_config_service_win.cc(665)] Failed to read DnsConfig.
[0402/151509:WARNING:dns_config_service_win.cc(665)] Failed to read DnsConfig.
[0402/151511:WARNING:dns_config_service_win.cc(665)] Failed to read DnsConfig.
[0402/151511:WARNING:dns_config_service_win.cc(665)] Failed to read DnsConfig.
[0402/151512:WARNING:dns_config_service_win.cc(665)] Failed to read DnsConfig.
[0402/151512:WARNING:dns_config_service_win.cc(665)] Failed to read DnsConfig.
[0402/151512:WARNING:dns_config_service_win.cc(665)] Failed to read DnsConfig.
[0402/151512:WARNING:dns_config_service_win.cc(665)] Failed to read DnsConfig.
[0402/151513:WARNING:dns_config_service_win.cc(665)] Failed to read DnsConfig.
[0402/151513:WARNING:dns_config_service_win.cc(665)] Failed to read DnsConfig.
[0402/151513:WARNING:dns_config_service_win.cc(665)] Failed to read DnsConfig.
[0402/151513:WARNING:dns_config_service_win.cc(665)] Failed to read DnsConfig.
[0402/151514:WARNING:dns_config_service_win.cc(665)] Failed to read DnsConfig.
[0402/151514:WARNING:dns_config_service_win.cc(665)] Failed to read DnsConfig.
[0402/151516:WARNING:dns_config_service_win.cc(665)] Failed to read DnsConfig.
[0402/151516:WARNING:dns_config_service_win.cc(665)] Failed to read DnsConfig.
[0402/151516:WARNING:dns_config_service_win.cc(665)] Failed to read DnsConfig.
[0402/151516:WARNING:dns_config_service_win.cc(665)] Failed to read DnsConfig.
[0402/151517:WARNING:dns_config_service_win.cc(665)] Failed to read DnsConfig.
[0402/151517:WARNING:dns_config_service_win.cc(665)] Failed to read DnsConfig.
[0402/152755:WARNING:dns_config_service_win.cc(665)] Failed to read DnsConfig.
[0402/152800:WARNING:dns_config_service_win.cc(665)] Failed to read DnsConfig.
[0402/152900:WARNING:dns_config_service_win.cc(665)] Failed to read DnsConfig.
[0402/152900:WARNING:dns_config_service_win.cc(665)] Failed to read DnsConfig.
[0402/152901:WARNING:dns_config_service_win.cc(665)] Failed to read DnsConfig.
[0402/152901:WARNING:dns_config_service_win.cc(665)] Failed to read DnsConfig.
[0402/152905:WARNING:dns_config_service_win.cc(665)] Failed to read DnsConfig.
[0402/152905:WARNING:dns_config_service_win.cc(665)] Failed to read DnsConfig.
[0402/152906:WARNING:dns_config_service_win.cc(665)] Failed to read DnsConfig.
[0402/152906:WARNING:dns_config_service_win.cc(665)] Failed to read DnsConfig.
[0402/152910:WARNING:dns_config_service_win.cc(665)] Failed to read DnsConfig.
[0402/152910:WARNING:dns_config_service_win.cc(665)] Failed to read DnsConfig.
[0402/152911:WARNING:dns_config_service_win.cc(665)] Failed to read DnsConfig.
[0402/152911:WARNING:dns_config_service_win.cc(665)] Failed to read DnsConfig.
[0402/152915:WARNING:dns_config_service_win.cc(665)] Failed to read DnsConfig.
[0402/152915:WARNING:dns_config_service_win.cc(665)] Failed to read DnsConfig.
[0402/152916:WARNING:dns_config_service_win.cc(665)] Failed to read DnsConfig.
[0402/152916:WARNING:dns_config_service_win.cc(665)] Failed to read DnsConfig.
[0402/152920:WARNING:dns_config_service_win.cc(665)] Failed to read DnsConfig.
[0402/152920:WARNING:dns_config_service_win.cc(665)] Failed to read DnsConfig.
[0402/152921:WARNING:dns_config_service_win.cc(665)] Failed to read DnsConfig.
[0402/152921:WARNING:dns_config_service_win.cc(665)] Failed to read DnsConfig.
[0402/152925:WARNING:dns_config_service_win.cc(665)] Failed to read DnsConfig.
[0402/152925:WARNING:dns_config_service_win.cc(665)] Failed to read DnsConfig.
[0402/152926:WARNING:dns_config_service_win.cc(665)] Failed to read DnsConfig.
[0402/152926:WARNING:dns_config_service_win.cc(665)] Failed to read DnsConfig.
[0402/152930:WARNING:dns_config_service_win.cc(665)] Failed to read DnsConfig.
[0402/152930:WARNING:dns_config_service_win.cc(665)] Failed to read DnsConfig.
[0402/152931:WARNING:dns_config_service_win.cc(665)] Failed to read DnsConfig.
[0402/152931:WARNING:dns_config_service_win.cc(665)] Failed to read DnsConfig.
[0402/152935:WARNING:dns_config_service_win.cc(665)] Failed to read DnsConfig.
[0402/152935:WARNING:dns_config_service_win.cc(665)] Failed to read DnsConfig.
[0402/152936:WARNING:dns_config_service_win.cc(665)] Failed to read DnsConfig.
[0402/152936:WARNING:dns_config_service_win.cc(665)] Failed to read DnsConfig.
[0402/152940:WARNING:dns_config_service_win.cc(665)] Failed to read DnsConfig.
[0402/152940:WARNING:dns_config_service_win.cc(665)] Failed to read DnsConfig.
[0402/152941:WARNING:dns_config_service_win.cc(665)] Failed to read DnsConfig.
[0402/152941:WARNING:dns_config_service_win.cc(665)] Failed to read DnsConfig.
[0402/152945:WARNING:dns_config_service_win.cc(665)] Failed to read DnsConfig.
[0402/152945:WARNING:dns_config_service_win.cc(665)] Failed to read DnsConfig.
[0402/152946:WARNING:dns_config_service_win.cc(665)] Failed to read DnsConfig.
[0402/152946:WARNING:dns_config_service_win.cc(665)] Failed to read DnsConfig.
[0402/152950:WARNING:dns_config_service_win.cc(665)] Failed to read DnsConfig.
[0402/152950:WARNING:dns_config_service_win.cc(665)] Failed to read DnsConfig.
[0402/152951:WARNING:dns_config_service_win.cc(665)] Failed to read DnsConfig.
[0402/152951:WARNING:dns_config_service_win.cc(665)] Failed to read DnsConfig.
[0402/152955:WARNING:dns_config_service_win.cc(665)] Failed to read DnsConfig.
[0402/152955:WARNING:dns_config_service_win.cc(665)] Failed to read DnsConfig.
[0402/152956:WARNING:dns_config_service_win.cc(665)] Failed to read DnsConfig.
[0402/152956:WARNING:dns_config_service_win.cc(665)] Failed to read DnsConfig.
[0402/152956:WARNING:dns_config_service_win.cc(665)] Failed to read DnsConfig.
[0402/152956:WARNING:dns_config_service_win.cc(665)] Failed to read DnsConfig.
[0402/153000:WARNING:dns_config_service_win.cc(665)] Failed to read DnsConfig.
[0402/153000:WARNING:dns_config_service_win.cc(665)] Failed to read DnsConfig.
[0402/153001:WARNING:dns_config_service_win.cc(665)] Failed to read DnsConfig.
[0402/153001:WARNING:dns_config_service_win.cc(665)] Failed to read DnsConfig.
[0402/153001:WARNING:dns_config_service_win.cc(665)] Failed to read DnsConfig.
[0402/153001:WARNING:dns_config_service_win.cc(665)] Failed to read DnsConfig.
[0402/153002:WARNING:dns_config_service_win.cc(665)] Failed to read DnsConfig.
[0402/153003:WARNING:dns_config_service_win.cc(665)] Failed to read DnsConfig.
[0402/153003:WARNING:dns_config_service_win.cc(665)] Failed to read DnsConfig.
[0402/153003:WARNING:dns_config_service_win.cc(665)] Failed to read DnsConfig.
[0402/153005:WARNING:dns_config_service_win.cc(665)] Failed to read DnsConfig.
[0402/153005:WARNING:dns_config_service_win.cc(665)] Failed to read DnsConfig.
[0402/153006:WARNING:dns_config_service_win.cc(665)] Failed to read DnsConfig.
[0402/153006:WARNING:dns_config_service_win.cc(665)] Failed to read DnsConfig.
[0402/153006:WARNING:dns_config_service_win.cc(665)] Failed to read DnsConfig.
[0402/153006:WARNING:dns_config_service_win.cc(665)] Failed to read DnsConfig.
[0402/153007:WARNING:dns_config_service_win.cc(665)] Failed to read DnsConfig.
[0402/153007:WARNING:dns_config_service_win.cc(665)] Failed to read DnsConfig.
[0402/153007:WARNING:dns_config_service_win.cc(665)] Failed to read DnsConfig.
[0402/153008:WARNING:dns_config_service_win.cc(665)] Failed to read DnsConfig.
[0402/153008:WARNING:dns_config_service_win.cc(665)] Failed to read DnsConfig.
[0402/153008:WARNING:dns_config_service_win.cc(665)] Failed to read DnsConfig.
[0402/153010:WARNING:dns_config_service_win.cc(665)] Failed to read DnsConfig.
[0402/153010:WARNING:dns_config_service_win.cc(665)] Failed to read DnsConfig.
[0402/153011:WARNING:dns_config_service_win.cc(665)] Failed to read DnsConfig.
[0402/153011:WARNING:dns_config_service_win.cc(665)] Failed to read DnsConfig.
[0402/153011:WARNING:dns_config_service_win.cc(665)] Failed to read DnsConfig.
[0402/153011:WARNING:dns_config_service_win.cc(665)] Failed to read DnsConfig.
[0402/153012:WARNING:dns_config_service_win.cc(665)] Failed to read DnsConfig.
[0402/153012:WARNING:dns_config_service_win.cc(665)] Failed to read DnsConfig.
[0402/153012:WARNING:dns_config_service_win.cc(665)] Failed to read DnsConfig.
[0402/153013:WARNING:dns_config_service_win.cc(665)] Failed to read DnsConfig.
[0402/153013:WARNING:dns_config_service_win.cc(665)] Failed to read DnsConfig.
[0402/153013:WARNING:dns_config_service_win.cc(665)] Failed to read DnsConfig.
[0402/153333:WARNING:dns_config_service_win.cc(665)] Failed to read DnsConfig.
[0402/153333:WARNING:dns_config_service_win.cc(665)] Failed to read DnsConfig.
[0402/153333:WARNING:dns_config_service_win.cc(665)] Failed to read DnsConfig.
[0402/153333:WARNING:dns_config_service_win.cc(665)] Failed to read DnsConfig.
[0402/153333:WARNING:dns_config_service_win.cc(665)] Failed to read DnsConfig.
[0402/153333:WARNING:dns_config_service_win.cc(665)] Failed to read DnsConfig.
[0402/153333:WARNING:dns_config_service_win.cc(665)] Failed to read DnsConfig.
[0402/153338:WARNING:dns_config_service_win.cc(665)] Failed to read DnsConfig.
[0402/153338:WARNING:dns_config_service_win.cc(665)] Failed to read DnsConfig.
[0402/153338:WARNING:dns_config_service_win.cc(665)] Failed to read DnsConfig.
[0402/153338:WARNING:dns_config_service_win.cc(665)] Failed to read DnsConfig.
[0402/153338:WARNING:dns_config_service_win.cc(665)] Failed to read DnsConfig.
[0402/153338:WARNING:dns_config_service_win.cc(665)] Failed to read DnsConfig.
[0402/153338:WARNING:dns_config_service_win.cc(665)] Failed to read DnsConfig.
[0402/153343:WARNING:dns_config_service_win.cc(665)] Failed to read DnsConfig.
[0402/153343:WARNING:dns_config_service_win.cc(665)] Failed to read DnsConfig.
[0402/153343:WARNING:dns_config_service_win.cc(665)] Failed to read DnsConfig.
[0402/153343:WARNING:dns_config_service_win.cc(665)] Failed to read DnsConfig.
[0402/153343:WARNING:dns_config_service_win.cc(665)] Failed to read DnsConfig.
[0402/153343:WARNING:dns_config_service_win.cc(665)] Failed to read DnsConfig.
[0402/153343:WARNING:dns_config_service_win.cc(665)] Failed to read DnsConfig.
[0402/153344:WARNING:dns_config_service_win.cc(665)] Failed to read DnsConfig.
[0402/153346:WARNING:dns_config_service_win.cc(665)] Failed to read DnsConfig.
[0402/153348:WARNING:dns_config_service_win.cc(665)] Failed to read DnsConfig.
[0402/153348:WARNING:dns_config_service_win.cc(665)] Failed to read DnsConfig.
[0402/153348:WARNING:dns_config_service_win.cc(665)] Failed to read DnsConfig.
[0402/153348:WARNING:dns_config_service_win.cc(665)] Failed to read DnsConfig.
[0402/153348:WARNING:dns_config_service_win.cc(665)] Failed to read DnsConfig.
[0402/153348:WARNING:dns_config_service_win.cc(665)] Failed to read DnsConfig.
[0402/153348:WARNING:dns_config_service_win.cc(665)] Failed to read DnsConfig.
[0402/153349:WARNING:dns_config_service_win.cc(665)] Failed to read DnsConfig.
[0402/153351:WARNING:dns_config_service_win.cc(665)] Failed to read DnsConfig.
[0402/153353:WARNING:dns_config_service_win.cc(665)] Failed to read DnsConfig.
[0402/153353:WARNING:dns_config_service_win.cc(665)] Failed to read DnsConfig.
[0402/153353:WARNING:dns_config_service_win.cc(665)] Failed to read DnsConfig.
[0402/153353:WARNING:dns_config_service_win.cc(665)] Failed to read DnsConfig.
[0402/153353:WARNING:dns_config_service_win.cc(665)] Failed to read DnsConfig.
[0402/153353:WARNING:dns_config_service_win.cc(665)] Failed to read DnsConfig.
[0402/153353:WARNING:dns_config_service_win.cc(665)] Failed to read DnsConfig.
[0402/153354:WARNING:dns_config_service_win.cc(665)] Failed to read DnsConfig.
[0402/153355:WARNING:dns_config_service_win.cc(665)] Failed to read DnsConfig.
[0402/153355:WARNING:dns_config_service_win.cc(665)] Failed to read DnsConfig.
[0402/153356:WARNING:dns_config_service_win.cc(665)] Failed to read DnsConfig.
[0402/153356:WARNING:dns_config_service_win.cc(665)] Failed to read DnsConfig.
[0402/153358:WARNING:dns_config_service_win.cc(665)] Failed to read DnsConfig.
[0402/153358:WARNING:dns_config_service_win.cc(665)] Failed to read DnsConfig.
[0402/153358:WARNING:dns_config_service_win.cc(665)] Failed to read DnsConfig.
[0402/153358:WARNING:dns_config_service_win.cc(665)] Failed to read DnsConfig.
[0402/153358:WARNING:dns_config_service_win.cc(665)] Failed to read DnsConfig.
[0402/153358:WARNING:dns_config_service_win.cc(665)] Failed to read DnsConfig.
[0402/153358:WARNING:dns_config_service_win.cc(665)] Failed to read DnsConfig.
[0402/153359:WARNING:dns_config_service_win.cc(665)] Failed to read DnsConfig.
[0402/153400:WARNING:dns_config_service_win.cc(665)] Failed to read DnsConfig.
[0402/153400:WARNING:dns_config_service_win.cc(665)] Failed to read DnsConfig.
[0402/153401:WARNING:dns_config_service_win.cc(665)] Failed to read DnsConfig.
[0402/153401:WARNING:dns_config_service_win.cc(665)] Failed to read DnsConfig.
[0402/153403:WARNING:dns_config_service_win.cc(665)] Failed to read DnsConfig.
[0402/153403:WARNING:dns_config_service_win.cc(665)] Failed to read DnsConfig.
[0402/153403:WARNING:dns_config_service_win.cc(665)] Failed to read DnsConfig.
[0402/153403:WARNING:dns_config_service_win.cc(665)] Failed to read DnsConfig.
[0402/153403:WARNING:dns_config_service_win.cc(665)] Failed to read DnsConfig.
[0402/153403:WARNING:dns_config_service_win.cc(665)] Failed to read DnsConfig.
[0402/153403:WARNING:dns_config_service_win.cc(665)] Failed to read DnsConfig.
[0402/153404:WARNING:dns_config_service_win.cc(665)] Failed to read DnsConfig.
[0402/153404:WARNING:dns_config_service_win.cc(665)] Failed to read DnsConfig.
[0402/153405:WARNING:dns_config_service_win.cc(665)] Failed to read DnsConfig.
[0402/153405:WARNING:dns_config_service_win.cc(665)] Failed to read DnsConfig.
[0402/153406:WARNING:dns_config_service_win.cc(665)] Failed to read DnsConfig.
[0402/153406:WARNING:dns_config_service_win.cc(665)] Failed to read DnsConfig.
[0402/153408:WARNING:dns_config_service_win.cc(665)] Failed to read DnsConfig.
[0402/153408:WARNING:dns_config_service_win.cc(665)] Failed to read DnsConfig.
[0402/153408:WARNING:dns_config_service_win.cc(665)] Failed to read DnsConfig.
[0402/153408:WARNING:dns_config_service_win.cc(665)] Failed to read DnsConfig.
[0402/153408:WARNING:dns_config_service_win.cc(665)] Failed to read DnsConfig.
[0402/153408:WARNING:dns_config_service_win.cc(665)] Failed to read DnsConfig.
[0402/153408:WARNING:dns_config_service_win.cc(665)] Failed to read DnsConfig.
[0402/153409:WARNING:dns_config_service_win.cc(665)] Failed to read DnsConfig.
[0402/153409:WARNING:dns_config_service_win.cc(665)] Failed to read DnsConfig.
[0402/153410:WARNING:dns_config_service_win.cc(665)] Failed to read DnsConfig.
[0402/153410:WARNING:dns_config_service_win.cc(665)] Failed to read DnsConfig.
[0402/153411:WARNING:dns_config_service_win.cc(665)] Failed to read DnsConfig.
[0402/153411:WARNING:dns_config_service_win.cc(665)] Failed to read DnsConfig.
[0402/153413:WARNING:dns_config_service_win.cc(665)] Failed to read DnsConfig.
[0402/153413:WARNING:dns_config_service_win.cc(665)] Failed to read DnsConfig.
[0402/153413:WARNING:dns_config_service_win.cc(665)] Failed to read DnsConfig.
[0402/153413:WARNING:dns_config_service_win.cc(665)] Failed to read DnsConfig.
[0402/153413:WARNING:dns_config_service_win.cc(665)] Failed to read DnsConfig.
[0402/153413:WARNING:dns_config_service_win.cc(665)] Failed to read DnsConfig.
[0402/153414:WARNING:dns_config_service_win.cc(665)] Failed to read DnsConfig.
[0402/153414:WARNING:dns_config_service_win.cc(665)] Failed to read DnsConfig.
[0402/153414:WARNING:dns_config_service_win.cc(665)] Failed to read DnsConfig.
[0402/153415:WARNING:dns_config_service_win.cc(665)] Failed to read DnsConfig.
[0402/153415:WARNING:dns_config_service_win.cc(665)] Failed to read DnsConfig.
[0402/153416:WARNING:dns_config_service_win.cc(665)] Failed to read DnsConfig.
[0402/153416:WARNING:dns_config_service_win.cc(665)] Failed to read DnsConfig.
[0402/153416:WARNING:dns_config_service_win.cc(665)] Failed to read DnsConfig.
[0402/153418:WARNING:dns_config_service_win.cc(665)] Failed to read DnsConfig.
[0402/153418:WARNING:dns_config_service_win.cc(665)] Failed to read DnsConfig.
[0402/153418:WARNING:dns_config_service_win.cc(665)] Failed to read DnsConfig.
[0402/153418:WARNING:dns_config_service_win.cc(665)] Failed to read DnsConfig.
[0402/153418:WARNING:dns_config_service_win.cc(665)] Failed to read DnsConfig.
[0402/153418:WARNING:dns_config_service_win.cc(665)] Failed to read DnsConfig.
[0402/153419:WARNING:dns_config_service_win.cc(665)] Failed to read DnsConfig.
[0402/153419:WARNING:dns_config_service_win.cc(665)] Failed to read DnsConfig.
[0402/153419:WARNING:dns_config_service_win.cc(665)] Failed to read DnsConfig.
[0402/153420:WARNING:dns_config_service_win.cc(665)] Failed to read DnsConfig.
[0402/153420:WARNING:dns_config_service_win.cc(665)] Failed to read DnsConfig.
[0402/153421:WARNING:dns_config_service_win.cc(665)] Failed to read DnsConfig.
[0402/153421:WARNING:dns_config_service_win.cc(665)] Failed to read DnsConfig.
[0402/153421:WARNING:dns_config_service_win.cc(665)] Failed to read DnsConfig.
[0402/153423:WARNING:dns_config_service_win.cc(665)] Failed to read DnsConfig.
[0402/153423:WARNING:dns_config_service_win.cc(665)] Failed to read DnsConfig.
[0402/153423:WARNING:dns_config_service_win.cc(665)] Failed to read DnsConfig.
[0402/153423:WARNING:dns_config_service_win.cc(665)] Failed to read DnsConfig.
[0402/153423:WARNING:dns_config_service_win.cc(665)] Failed to read DnsConfig.
[0402/153423:WARNING:dns_config_service_win.cc(665)] Failed to read DnsConfig.
[0402/153424:WARNING:dns_config_service_win.cc(665)] Failed to read DnsConfig.
[0402/153424:WARNING:dns_config_service_win.cc(665)] Failed to read DnsConfig.
[0402/153424:WARNING:dns_config_service_win.cc(665)] Failed to read DnsConfig.
[0402/153425:WARNING:dns_config_service_win.cc(665)] Failed to read DnsConfig.
[0402/153425:WARNING:dns_config_service_win.cc(665)] Failed to read DnsConfig.
[0402/153426:WARNING:dns_config_service_win.cc(665)] Failed to read DnsConfig.
[0402/153426:WARNING:dns_config_service_win.cc(665)] Failed to read DnsConfig.
[0402/153426:WARNING:dns_config_service_win.cc(665)] Failed to read DnsConfig.
[0402/153428:WARNING:dns_config_service_win.cc(665)] Failed to read DnsConfig.
[0402/153428:WARNING:dns_config_service_win.cc(665)] Failed to read DnsConfig.
[0402/153428:WARNING:dns_config_service_win.cc(665)] Failed to read DnsConfig.
[0402/153428:WARNING:dns_config_service_win.cc(665)] Failed to read DnsConfig.
[0402/153428:WARNING:dns_config_service_win.cc(665)] Failed to read DnsConfig.
[0402/153428:WARNING:dns_config_service_win.cc(665)] Failed to read DnsConfig.
[0402/153429:WARNING:dns_config_service_win.cc(665)] Failed to read DnsConfig.
[0402/153429:WARNING:dns_config_service_win.cc(665)] Failed to read DnsConfig.
[0402/153429:WARNING:dns_config_service_win.cc(665)] Failed to read DnsConfig.
[0402/153430:WARNING:dns_config_service_win.cc(665)] Failed to read DnsConfig.
[0402/153430:WARNING:dns_config_service_win.cc(665)] Failed to read DnsConfig.
[0402/153431:WARNING:dns_config_service_win.cc(665)] Failed to read DnsConfig.
[0402/153431:WARNING:dns_config_service_win.cc(665)] Failed to read DnsConfig.
[0402/153431:WARNING:dns_config_service_win.cc(665)] Failed to read DnsConfig.
[0402/153433:WARNING:dns_config_service_win.cc(665)] Failed to read DnsConfig.
[0402/153433:WARNING:dns_config_service_win.cc(665)] Failed to read DnsConfig.
[0402/153433:WARNING:dns_config_service_win.cc(665)] Failed to read DnsConfig.
[0402/153433:WARNING:dns_config_service_win.cc(665)] Failed to read DnsConfig.
[0402/153433:WARNING:dns_config_service_win.cc(665)] Failed to read DnsConfig.
[0402/153433:WARNING:dns_config_service_win.cc(665)] Failed to read DnsConfig.
[0402/153434:WARNING:dns_config_service_win.cc(665)] Failed to read DnsConfig.
[0402/153434:WARNING:dns_config_service_win.cc(665)] Failed to read DnsConfig.
[0402/153434:WARNING:dns_config_service_win.cc(665)] Failed to read DnsConfig.
[0402/153434:WARNING:dns_config_service_win.cc(665)] Failed to read DnsConfig.
[0402/153435:WARNING:dns_config_service_win.cc(665)] Failed to read DnsConfig.
[0402/153435:WARNING:dns_config_service_win.cc(665)] Failed to read DnsConfig.
[0402/153436:WARNING:dns_config_service_win.cc(665)] Failed to read DnsConfig.
[0402/153436:WARNING:dns_config_service_win.cc(665)] Failed to read DnsConfig.
[0402/153436:WARNING:dns_config_service_win.cc(665)] Failed to read DnsConfig.
[0402/153436:WARNING:dns_config_service_win.cc(665)] Failed to read DnsConfig.
[0402/153436:WARNING:dns_config_service_win.cc(665)] Failed to read DnsConfig.
[0402/153439:WARNING:dns_config_service_win.cc(665)] Failed to read DnsConfig.
[0402/153439:WARNING:dns_config_service_win.cc(665)] Failed to read DnsConfig.
[0402/153440:WARNING:dns_config_service_win.cc(665)] Failed to read DnsConfig.
[0402/153440:WARNING:dns_config_service_win.cc(665)] Failed to read DnsConfig.
[0402/153440:WARNING:dns_config_service_win.cc(665)] Failed to read DnsConfig.
[0402/153441:WARNING:dns_config_service_win.cc(665)] Failed to read DnsConfig.
[0402/153441:WARNING:dns_config_service_win.cc(665)] Failed to read DnsConfig.
[0402/153441:WARNING:dns_config_service_win.cc(665)] Failed to read DnsConfig.
[0402/153441:WARNING:dns_config_service_win.cc(665)] Failed to read DnsConfig.
[0402/153441:WARNING:dns_config_service_win.cc(665)] Failed to read DnsConfig.
[0402/154242:WARNING:dns_config_service_win.cc(665)] Failed to read DnsConfig.
[0402/154247:WARNING:dns_config_service_win.cc(665)] Failed to read DnsConfig.
[0402/154252:WARNING:dns_config_service_win.cc(665)] Failed to read DnsConfig.
[0402/154256:WARNING:dns_config_service_win.cc(665)] Failed to read DnsConfig.
[0402/154257:WARNING:dns_config_service_win.cc(665)] Failed to read DnsConfig.
[0402/154300:WARNING:dns_config_service_win.cc(665)] Failed to read DnsConfig.
[0402/154301:WARNING:dns_config_service_win.cc(665)] Failed to read DnsConfig.
[0402/154302:WARNING:dns_config_service_win.cc(665)] Failed to read DnsConfig.
[0402/154305:WARNING:dns_config_service_win.cc(665)] Failed to read DnsConfig.
[0402/154306:WARNING:dns_config_service_win.cc(665)] Failed to read DnsConfig.
[0402/154307:WARNING:dns_config_service_win.cc(665)] Failed to read DnsConfig.
[0402/154310:WARNING:dns_config_service_win.cc(665)] Failed to read DnsConfig.
[0402/154311:WARNING:dns_config_service_win.cc(665)] Failed to read DnsConfig.
[0402/154312:WARNING:dns_config_service_win.cc(665)] Failed to read DnsConfig.
[0402/154352:WARNING:dns_config_service_win.cc(665)] Failed to read DnsConfig.
[0402/154357:WARNING:dns_config_service_win.cc(665)] Failed to read DnsConfig.
[0402/154402:WARNING:dns_config_service_win.cc(665)] Failed to read DnsConfig.
[0402/161428:INFO:CONSOLE(0)] "The source list for Content Security Policy directive 'script-src' contains an invalid source: ''report-sample''. It will be ignored.", source: https://www.altium.com/ad-start (0)
[0402/161428:INFO:CONSOLE(0)] "The source list for Content Security Policy directive 'style-src' contains an invalid source: ''report-sample''. It will be ignored.", source: https://www.altium.com/ad-start (0)
[0402/161428:INFO:CONSOLE(0)] "Unrecognized Content-Security-Policy directive 'worker-src'.
", source: https://www.altium.com/ad-start (0)
[0402/162625:WARNING:dns_config_service_win.cc(665)] Failed to read DnsConfig.
[0402/162630:WARNING:dns_config_service_win.cc(665)] Failed to read DnsConfig.
[0402/162635:WARNING:dns_config_service_win.cc(665)] Failed to read DnsConfig.
[0402/162640:WARNING:dns_config_service_win.cc(665)] Failed to read DnsConfig.
[0402/162645:WARNING:dns_config_service_win.cc(665)] Failed to read DnsConfig.
[0402/162650:WARNING:dns_config_service_win.cc(665)] Failed to read DnsConfig.
[0402/162655:WARNING:dns_config_service_win.cc(665)] Failed to read DnsConfig.
[0402/162700:WARNING:dns_config_service_win.cc(665)] Failed to read DnsConfig.
[0402/162705:WARNING:dns_config_service_win.cc(665)] Failed to read DnsConfig.
[0402/162710:WARNING:dns_config_service_win.cc(665)] Failed to read DnsConfig.
[0402/162715:WARNING:dns_config_service_win.cc(665)] Failed to read DnsConfig.
[0402/162720:WARNING:dns_config_service_win.cc(665)] Failed to read DnsConfig.
[0402/162725:WARNING:dns_config_service_win.cc(665)] Failed to read DnsConfig.
[0402/162730:WARNING:dns_config_service_win.cc(665)] Failed to read DnsConfig.
[0402/162735:WARNING:dns_config_service_win.cc(665)] Failed to read DnsConfig.
[0402/162740:WARNING:dns_config_service_win.cc(665)] Failed to read DnsConfig.
[0402/162745:WARNING:dns_config_service_win.cc(665)] Failed to read DnsConfig.
[0402/162748:WARNING:dns_config_service_win.cc(665)] Failed to read DnsConfig.
[0402/162750:WARNING:dns_config_service_win.cc(665)] Failed to read DnsConfig.
[0402/162753:WARNING:dns_config_service_win.cc(665)] Failed to read DnsConfig.
[0402/162755:WARNING:dns_config_service_win.cc(665)] Failed to read DnsConfig.
[0402/162758:WARNING:dns_config_service_win.cc(665)] Failed to read DnsConfig.
[0402/162800:WARNING:dns_config_service_win.cc(665)] Failed to read DnsConfig.
[0402/162803:WARNING:dns_config_service_win.cc(665)] Failed to read DnsConfig.
[0402/162805:WARNING:dns_config_service_win.cc(665)] Failed to read DnsConfig.
[0402/162808:WARNING:dns_config_service_win.cc(665)] Failed to read DnsConfig.
[0402/162810:WARNING:dns_config_service_win.cc(665)] Failed to read DnsConfig.
[0402/162813:WARNING:dns_config_service_win.cc(665)] Failed to read DnsConfig.
[0402/162815:WARNING:dns_config_service_win.cc(665)] Failed to read DnsConfig.
[0402/162818:WARNING:dns_config_service_win.cc(665)] Failed to read DnsConfig.
[0402/162820:WARNING:dns_config_service_win.cc(665)] Failed to read DnsConfig.
[0402/162823:WARNING:dns_config_service_win.cc(665)] Failed to read DnsConfig.
[0402/162825:WARNING:dns_config_service_win.cc(665)] Failed to read DnsConfig.
[0402/162828:WARNING:dns_config_service_win.cc(665)] Failed to read DnsConfig.
[0402/162830:WARNING:dns_config_service_win.cc(665)] Failed to read DnsConfig.
[0402/162833:WARNING:dns_config_service_win.cc(665)] Failed to read DnsConfig.
[0402/162835:WARNING:dns_config_service_win.cc(665)] Failed to read DnsConfig.
[0402/162838:WARNING:dns_config_service_win.cc(665)] Failed to read DnsConfig.
[0402/162840:WARNING:dns_config_service_win.cc(665)] Failed to read DnsConfig.
[0402/162843:WARNING:dns_config_service_win.cc(665)] Failed to read DnsConfig.
[0402/162845:WARNING:dns_config_service_win.cc(665)] Failed to read DnsConfig.
[0402/162848:WARNING:dns_config_service_win.cc(665)] Failed to read DnsConfig.
[0402/162850:WARNING:dns_config_service_win.cc(665)] Failed to read DnsConfig.
[0402/162853:WARNING:dns_config_service_win.cc(665)] Failed to read DnsConfig.
[0402/162855:WARNING:dns_config_service_win.cc(665)] Failed to read DnsConfig.
[0402/162858:WARNING:dns_config_service_win.cc(665)] Failed to read DnsConfig.
[0402/162900:WARNING:dns_config_service_win.cc(665)] Failed to read DnsConfig.
[0402/162903:WARNING:dns_config_service_win.cc(665)] Failed to read DnsConfig.
[0402/162905:WARNING:dns_config_service_win.cc(665)] Failed to read DnsConfig.
[0402/162908:WARNING:dns_config_service_win.cc(665)] Failed to read DnsConfig.
[0402/162910:WARNING:dns_config_service_win.cc(665)] Failed to read DnsConfig.
[0402/162913:WARNING:dns_config_service_win.cc(665)] Failed to read DnsConfig.
[0402/162915:WARNING:dns_config_service_win.cc(665)] Failed to read DnsConfig.
[0402/162918:WARNING:dns_config_service_win.cc(665)] Failed to read DnsConfig.
[0402/162920:WARNING:dns_config_service_win.cc(665)] Failed to read DnsConfig.
[0402/162923:WARNING:dns_config_service_win.cc(665)] Failed to read DnsConfig.
[0402/162925:WARNING:dns_config_service_win.cc(665)] Failed to read DnsConfig.
[0402/162928:WARNING:dns_config_service_win.cc(665)] Failed to read DnsConfig.
[0402/162930:WARNING:dns_config_service_win.cc(665)] Failed to read DnsConfig.
[0402/162934:WARNING:dns_config_service_win.cc(665)] Failed to read DnsConfig.
[0402/162935:WARNING:dns_config_service_win.cc(665)] Failed to read DnsConfig.
[0402/162939:WARNING:dns_config_service_win.cc(665)] Failed to read DnsConfig.
[0402/162940:WARNING:dns_config_service_win.cc(665)] Failed to read DnsConfig.
[0402/162944:WARNING:dns_config_service_win.cc(665)] Failed to read DnsConfig.
[0402/162945:WARNING:dns_config_service_win.cc(665)] Failed to read DnsConfig.
[0402/162949:WARNING:dns_config_service_win.cc(665)] Failed to read DnsConfig.
[0402/162950:WARNING:dns_config_service_win.cc(665)] Failed to read DnsConfig.
[0402/162954:WARNING:dns_config_service_win.cc(665)] Failed to read DnsConfig.
[0402/162955:WARNING:dns_config_service_win.cc(665)] Failed to read DnsConfig.
[0402/162959:WARNING:dns_config_service_win.cc(665)] Failed to read DnsConfig.
[0402/163000:WARNING:dns_config_service_win.cc(665)] Failed to read DnsConfig.
[0402/163004:WARNING:dns_config_service_win.cc(665)] Failed to read DnsConfig.
[0402/163005:WARNING:dns_config_service_win.cc(665)] Failed to read DnsConfig.
[0402/163009:WARNING:dns_config_service_win.cc(665)] Failed to read DnsConfig.
[0402/163010:WARNING:dns_config_service_win.cc(665)] Failed to read DnsConfig.
[0402/163014:WARNING:dns_config_service_win.cc(665)] Failed to read DnsConfig.
[0402/163015:WARNING:dns_config_service_win.cc(665)] Failed to read DnsConfig.
[0402/163019:WARNING:dns_config_service_win.cc(665)] Failed to read DnsConfig.
[0402/163020:WARNING:dns_config_service_win.cc(665)] Failed to read DnsConfig.
[0402/163024:WARNING:dns_config_service_win.cc(665)] Failed to read DnsConfig.
[0402/163025:WARNING:dns_config_service_win.cc(665)] Failed to read DnsConfig.
[0402/163029:WARNING:dns_config_service_win.cc(665)] Failed to read DnsConfig.
[0402/163030:WARNING:dns_config_service_win.cc(665)] Failed to read DnsConfig.
[0402/163034:WARNING:dns_config_service_win.cc(665)] Failed to read DnsConfig.
[0402/163035:WARNING:dns_config_service_win.cc(665)] Failed to read DnsConfig.
[0402/163039:WARNING:dns_config_service_win.cc(665)] Failed to read DnsConfig.
[0402/163040:WARNING:dns_config_service_win.cc(665)] Failed to read DnsConfig.
[0402/163044:WARNING:dns_config_service_win.cc(665)] Failed to read DnsConfig.
[0402/163045:WARNING:dns_config_service_win.cc(665)] Failed to read DnsConfig.
[0402/163049:WARNING:dns_config_service_win.cc(665)] Failed to read DnsConfig.
[0402/163050:WARNING:dns_config_service_win.cc(665)] Failed to read DnsConfig.
[0402/163054:WARNING:dns_config_service_win.cc(665)] Failed to read DnsConfig.
[0402/163055:WARNING:dns_config_service_win.cc(665)] Failed to read DnsConfig.
[0402/163059:WARNING:dns_config_service_win.cc(665)] Failed to read DnsConfig.
[0402/163100:WARNING:dns_config_service_win.cc(665)] Failed to read DnsConfig.
[0402/163104:WARNING:dns_config_service_win.cc(665)] Failed to read DnsConfig.
[0402/163105:WARNING:dns_config_service_win.cc(665)] Failed to read DnsConfig.
[0402/163109:WARNING:dns_config_service_win.cc(665)] Failed to read DnsConfig.
[0402/163110:WARNING:dns_config_service_win.cc(665)] Failed to read DnsConfig.
[0402/163114:WARNING:dns_config_service_win.cc(665)] Failed to read DnsConfig.
[0402/163115:WARNING:dns_config_service_win.cc(665)] Failed to read DnsConfig.
[0402/163119:WARNING:dns_config_service_win.cc(665)] Failed to read DnsConfig.
[0402/163120:WARNING:dns_config_service_win.cc(665)] Failed to read DnsConfig.
[0402/163124:WARNING:dns_config_service_win.cc(665)] Failed to read DnsConfig.
[0402/163125:WARNING:dns_config_service_win.cc(665)] Failed to read DnsConfig.
[0402/163129:WARNING:dns_config_service_win.cc(665)] Failed to read DnsConfig.
[0402/163130:WARNING:dns_config_service_win.cc(665)] Failed to read DnsConfig.
[0402/163134:WARNING:dns_config_service_win.cc(665)] Failed to read DnsConfig.
[0402/163135:WARNING:dns_config_service_win.cc(665)] Failed to read DnsConfig.
[0402/163139:WARNING:dns_config_service_win.cc(665)] Failed to read DnsConfig.
[0402/163140:WARNING:dns_config_service_win.cc(665)] Failed to read DnsConfig.
[0402/163144:WARNING:dns_config_service_win.cc(665)] Failed to read DnsConfig.
[0402/163145:WARNING:dns_config_service_win.cc(665)] Failed to read DnsConfig.
[0402/163149:WARNING:dns_config_service_win.cc(665)] Failed to read DnsConfig.
[0402/163150:WARNING:dns_config_service_win.cc(665)] Failed to read DnsConfig.
[0402/163154:WARNING:dns_config_service_win.cc(665)] Failed to read DnsConfig.
[0402/163155:WARNING:dns_config_service_win.cc(665)] Failed to read DnsConfig.
[0402/163158:WARNING:dns_config_service_win.cc(665)] Failed to read DnsConfig.
[0402/163159:WARNING:dns_config_service_win.cc(665)] Failed to read DnsConfig.
[0402/163200:WARNING:dns_config_service_win.cc(665)] Failed to read DnsConfig.
[0402/163203:WARNING:dns_config_service_win.cc(665)] Failed to read DnsConfig.
[0402/163204:WARNING:dns_config_service_win.cc(665)] Failed to read DnsConfig.
[0402/163205:WARNING:dns_config_service_win.cc(665)] Failed to read DnsConfig.
[0402/163208:WARNING:dns_config_service_win.cc(665)] Failed to read DnsConfig.
[0402/163209:WARNING:dns_config_service_win.cc(665)] Failed to read DnsConfig.
[0402/163210:WARNING:dns_config_service_win.cc(665)] Failed to read DnsConfig.
[0402/163213:WARNING:dns_config_service_win.cc(665)] Failed to read DnsConfig.
[0402/163214:WARNING:dns_config_service_win.cc(665)] Failed to read DnsConfig.
[0402/163215:WARNING:dns_config_service_win.cc(665)] Failed to read DnsConfig.
[0402/163219:WARNING:dns_config_service_win.cc(665)] Failed to read DnsConfig.
[0402/163219:WARNING:dns_config_service_win.cc(665)] Failed to read DnsConfig.
[0402/163220:WARNING:dns_config_service_win.cc(665)] Failed to read DnsConfig.
[0402/163224:WARNING:dns_config_service_win.cc(665)] Failed to read DnsConfig.
[0402/163224:WARNING:dns_config_service_win.cc(665)] Failed to read DnsConfig.
[0402/163225:WARNING:dns_config_service_win.cc(665)] Failed to read DnsConfig.
[0402/163229:WARNING:dns_config_service_win.cc(665)] Failed to read DnsConfig.
[0402/163229:WARNING:dns_config_service_win.cc(665)] Failed to read DnsConfig.
[0402/163230:WARNING:dns_config_service_win.cc(665)] Failed to read DnsConfig.
[0402/163234:WARNING:dns_config_service_win.cc(665)] Failed to read DnsConfig.
[0402/163234:WARNING:dns_config_service_win.cc(665)] Failed to read DnsConfig.
[0402/163235:WARNING:dns_config_service_win.cc(665)] Failed to read DnsConfig.
[0402/163239:WARNING:dns_config_service_win.cc(665)] Failed to read DnsConfig.
[0402/163239:WARNING:dns_config_service_win.cc(665)] Failed to read DnsConfig.
[0402/163240:WARNING:dns_config_service_win.cc(665)] Failed to read DnsConfig.
[0402/163244:WARNING:dns_config_service_win.cc(665)] Failed to read DnsConfig.
[0402/163244:WARNING:dns_config_service_win.cc(665)] Failed to read DnsConfig.
[0402/163245:WARNING:dns_config_service_win.cc(665)] Failed to read DnsConfig.
[0402/163246:WARNING:dns_config_service_win.cc(665)] Failed to read DnsConfig.
[0402/163249:WARNING:dns_config_service_win.cc(665)] Failed to read DnsConfig.
[0402/163249:WARNING:dns_config_service_win.cc(665)] Failed to read DnsConfig.
[0402/163250:WARNING:dns_config_service_win.cc(665)] Failed to read DnsConfig.
[0402/163250:WARNING:dns_config_service_win.cc(665)] Failed to read DnsConfig.
[0402/163251:WARNING:dns_config_service_win.cc(665)] Failed to read DnsConfig.
[0402/163253:WARNING:dns_config_service_win.cc(665)] Failed to read DnsConfig.
[0402/163254:WARNING:dns_config_service_win.cc(665)] Failed to read DnsConfig.
[0402/163254:WARNING:dns_config_service_win.cc(665)] Failed to read DnsConfig.
[0402/163255:WARNING:dns_config_service_win.cc(665)] Failed to read DnsConfig.
[0402/163255:WARNING:dns_config_service_win.cc(665)] Failed to read DnsConfig.
[0402/163256:WARNING:dns_config_service_win.cc(665)] Failed to read DnsConfig.
[0402/163258:WARNING:dns_config_service_win.cc(665)] Failed to read DnsConfig.
[0402/163259:WARNING:dns_config_service_win.cc(665)] Failed to read DnsConfig.
[0402/163259:WARNING:dns_config_service_win.cc(665)] Failed to read DnsConfig.
[0402/163300:WARNING:dns_config_service_win.cc(665)] Failed to read DnsConfig.
[0402/163300:WARNING:dns_config_service_win.cc(665)] Failed to read DnsConfig.
[0402/163301:WARNING:dns_config_service_win.cc(665)] Failed to read DnsConfig.
[0402/163333:WARNING:dns_config_service_win.cc(665)] Failed to read DnsConfig.
[0402/163337:WARNING:dns_config_service_win.cc(665)] Failed to read DnsConfig.
[0402/163338:WARNING:dns_config_service_win.cc(665)] Failed to read DnsConfig.
[0402/163407:WARNING:dns_config_service_win.cc(665)] Failed to read DnsConfig.
[0402/163408:WARNING:dns_config_service_win.cc(665)] Failed to read DnsConfig.
[0402/163412:WARNING:dns_config_service_win.cc(665)] Failed to read DnsConfig.
[0402/163412:WARNING:dns_config_service_win.cc(665)] Failed to read DnsConfig.
[0402/163413:WARNING:dns_config_service_win.cc(665)] Failed to read DnsConfig.
[0402/163417:WARNING:dns_config_service_win.cc(665)] Failed to read DnsConfig.
[0402/163417:WARNING:dns_config_service_win.cc(665)] Failed to read DnsConfig.
[0402/163418:WARNING:dns_config_service_win.cc(665)] Failed to read DnsConfig.
[0402/163422:WARNING:dns_config_service_win.cc(665)] Failed to read DnsConfig.
[0402/163422:WARNING:dns_config_service_win.cc(665)] Failed to read DnsConfig.
[0402/163423:WARNING:dns_config_service_win.cc(665)] Failed to read DnsConfig.
[0402/163427:WARNING:dns_config_service_win.cc(665)] Failed to read DnsConfig.
[0402/163427:WARNING:dns_config_service_win.cc(665)] Failed to read DnsConfig.
[0402/163428:WARNING:dns_config_service_win.cc(665)] Failed to read DnsConfig.
[0402/163432:WARNING:dns_config_service_win.cc(665)] Failed to read DnsConfig.
[0402/163432:WARNING:dns_config_service_win.cc(665)] Failed to read DnsConfig.
[0402/163433:WARNING:dns_config_service_win.cc(665)] Failed to read DnsConfig.
[0402/163433:WARNING:dns_config_service_win.cc(665)] Failed to read DnsConfig.
[0402/163437:WARNING:dns_config_service_win.cc(665)] Failed to read DnsConfig.
[0402/163437:WARNING:dns_config_service_win.cc(665)] Failed to read DnsConfig.
[0402/163438:WARNING:dns_config_service_win.cc(665)] Failed to read DnsConfig.
[0402/163438:WARNING:dns_config_service_win.cc(665)] Failed to read DnsConfig.
[0402/163442:WARNING:dns_config_service_win.cc(665)] Failed to read DnsConfig.
[0402/163442:WARNING:dns_config_service_win.cc(665)] Failed to read DnsConfig.
[0402/163443:WARNING:dns_config_service_win.cc(665)] Failed to read DnsConfig.
[0402/163443:WARNING:dns_config_service_win.cc(665)] Failed to read DnsConfig.
[0402/163447:WARNING:dns_config_service_win.cc(665)] Failed to read DnsConfig.
[0402/163447:WARNING:dns_config_service_win.cc(665)] Failed to read DnsConfig.
[0402/163448:WARNING:dns_config_service_win.cc(665)] Failed to read DnsConfig.
[0402/163448:WARNING:dns_config_service_win.cc(665)] Failed to read DnsConfig.
[0402/163452:WARNING:dns_config_service_win.cc(665)] Failed to read DnsConfig.
[0402/163452:WARNING:dns_config_service_win.cc(665)] Failed to read DnsConfig.
[0402/163453:WARNING:dns_config_service_win.cc(665)] Failed to read DnsConfig.
[0402/163453:WARNING:dns_config_service_win.cc(665)] Failed to read DnsConfig.
[0402/163457:WARNING:dns_config_service_win.cc(665)] Failed to read DnsConfig.
[0402/163457:WARNING:dns_config_service_win.cc(665)] Failed to read DnsConfig.
[0402/163458:WARNING:dns_config_service_win.cc(665)] Failed to read DnsConfig.
[0402/163458:WARNING:dns_config_service_win.cc(665)] Failed to read DnsConfig.
[0402/163502:WARNING:dns_config_service_win.cc(665)] Failed to read DnsConfig.
[0402/163502:WARNING:dns_config_service_win.cc(665)] Failed to read DnsConfig.
[0402/163503:WARNING:dns_config_service_win.cc(665)] Failed to read DnsConfig.
[0402/163503:WARNING:dns_config_service_win.cc(665)] Failed to read DnsConfig.
[0402/163507:WARNING:dns_config_service_win.cc(665)] Failed to read DnsConfig.
[0402/163507:WARNING:dns_config_service_win.cc(665)] Failed to read DnsConfig.
[0402/163508:WARNING:dns_config_service_win.cc(665)] Failed to read DnsConfig.
[0402/163508:WARNING:dns_config_service_win.cc(665)] Failed to read DnsConfig.
[0402/163512:WARNING:dns_config_service_win.cc(665)] Failed to read DnsConfig.
[0402/163512:WARNING:dns_config_service_win.cc(665)] Failed to read DnsConfig.
[0402/163513:WARNING:dns_config_service_win.cc(665)] Failed to read DnsConfig.
[0402/163513:WARNING:dns_config_service_win.cc(665)] Failed to read DnsConfig.
[0402/163517:WARNING:dns_config_service_win.cc(665)] Failed to read DnsConfig.
[0402/163517:WARNING:dns_config_service_win.cc(665)] Failed to read DnsConfig.
[0402/163518:WARNING:dns_config_service_win.cc(665)] Failed to read DnsConfig.
[0402/163518:WARNING:dns_config_service_win.cc(665)] Failed to read DnsConfig.
[0402/163522:WARNING:dns_config_service_win.cc(665)] Failed to read DnsConfig.
[0402/163522:WARNING:dns_config_service_win.cc(665)] Failed to read DnsConfig.
[0402/163523:WARNING:dns_config_service_win.cc(665)] Failed to read DnsConfig.
[0402/163523:WARNING:dns_config_service_win.cc(665)] Failed to read DnsConfig.
[0402/163526:WARNING:dns_config_service_win.cc(665)] Failed to read DnsConfig.
[0402/163527:WARNING:dns_config_service_win.cc(665)] Failed to read DnsConfig.
[0402/163527:WARNING:dns_config_service_win.cc(665)] Failed to read DnsConfig.
[0402/163527:WARNING:dns_config_service_win.cc(665)] Failed to read DnsConfig.
[0402/163527:WARNING:dns_config_service_win.cc(665)] Failed to read DnsConfig.
[0402/163528:WARNING:dns_config_service_win.cc(665)] Failed to read DnsConfig.
[0402/163528:WARNING:dns_config_service_win.cc(665)] Failed to read DnsConfig.
[0402/163531:WARNING:dns_config_service_win.cc(665)] Failed to read DnsConfig.
[0402/215356:WARNING:dns_config_service_win.cc(665)] Failed to read DnsConfig.
[0402/215401:WARNING:dns_config_service_win.cc(665)] Failed to read DnsConfig.
[0402/232258:WARNING:dns_config_service_win.cc(665)] Failed to read DnsConfig.
[0403/013859:INFO:CONSOLE(0)] "The source list for Content Security Policy directive 'script-src' contains an invalid source: ''report-sample''. It will be ignored.", source: https://www.altium.com/ad-start (0)
[0403/013859:INFO:CONSOLE(0)] "The source list for Content Security Policy directive 'style-src' contains an invalid source: ''report-sample''. It will be ignored.", source: https://www.altium.com/ad-start (0)
[0403/013859:INFO:CONSOLE(0)] "Unrecognized Content-Security-Policy directive 'worker-src'.
", source: https://www.altium.com/ad-start (0)
[0403/114308:INFO:CONSOLE(0)] "The source list for Content Security Policy directive 'script-src' contains an invalid source: ''report-sample''. It will be ignored.", source: https://www.altium.com/ad-start (0)
[0403/114308:INFO:CONSOLE(0)] "The source list for Content Security Policy directive 'style-src' contains an invalid source: ''report-sample''. It will be ignored.", source: https://www.altium.com/ad-start (0)
[0403/114308:INFO:CONSOLE(0)] "Unrecognized Content-Security-Policy directive 'worker-src'.
", source: https://www.altium.com/ad-start (0)
[0404/000018:INFO:CONSOLE(0)] "The source list for Content Security Policy directive 'script-src' contains an invalid source: ''report-sample''. It will be ignored.", source: https://www.altium.com/ad-start (0)
[0404/000018:INFO:CONSOLE(0)] "The source list for Content Security Policy directive 'style-src' contains an invalid source: ''report-sample''. It will be ignored.", source: https://www.altium.com/ad-start (0)
[0404/000018:INFO:CONSOLE(0)] "Unrecognized Content-Security-Policy directive 'worker-src'.
", source: https://www.altium.com/ad-start (0)
[0404/004507:WARNING:dns_config_service_win.cc(665)] Failed to read DnsConfig.
[0404/004507:WARNING:dns_config_service_win.cc(665)] Failed to read DnsConfig.
[0404/004507:WARNING:dns_config_service_win.cc(665)] Failed to read DnsConfig.
[0404/004511:WARNING:dns_config_service_win.cc(665)] Failed to read DnsConfig.
[0404/004616:WARNING:dns_config_service_win.cc(665)] Failed to read DnsConfig.
[0404/004621:WARNING:dns_config_service_win.cc(665)] Failed to read DnsConfig.
[0404/004626:WARNING:dns_config_service_win.cc(665)] Failed to read DnsConfig.
[0404/004631:WARNING:dns_config_service_win.cc(665)] Failed to read DnsConfig.
[0404/004636:WARNING:dns_config_service_win.cc(665)] Failed to read DnsConfig.
[0404/004641:WARNING:dns_config_service_win.cc(665)] Failed to read DnsConfig.
[0404/004646:WARNING:dns_config_service_win.cc(665)] Failed to read DnsConfig.
[0404/004651:WARNING:dns_config_service_win.cc(665)] Failed to read DnsConfig.
[0404/004656:WARNING:dns_config_service_win.cc(665)] Failed to read DnsConfig.
[0404/004656:WARNING:dns_config_service_win.cc(665)] Failed to read DnsConfig.
[0404/004701:WARNING:dns_config_service_win.cc(665)] Failed to read DnsConfig.
[0404/004701:WARNING:dns_config_service_win.cc(665)] Failed to read DnsConfig.
[0404/004706:WARNING:dns_config_service_win.cc(665)] Failed to read DnsConfig.
[0404/004706:WARNING:dns_config_service_win.cc(665)] Failed to read DnsConfig.
[0404/004711:WARNING:dns_config_service_win.cc(665)] Failed to read DnsConfig.
[0404/004711:WARNING:dns_config_service_win.cc(665)] Failed to read DnsConfig.
[0404/010006:WARNING:dns_config_service_win.cc(665)] Failed to read DnsConfig.
[0404/044419:WARNING:dns_config_service_win.cc(665)] Failed to read DnsConfig.
[0404/102544:WARNING:dns_config_service_win.cc(665)] Failed to read DnsConfig.
[0404/102549:WARNING:dns_config_service_win.cc(665)] Failed to read DnsConfig.
[0404/102550:WARNING:dns_config_service_win.cc(665)] Failed to read DnsConfig.
[0404/135411:WARNING:dns_config_service_win.cc(665)] Failed to read DnsConfig.
[0404/142525:INFO:CONSOLE(0)] "The source list for Content Security Policy directive 'script-src' contains an invalid source: ''report-sample''. It will be ignored.", source: https://www.altium.com/ad-start (0)
[0404/142525:INFO:CONSOLE(0)] "The source list for Content Security Policy directive 'style-src' contains an invalid source: ''report-sample''. It will be ignored.", source: https://www.altium.com/ad-start (0)
[0404/142525:INFO:CONSOLE(0)] "Unrecognized Content-Security-Policy directive 'worker-src'.
", source: https://www.altium.com/ad-start (0)
[0404/202512:WARNING:dns_config_service_win.cc(665)] Failed to read DnsConfig.
[0404/202512:WARNING:dns_config_service_win.cc(665)] Failed to read DnsConfig.
[0404/202516:WARNING:dns_config_service_win.cc(665)] Failed to read DnsConfig.
[0404/202620:WARNING:dns_config_service_win.cc(665)] Failed to read DnsConfig.
[0404/202625:WARNING:dns_config_service_win.cc(665)] Failed to read DnsConfig.
[0404/202630:WARNING:dns_config_service_win.cc(665)] Failed to read DnsConfig.
[0404/202636:WARNING:dns_config_service_win.cc(665)] Failed to read DnsConfig.
[0404/202641:WARNING:dns_config_service_win.cc(665)] Failed to read DnsConfig.
[0404/202646:WARNING:dns_config_service_win.cc(665)] Failed to read DnsConfig.
[0404/202651:WARNING:dns_config_service_win.cc(665)] Failed to read DnsConfig.
[0404/202656:WARNING:dns_config_service_win.cc(665)] Failed to read DnsConfig.
[0404/202701:WARNING:dns_config_service_win.cc(665)] Failed to read DnsConfig.
[0404/202701:WARNING:dns_config_service_win.cc(665)] Failed to read DnsConfig.
[0404/202706:WARNING:dns_config_service_win.cc(665)] Failed to read DnsConfig.
[0404/202706:WARNING:dns_config_service_win.cc(665)] Failed to read DnsConfig.
[0404/202711:WARNING:dns_config_service_win.cc(665)] Failed to read DnsConfig.
[0404/202711:WARNING:dns_config_service_win.cc(665)] Failed to read DnsConfig.
[0404/202716:WARNING:dns_config_service_win.cc(665)] Failed to read DnsConfig.
[0404/202716:WARNING:dns_config_service_win.cc(665)] Failed to read DnsConfig.
[0405/090150:INFO:CONSOLE(0)] "The source list for Content Security Policy directive 'script-src' contains an invalid source: ''report-sample''. It will be ignored.", source: https://www.altium.com/ad-start (0)
[0405/090150:INFO:CONSOLE(0)] "The source list for Content Security Policy directive 'style-src' contains an invalid source: ''report-sample''. It will be ignored.", source: https://www.altium.com/ad-start (0)
[0405/090150:INFO:CONSOLE(0)] "Unrecognized Content-Security-Policy directive 'worker-src'.
", source: https://www.altium.com/ad-start (0)
[0405/124619:INFO:CONSOLE(0)] "The source list for Content Security Policy directive 'script-src' contains an invalid source: ''report-sample''. It will be ignored.", source: https://www.altium.com/ad-start (0)
[0405/124619:INFO:CONSOLE(0)] "The source list for Content Security Policy directive 'style-src' contains an invalid source: ''report-sample''. It will be ignored.", source: https://www.altium.com/ad-start (0)
[0405/124619:INFO:CONSOLE(0)] "Unrecognized Content-Security-Policy directive 'worker-src'.
", source: https://www.altium.com/ad-start (0)
[0405/213156:INFO:CONSOLE(0)] "The source list for Content Security Policy directive 'script-src' contains an invalid source: ''report-sample''. It will be ignored.", source: https://www.altium.com/ad-start (0)
[0405/213156:INFO:CONSOLE(0)] "The source list for Content Security Policy directive 'style-src' contains an invalid source: ''report-sample''. It will be ignored.", source: https://www.altium.com/ad-start (0)
[0405/213156:INFO:CONSOLE(0)] "Unrecognized Content-Security-Policy directive 'worker-src'.
", source: https://www.altium.com/ad-start (0)
[0405/234135:INFO:CONSOLE(0)] "The source list for Content Security Policy directive 'script-src' contains an invalid source: ''report-sample''. It will be ignored.", source: https://www.altium.com/ad-start (0)
[0405/234135:INFO:CONSOLE(0)] "The source list for Content Security Policy directive 'style-src' contains an invalid source: ''report-sample''. It will be ignored.", source: https://www.altium.com/ad-start (0)
[0405/234135:INFO:CONSOLE(0)] "Unrecognized Content-Security-Policy directive 'worker-src'.
", source: https://www.altium.com/ad-start (0)
[0406/115312:WARNING:dns_config_service_win.cc(665)] Failed to read DnsConfig.
[0406/115317:WARNING:dns_config_service_win.cc(665)] Failed to read DnsConfig.
[0406/115322:WARNING:dns_config_service_win.cc(665)] Failed to read DnsConfig.
[0406/115327:WARNING:dns_config_service_win.cc(665)] Failed to read DnsConfig.
[0406/115332:WARNING:dns_config_service_win.cc(665)] Failed to read DnsConfig.
[0406/115337:WARNING:dns_config_service_win.cc(665)] Failed to read DnsConfig.
[0406/115342:WARNING:dns_config_service_win.cc(665)] Failed to read DnsConfig.
[0406/115347:WARNING:dns_config_service_win.cc(665)] Failed to read DnsConfig.
[0406/115352:WARNING:dns_config_service_win.cc(665)] Failed to read DnsConfig.
[0406/115357:WARNING:dns_config_service_win.cc(665)] Failed to read DnsConfig.
[0406/115402:WARNING:dns_config_service_win.cc(665)] Failed to read DnsConfig.
[0406/115407:WARNING:dns_config_service_win.cc(665)] Failed to read DnsConfig.
[0406/115412:WARNING:dns_config_service_win.cc(665)] Failed to read DnsConfig.
[0406/115417:WARNING:dns_config_service_win.cc(665)] Failed to read DnsConfig.
[0406/115422:WARNING:dns_config_service_win.cc(665)] Failed to read DnsConfig.
[0406/115427:WARNING:dns_config_service_win.cc(665)] Failed to read DnsConfig.
[0406/115432:WARNING:dns_config_service_win.cc(665)] Failed to read DnsConfig.
[0406/115437:WARNING:dns_config_service_win.cc(665)] Failed to read DnsConfig.
[0406/115442:WARNING:dns_config_service_win.cc(665)] Failed to read DnsConfig.
[0406/115447:WARNING:dns_config_service_win.cc(665)] Failed to read DnsConfig.
[0406/115452:WARNING:dns_config_service_win.cc(665)] Failed to read DnsConfig.
[0406/115457:WARNING:dns_config_service_win.cc(665)] Failed to read DnsConfig.
[0406/115502:WARNING:dns_config_service_win.cc(665)] Failed to read DnsConfig.
[0406/115507:WARNING:dns_config_service_win.cc(665)] Failed to read DnsConfig.
[0406/115512:WARNING:dns_config_service_win.cc(665)] Failed to read DnsConfig.
[0406/115517:WARNING:dns_config_service_win.cc(665)] Failed to read DnsConfig.
[0406/115522:WARNING:dns_config_service_win.cc(665)] Failed to read DnsConfig.
[0406/115527:WARNING:dns_config_service_win.cc(665)] Failed to read DnsConfig.
[0406/115532:WARNING:dns_config_service_win.cc(665)] Failed to read DnsConfig.
[0406/115537:WARNING:dns_config_service_win.cc(665)] Failed to read DnsConfig.
[0406/115542:WARNING:dns_config_service_win.cc(665)] Failed to read DnsConfig.
[0406/115547:WARNING:dns_config_service_win.cc(665)] Failed to read DnsConfig.
[0406/115552:WARNING:dns_config_service_win.cc(665)] Failed to read DnsConfig.
[0406/115557:WARNING:dns_config_service_win.cc(665)] Failed to read DnsConfig.
[0406/115602:WARNING:dns_config_service_win.cc(665)] Failed to read DnsConfig.
[0406/115607:WARNING:dns_config_service_win.cc(665)] Failed to read DnsConfig.
[0406/115612:WARNING:dns_config_service_win.cc(665)] Failed to read DnsConfig.
[0406/115617:WARNING:dns_config_service_win.cc(665)] Failed to read DnsConfig.
[0406/115622:WARNING:dns_config_service_win.cc(665)] Failed to read DnsConfig.
[0406/115627:WARNING:dns_config_service_win.cc(665)] Failed to read DnsConfig.
[0406/115632:WARNING:dns_config_service_win.cc(665)] Failed to read DnsConfig.
[0406/115637:WARNING:dns_config_service_win.cc(665)] Failed to read DnsConfig.
[0406/115642:WARNING:dns_config_service_win.cc(665)] Failed to read DnsConfig.
[0406/115647:WARNING:dns_config_service_win.cc(665)] Failed to read DnsConfig.
[0406/115652:WARNING:dns_config_service_win.cc(665)] Failed to read DnsConfig.
[0406/115657:WARNING:dns_config_service_win.cc(665)] Failed to read DnsConfig.
[0406/115702:WARNING:dns_config_service_win.cc(665)] Failed to read DnsConfig.
[0406/115707:WARNING:dns_config_service_win.cc(665)] Failed to read DnsConfig.
[0406/115712:WARNING:dns_config_service_win.cc(665)] Failed to read DnsConfig.
[0406/115717:WARNING:dns_config_service_win.cc(665)] Failed to read DnsConfig.
[0406/115722:WARNING:dns_config_service_win.cc(665)] Failed to read DnsConfig.
[0406/115727:WARNING:dns_config_service_win.cc(665)] Failed to read DnsConfig.
[0406/115732:WARNING:dns_config_service_win.cc(665)] Failed to read DnsConfig.
[0406/115737:WARNING:dns_config_service_win.cc(665)] Failed to read DnsConfig.
[0406/115742:WARNING:dns_config_service_win.cc(665)] Failed to read DnsConfig.
[0406/115747:WARNING:dns_config_service_win.cc(665)] Failed to read DnsConfig.
[0406/115752:WARNING:dns_config_service_win.cc(665)] Failed to read DnsConfig.
[0406/115757:WARNING:dns_config_service_win.cc(665)] Failed to read DnsConfig.
[0406/115802:WARNING:dns_config_service_win.cc(665)] Failed to read DnsConfig.
[0406/115807:WARNING:dns_config_service_win.cc(665)] Failed to read DnsConfig.
[0406/115812:WARNING:dns_config_service_win.cc(665)] Failed to read DnsConfig.
[0406/115817:WARNING:dns_config_service_win.cc(665)] Failed to read DnsConfig.
[0406/115822:WARNING:dns_config_service_win.cc(665)] Failed to read DnsConfig.
[0406/115827:WARNING:dns_config_service_win.cc(665)] Failed to read DnsConfig.
[0406/115832:WARNING:dns_config_service_win.cc(665)] Failed to read DnsConfig.
[0406/115837:WARNING:dns_config_service_win.cc(665)] Failed to read DnsConfig.
[0406/115842:WARNING:dns_config_service_win.cc(665)] Failed to read DnsConfig.
[0406/115847:WARNING:dns_config_service_win.cc(665)] Failed to read DnsConfig.
[0406/115852:WARNING:dns_config_service_win.cc(665)] Failed to read DnsConfig.
[0406/115857:WARNING:dns_config_service_win.cc(665)] Failed to read DnsConfig.
[0406/115902:WARNING:dns_config_service_win.cc(665)] Failed to read DnsConfig.
[0406/115907:WARNING:dns_config_service_win.cc(665)] Failed to read DnsConfig.
[0406/115912:WARNING:dns_config_service_win.cc(665)] Failed to read DnsConfig.
[0406/115917:WARNING:dns_config_service_win.cc(665)] Failed to read DnsConfig.
[0406/115922:WARNING:dns_config_service_win.cc(665)] Failed to read DnsConfig.
[0406/115927:WARNING:dns_config_service_win.cc(665)] Failed to read DnsConfig.
[0406/115932:WARNING:dns_config_service_win.cc(665)] Failed to read DnsConfig.
[0406/115937:WARNING:dns_config_service_win.cc(665)] Failed to read DnsConfig.
[0406/115942:WARNING:dns_config_service_win.cc(665)] Failed to read DnsConfig.
[0406/115947:WARNING:dns_config_service_win.cc(665)] Failed to read DnsConfig.
[0406/115952:WARNING:dns_config_service_win.cc(665)] Failed to read DnsConfig.
[0406/115957:WARNING:dns_config_service_win.cc(665)] Failed to read DnsConfig.
[0406/120002:WARNING:dns_config_service_win.cc(665)] Failed to read DnsConfig.
[0406/120007:WARNING:dns_config_service_win.cc(665)] Failed to read DnsConfig.
[0406/120013:WARNING:dns_config_service_win.cc(665)] Failed to read DnsConfig.
[0406/120018:WARNING:dns_config_service_win.cc(665)] Failed to read DnsConfig.
[0406/120023:WARNING:dns_config_service_win.cc(665)] Failed to read DnsConfig.
[0406/120028:WARNING:dns_config_service_win.cc(665)] Failed to read DnsConfig.
[0406/120033:WARNING:dns_config_service_win.cc(665)] Failed to read DnsConfig.
[0406/120038:WARNING:dns_config_service_win.cc(665)] Failed to read DnsConfig.
[0406/120043:WARNING:dns_config_service_win.cc(665)] Failed to read DnsConfig.
[0406/120048:WARNING:dns_config_service_win.cc(665)] Failed to read DnsConfig.
[0406/120053:WARNING:dns_config_service_win.cc(665)] Failed to read DnsConfig.
[0406/120058:WARNING:dns_config_service_win.cc(665)] Failed to read DnsConfig.
[0406/120058:WARNING:dns_config_service_win.cc(665)] Failed to read DnsConfig.
[0406/120058:WARNING:dns_config_service_win.cc(665)] Failed to read DnsConfig.
[0406/120058:WARNING:dns_config_service_win.cc(665)] Failed to read DnsConfig.
[0406/120103:WARNING:dns_config_service_win.cc(665)] Failed to read DnsConfig.
[0406/120103:WARNING:dns_config_service_win.cc(665)] Failed to read DnsConfig.
[0406/120103:WARNING:dns_config_service_win.cc(665)] Failed to read DnsConfig.
[0406/120103:WARNING:dns_config_service_win.cc(665)] Failed to read DnsConfig.
[0406/120108:WARNING:dns_config_service_win.cc(665)] Failed to read DnsConfig.
[0406/120108:WARNING:dns_config_service_win.cc(665)] Failed to read DnsConfig.
[0406/120108:WARNING:dns_config_service_win.cc(665)] Failed to read DnsConfig.
[0406/120108:WARNING:dns_config_service_win.cc(665)] Failed to read DnsConfig.
[0406/120113:WARNING:dns_config_service_win.cc(665)] Failed to read DnsConfig.
[0406/120113:WARNING:dns_config_service_win.cc(665)] Failed to read DnsConfig.
[0406/120113:WARNING:dns_config_service_win.cc(665)] Failed to read DnsConfig.
[0406/120113:WARNING:dns_config_service_win.cc(665)] Failed to read DnsConfig.
[0406/120118:WARNING:dns_config_service_win.cc(665)] Failed to read DnsConfig.
[0406/120118:WARNING:dns_config_service_win.cc(665)] Failed to read DnsConfig.
[0406/120118:WARNING:dns_config_service_win.cc(665)] Failed to read DnsConfig.
[0406/120118:WARNING:dns_config_service_win.cc(665)] Failed to read DnsConfig.
[0406/120123:WARNING:dns_config_service_win.cc(665)] Failed to read DnsConfig.
[0406/120123:WARNING:dns_config_service_win.cc(665)] Failed to read DnsConfig.
[0406/120123:WARNING:dns_config_service_win.cc(665)] Failed to read DnsConfig.
[0406/120123:WARNING:dns_config_service_win.cc(665)] Failed to read DnsConfig.
[0406/120128:WARNING:dns_config_service_win.cc(665)] Failed to read DnsConfig.
[0406/120128:WARNING:dns_config_service_win.cc(665)] Failed to read DnsConfig.
[0406/120128:WARNING:dns_config_service_win.cc(665)] Failed to read DnsConfig.
[0406/120128:WARNING:dns_config_service_win.cc(665)] Failed to read DnsConfig.
[0406/120133:WARNING:dns_config_service_win.cc(665)] Failed to read DnsConfig.
[0406/120133:WARNING:dns_config_service_win.cc(665)] Failed to read DnsConfig.
[0406/120133:WARNING:dns_config_service_win.cc(665)] Failed to read DnsConfig.
[0406/120133:WARNING:dns_config_service_win.cc(665)] Failed to read DnsConfig.
[0406/120138:WARNING:dns_config_service_win.cc(665)] Failed to read DnsConfig.
[0406/120138:WARNING:dns_config_service_win.cc(665)] Failed to read DnsConfig.
[0406/120138:WARNING:dns_config_service_win.cc(665)] Failed to read DnsConfig.
[0406/120138:WARNING:dns_config_service_win.cc(665)] Failed to read DnsConfig.
[0406/120143:WARNING:dns_config_service_win.cc(665)] Failed to read DnsConfig.
[0406/120143:WARNING:dns_config_service_win.cc(665)] Failed to read DnsConfig.
[0406/120143:WARNING:dns_config_service_win.cc(665)] Failed to read DnsConfig.
[0406/120143:WARNING:dns_config_service_win.cc(665)] Failed to read DnsConfig.
[0406/120148:WARNING:dns_config_service_win.cc(665)] Failed to read DnsConfig.
[0406/120148:WARNING:dns_config_service_win.cc(665)] Failed to read DnsConfig.
[0406/120148:WARNING:dns_config_service_win.cc(665)] Failed to read DnsConfig.
[0406/120148:WARNING:dns_config_service_win.cc(665)] Failed to read DnsConfig.
[0406/120153:WARNING:dns_config_service_win.cc(665)] Failed to read DnsConfig.
[0406/120153:WARNING:dns_config_service_win.cc(665)] Failed to read DnsConfig.
[0406/120153:WARNING:dns_config_service_win.cc(665)] Failed to read DnsConfig.
[0406/120153:WARNING:dns_config_service_win.cc(665)] Failed to read DnsConfig.
[0406/120158:WARNING:dns_config_service_win.cc(665)] Failed to read DnsConfig.
[0406/120158:WARNING:dns_config_service_win.cc(665)] Failed to read DnsConfig.
[0406/120158:WARNING:dns_config_service_win.cc(665)] Failed to read DnsConfig.
[0406/120158:WARNING:dns_config_service_win.cc(665)] Failed to read DnsConfig.
[0406/120159:WARNING:dns_config_service_win.cc(665)] Failed to read DnsConfig.
[0406/120159:WARNING:dns_config_service_win.cc(665)] Failed to read DnsConfig.
[0406/120159:WARNING:dns_config_service_win.cc(665)] Failed to read DnsConfig.
[0406/120203:WARNING:dns_config_service_win.cc(665)] Failed to read DnsConfig.
[0406/120203:WARNING:dns_config_service_win.cc(665)] Failed to read DnsConfig.
[0406/120203:WARNING:dns_config_service_win.cc(665)] Failed to read DnsConfig.
[0406/120203:WARNING:dns_config_service_win.cc(665)] Failed to read DnsConfig.
[0406/120204:WARNING:dns_config_service_win.cc(665)] Failed to read DnsConfig.
[0406/120204:WARNING:dns_config_service_win.cc(665)] Failed to read DnsConfig.
[0406/120204:WARNING:dns_config_service_win.cc(665)] Failed to read DnsConfig.
[0406/120208:WARNING:dns_config_service_win.cc(665)] Failed to read DnsConfig.
[0406/120208:WARNING:dns_config_service_win.cc(665)] Failed to read DnsConfig.
[0406/120208:WARNING:dns_config_service_win.cc(665)] Failed to read DnsConfig.
[0406/120208:WARNING:dns_config_service_win.cc(665)] Failed to read DnsConfig.
[0406/120209:WARNING:dns_config_service_win.cc(665)] Failed to read DnsConfig.
[0406/120209:WARNING:dns_config_service_win.cc(665)] Failed to read DnsConfig.
[0406/120209:WARNING:dns_config_service_win.cc(665)] Failed to read DnsConfig.
[0406/120213:WARNING:dns_config_service_win.cc(665)] Failed to read DnsConfig.
[0406/120213:WARNING:dns_config_service_win.cc(665)] Failed to read DnsConfig.
[0406/120213:WARNING:dns_config_service_win.cc(665)] Failed to read DnsConfig.
[0406/120213:WARNING:dns_config_service_win.cc(665)] Failed to read DnsConfig.
[0406/120214:WARNING:dns_config_service_win.cc(665)] Failed to read DnsConfig.
[0406/120214:WARNING:dns_config_service_win.cc(665)] Failed to read DnsConfig.
[0406/120214:WARNING:dns_config_service_win.cc(665)] Failed to read DnsConfig.
[0406/120218:WARNING:dns_config_service_win.cc(665)] Failed to read DnsConfig.
[0406/120218:WARNING:dns_config_service_win.cc(665)] Failed to read DnsConfig.
[0406/120218:WARNING:dns_config_service_win.cc(665)] Failed to read DnsConfig.
[0406/120218:WARNING:dns_config_service_win.cc(665)] Failed to read DnsConfig.
[0406/120219:WARNING:dns_config_service_win.cc(665)] Failed to read DnsConfig.
[0406/120219:WARNING:dns_config_service_win.cc(665)] Failed to read DnsConfig.
[0406/120219:WARNING:dns_config_service_win.cc(665)] Failed to read DnsConfig.
[0406/120223:WARNING:dns_config_service_win.cc(665)] Failed to read DnsConfig.
[0406/120223:WARNING:dns_config_service_win.cc(665)] Failed to read DnsConfig.
[0406/120223:WARNING:dns_config_service_win.cc(665)] Failed to read DnsConfig.
[0406/120223:WARNING:dns_config_service_win.cc(665)] Failed to read DnsConfig.
[0406/120224:WARNING:dns_config_service_win.cc(665)] Failed to read DnsConfig.
[0406/120224:WARNING:dns_config_service_win.cc(665)] Failed to read DnsConfig.
[0406/120224:WARNING:dns_config_service_win.cc(665)] Failed to read DnsConfig.
[0406/120228:WARNING:dns_config_service_win.cc(665)] Failed to read DnsConfig.
[0406/120228:WARNING:dns_config_service_win.cc(665)] Failed to read DnsConfig.
[0406/120228:WARNING:dns_config_service_win.cc(665)] Failed to read DnsConfig.
[0406/120229:WARNING:dns_config_service_win.cc(665)] Failed to read DnsConfig.
[0406/120229:WARNING:dns_config_service_win.cc(665)] Failed to read DnsConfig.
[0406/120229:WARNING:dns_config_service_win.cc(665)] Failed to read DnsConfig.
[0406/120229:WARNING:dns_config_service_win.cc(665)] Failed to read DnsConfig.
[0406/120233:WARNING:dns_config_service_win.cc(665)] Failed to read DnsConfig.
[0406/120233:WARNING:dns_config_service_win.cc(665)] Failed to read DnsConfig.
[0406/120233:WARNING:dns_config_service_win.cc(665)] Failed to read DnsConfig.
[0406/120234:WARNING:dns_config_service_win.cc(665)] Failed to read DnsConfig.
[0406/120234:WARNING:dns_config_service_win.cc(665)] Failed to read DnsConfig.
[0406/120234:WARNING:dns_config_service_win.cc(665)] Failed to read DnsConfig.
[0406/120234:WARNING:dns_config_service_win.cc(665)] Failed to read DnsConfig.
[0406/120238:WARNING:dns_config_service_win.cc(665)] Failed to read DnsConfig.
[0406/120238:WARNING:dns_config_service_win.cc(665)] Failed to read DnsConfig.
[0406/120238:WARNING:dns_config_service_win.cc(665)] Failed to read DnsConfig.
[0406/120239:WARNING:dns_config_service_win.cc(665)] Failed to read DnsConfig.
[0406/120239:WARNING:dns_config_service_win.cc(665)] Failed to read DnsConfig.
[0406/120239:WARNING:dns_config_service_win.cc(665)] Failed to read DnsConfig.
[0406/120239:WARNING:dns_config_service_win.cc(665)] Failed to read DnsConfig.
[0406/120243:WARNING:dns_config_service_win.cc(665)] Failed to read DnsConfig.
[0406/120243:WARNING:dns_config_service_win.cc(665)] Failed to read DnsConfig.
[0406/120243:WARNING:dns_config_service_win.cc(665)] Failed to read DnsConfig.
[0406/120244:WARNING:dns_config_service_win.cc(665)] Failed to read DnsConfig.
[0406/120244:WARNING:dns_config_service_win.cc(665)] Failed to read DnsConfig.
[0406/120244:WARNING:dns_config_service_win.cc(665)] Failed to read DnsConfig.
[0406/120245:WARNING:dns_config_service_win.cc(665)] Failed to read DnsConfig.
[0406/120248:WARNING:dns_config_service_win.cc(665)] Failed to read DnsConfig.
[0406/120248:WARNING:dns_config_service_win.cc(665)] Failed to read DnsConfig.
[0406/120249:WARNING:dns_config_service_win.cc(665)] Failed to read DnsConfig.
[0406/120249:WARNING:dns_config_service_win.cc(665)] Failed to read DnsConfig.
[0406/120249:WARNING:dns_config_service_win.cc(665)] Failed to read DnsConfig.
[0406/120249:WARNING:dns_config_service_win.cc(665)] Failed to read DnsConfig.
[0406/120250:WARNING:dns_config_service_win.cc(665)] Failed to read DnsConfig.
[0406/120253:WARNING:dns_config_service_win.cc(665)] Failed to read DnsConfig.
[0406/120253:WARNING:dns_config_service_win.cc(665)] Failed to read DnsConfig.
[0406/120254:WARNING:dns_config_service_win.cc(665)] Failed to read DnsConfig.
[0406/120254:WARNING:dns_config_service_win.cc(665)] Failed to read DnsConfig.
[0406/120254:WARNING:dns_config_service_win.cc(665)] Failed to read DnsConfig.
[0406/120254:WARNING:dns_config_service_win.cc(665)] Failed to read DnsConfig.
[0406/120255:WARNING:dns_config_service_win.cc(665)] Failed to read DnsConfig.
[0406/120258:WARNING:dns_config_service_win.cc(665)] Failed to read DnsConfig.
[0406/120258:WARNING:dns_config_service_win.cc(665)] Failed to read DnsConfig.
[0406/120259:WARNING:dns_config_service_win.cc(665)] Failed to read DnsConfig.
[0406/120259:WARNING:dns_config_service_win.cc(665)] Failed to read DnsConfig.
[0406/120259:WARNING:dns_config_service_win.cc(665)] Failed to read DnsConfig.
[0406/120259:WARNING:dns_config_service_win.cc(665)] Failed to read DnsConfig.
[0406/120300:WARNING:dns_config_service_win.cc(665)] Failed to read DnsConfig.
[0406/120303:WARNING:dns_config_service_win.cc(665)] Failed to read DnsConfig.
[0406/120303:WARNING:dns_config_service_win.cc(665)] Failed to read DnsConfig.
[0406/120304:WARNING:dns_config_service_win.cc(665)] Failed to read DnsConfig.
[0406/120304:WARNING:dns_config_service_win.cc(665)] Failed to read DnsConfig.
[0406/120304:WARNING:dns_config_service_win.cc(665)] Failed to read DnsConfig.
[0406/120305:WARNING:dns_config_service_win.cc(665)] Failed to read DnsConfig.
[0406/120305:WARNING:dns_config_service_win.cc(665)] Failed to read DnsConfig.
[0406/120308:WARNING:dns_config_service_win.cc(665)] Failed to read DnsConfig.
[0406/120308:WARNING:dns_config_service_win.cc(665)] Failed to read DnsConfig.
[0406/120309:WARNING:dns_config_service_win.cc(665)] Failed to read DnsConfig.
[0406/120309:WARNING:dns_config_service_win.cc(665)] Failed to read DnsConfig.
[0406/120309:WARNING:dns_config_service_win.cc(665)] Failed to read DnsConfig.
[0406/120309:WARNING:dns_config_service_win.cc(665)] Failed to read DnsConfig.
[0406/120310:WARNING:dns_config_service_win.cc(665)] Failed to read DnsConfig.
[0406/120310:WARNING:dns_config_service_win.cc(665)] Failed to read DnsConfig.
[0406/120313:WARNING:dns_config_service_win.cc(665)] Failed to read DnsConfig.
[0406/120313:WARNING:dns_config_service_win.cc(665)] Failed to read DnsConfig.
[0406/120314:WARNING:dns_config_service_win.cc(665)] Failed to read DnsConfig.
[0406/120314:WARNING:dns_config_service_win.cc(665)] Failed to read DnsConfig.
[0406/120314:WARNING:dns_config_service_win.cc(665)] Failed to read DnsConfig.
[0406/120314:WARNING:dns_config_service_win.cc(665)] Failed to read DnsConfig.
[0406/120314:WARNING:dns_config_service_win.cc(665)] Failed to read DnsConfig.
[0406/120315:WARNING:dns_config_service_win.cc(665)] Failed to read DnsConfig.
[0406/120315:WARNING:dns_config_service_win.cc(665)] Failed to read DnsConfig.
[0406/120318:WARNING:dns_config_service_win.cc(665)] Failed to read DnsConfig.
[0406/120318:WARNING:dns_config_service_win.cc(665)] Failed to read DnsConfig.
[0406/120319:WARNING:dns_config_service_win.cc(665)] Failed to read DnsConfig.
[0406/120319:WARNING:dns_config_service_win.cc(665)] Failed to read DnsConfig.
[0406/120319:WARNING:dns_config_service_win.cc(665)] Failed to read DnsConfig.
[0406/120319:WARNING:dns_config_service_win.cc(665)] Failed to read DnsConfig.
[0406/120319:WARNING:dns_config_service_win.cc(665)] Failed to read DnsConfig.
[0406/120320:WARNING:dns_config_service_win.cc(665)] Failed to read DnsConfig.
[0406/120320:WARNING:dns_config_service_win.cc(665)] Failed to read DnsConfig.
[0406/120323:WARNING:dns_config_service_win.cc(665)] Failed to read DnsConfig.
[0406/120323:WARNING:dns_config_service_win.cc(665)] Failed to read DnsConfig.
[0406/120324:WARNING:dns_config_service_win.cc(665)] Failed to read DnsConfig.
[0406/120324:WARNING:dns_config_service_win.cc(665)] Failed to read DnsConfig.
[0406/120324:WARNING:dns_config_service_win.cc(665)] Failed to read DnsConfig.
[0406/120324:WARNING:dns_config_service_win.cc(665)] Failed to read DnsConfig.
[0406/120325:WARNING:dns_config_service_win.cc(665)] Failed to read DnsConfig.
[0406/120325:WARNING:dns_config_service_win.cc(665)] Failed to read DnsConfig.
[0406/120325:WARNING:dns_config_service_win.cc(665)] Failed to read DnsConfig.
[0406/120328:WARNING:dns_config_service_win.cc(665)] Failed to read DnsConfig.
[0406/120328:WARNING:dns_config_service_win.cc(665)] Failed to read DnsConfig.
[0406/120329:WARNING:dns_config_service_win.cc(665)] Failed to read DnsConfig.
[0406/120329:WARNING:dns_config_service_win.cc(665)] Failed to read DnsConfig.
[0406/120329:WARNING:dns_config_service_win.cc(665)] Failed to read DnsConfig.
[0406/120329:WARNING:dns_config_service_win.cc(665)] Failed to read DnsConfig.
[0406/120330:WARNING:dns_config_service_win.cc(665)] Failed to read DnsConfig.
[0406/120330:WARNING:dns_config_service_win.cc(665)] Failed to read DnsConfig.
[0406/120330:WARNING:dns_config_service_win.cc(665)] Failed to read DnsConfig.
[0406/120333:WARNING:dns_config_service_win.cc(665)] Failed to read DnsConfig.
[0406/120333:WARNING:dns_config_service_win.cc(665)] Failed to read DnsConfig.
[0406/120334:WARNING:dns_config_service_win.cc(665)] Failed to read DnsConfig.
[0406/120334:WARNING:dns_config_service_win.cc(665)] Failed to read DnsConfig.
[0406/120334:WARNING:dns_config_service_win.cc(665)] Failed to read DnsConfig.
[0406/120334:WARNING:dns_config_service_win.cc(665)] Failed to read DnsConfig.
[0406/120335:WARNING:dns_config_service_win.cc(665)] Failed to read DnsConfig.
[0406/120335:WARNING:dns_config_service_win.cc(665)] Failed to read DnsConfig.
[0406/120335:WARNING:dns_config_service_win.cc(665)] Failed to read DnsConfig.
[0406/120338:WARNING:dns_config_service_win.cc(665)] Failed to read DnsConfig.
[0406/120338:WARNING:dns_config_service_win.cc(665)] Failed to read DnsConfig.
[0406/120339:WARNING:dns_config_service_win.cc(665)] Failed to read DnsConfig.
[0406/120339:WARNING:dns_config_service_win.cc(665)] Failed to read DnsConfig.
[0406/120339:WARNING:dns_config_service_win.cc(665)] Failed to read DnsConfig.
[0406/120339:WARNING:dns_config_service_win.cc(665)] Failed to read DnsConfig.
[0406/120340:WARNING:dns_config_service_win.cc(665)] Failed to read DnsConfig.
[0406/120340:WARNING:dns_config_service_win.cc(665)] Failed to read DnsConfig.
[0406/120340:WARNING:dns_config_service_win.cc(665)] Failed to read DnsConfig.
[0406/120343:WARNING:dns_config_service_win.cc(665)] Failed to read DnsConfig.
[0406/120343:WARNING:dns_config_service_win.cc(665)] Failed to read DnsConfig.
[0406/120344:WARNING:dns_config_service_win.cc(665)] Failed to read DnsConfig.
[0406/120344:WARNING:dns_config_service_win.cc(665)] Failed to read DnsConfig.
[0406/120344:WARNING:dns_config_service_win.cc(665)] Failed to read DnsConfig.
[0406/120344:WARNING:dns_config_service_win.cc(665)] Failed to read DnsConfig.
[0406/120345:WARNING:dns_config_service_win.cc(665)] Failed to read DnsConfig.
[0406/120345:WARNING:dns_config_service_win.cc(665)] Failed to read DnsConfig.
[0406/120345:WARNING:dns_config_service_win.cc(665)] Failed to read DnsConfig.
[0406/120348:WARNING:dns_config_service_win.cc(665)] Failed to read DnsConfig.
[0406/120348:WARNING:dns_config_service_win.cc(665)] Failed to read DnsConfig.
[0406/120349:WARNING:dns_config_service_win.cc(665)] Failed to read DnsConfig.
[0406/120349:WARNING:dns_config_service_win.cc(665)] Failed to read DnsConfig.
[0406/120349:WARNING:dns_config_service_win.cc(665)] Failed to read DnsConfig.
[0406/120349:WARNING:dns_config_service_win.cc(665)] Failed to read DnsConfig.
[0406/120350:WARNING:dns_config_service_win.cc(665)] Failed to read DnsConfig.
[0406/120350:WARNING:dns_config_service_win.cc(665)] Failed to read DnsConfig.
[0406/120350:WARNING:dns_config_service_win.cc(665)] Failed to read DnsConfig.
[0406/120353:WARNING:dns_config_service_win.cc(665)] Failed to read DnsConfig.
[0406/120353:WARNING:dns_config_service_win.cc(665)] Failed to read DnsConfig.
[0406/120354:WARNING:dns_config_service_win.cc(665)] Failed to read DnsConfig.
[0406/120354:WARNING:dns_config_service_win.cc(665)] Failed to read DnsConfig.
[0406/120354:WARNING:dns_config_service_win.cc(665)] Failed to read DnsConfig.
[0406/120354:WARNING:dns_config_service_win.cc(665)] Failed to read DnsConfig.
[0406/120355:WARNING:dns_config_service_win.cc(665)] Failed to read DnsConfig.
[0406/120355:WARNING:dns_config_service_win.cc(665)] Failed to read DnsConfig.
[0406/120355:WARNING:dns_config_service_win.cc(665)] Failed to read DnsConfig.
[0406/120358:WARNING:dns_config_service_win.cc(665)] Failed to read DnsConfig.
[0406/120358:WARNING:dns_config_service_win.cc(665)] Failed to read DnsConfig.
[0406/120359:WARNING:dns_config_service_win.cc(665)] Failed to read DnsConfig.
[0406/120359:WARNING:dns_config_service_win.cc(665)] Failed to read DnsConfig.
[0406/120359:WARNING:dns_config_service_win.cc(665)] Failed to read DnsConfig.
[0406/120359:WARNING:dns_config_service_win.cc(665)] Failed to read DnsConfig.
[0406/120400:WARNING:dns_config_service_win.cc(665)] Failed to read DnsConfig.
[0406/120400:WARNING:dns_config_service_win.cc(665)] Failed to read DnsConfig.
[0406/120400:WARNING:dns_config_service_win.cc(665)] Failed to read DnsConfig.
[0406/120403:WARNING:dns_config_service_win.cc(665)] Failed to read DnsConfig.
[0406/120403:WARNING:dns_config_service_win.cc(665)] Failed to read DnsConfig.
[0406/120404:WARNING:dns_config_service_win.cc(665)] Failed to read DnsConfig.
[0406/120404:WARNING:dns_config_service_win.cc(665)] Failed to read DnsConfig.
[0406/120404:WARNING:dns_config_service_win.cc(665)] Failed to read DnsConfig.
[0406/120404:WARNING:dns_config_service_win.cc(665)] Failed to read DnsConfig.
[0406/120405:WARNING:dns_config_service_win.cc(665)] Failed to read DnsConfig.
[0406/120405:WARNING:dns_config_service_win.cc(665)] Failed to read DnsConfig.
[0406/120405:WARNING:dns_config_service_win.cc(665)] Failed to read DnsConfig.
[0406/120408:WARNING:dns_config_service_win.cc(665)] Failed to read DnsConfig.
[0406/120408:WARNING:dns_config_service_win.cc(665)] Failed to read DnsConfig.
[0406/120409:WARNING:dns_config_service_win.cc(665)] Failed to read DnsConfig.
[0406/120409:WARNING:dns_config_service_win.cc(665)] Failed to read DnsConfig.
[0406/120409:WARNING:dns_config_service_win.cc(665)] Failed to read DnsConfig.
[0406/120409:WARNING:dns_config_service_win.cc(665)] Failed to read DnsConfig.
[0406/120409:WARNING:dns_config_service_win.cc(665)] Failed to read DnsConfig.
[0407/100630:INFO:CONSOLE(0)] "The source list for Content Security Policy directive 'script-src' contains an invalid source: ''report-sample''. It will be ignored.", source: https://www.altium.com/ad-start (0)
[0407/100630:INFO:CONSOLE(0)] "The source list for Content Security Policy directive 'style-src' contains an invalid source: ''report-sample''. It will be ignored.", source: https://www.altium.com/ad-start (0)
[0407/100630:INFO:CONSOLE(0)] "Unrecognized Content-Security-Policy directive 'worker-src'.
", source: https://www.altium.com/ad-start (0)
[0409/122949:INFO:CONSOLE(0)] "The source list for Content Security Policy directive 'script-src' contains an invalid source: ''report-sample''. It will be ignored.", source: https://www.altium.com/ad-start (0)
[0409/122949:INFO:CONSOLE(0)] "The source list for Content Security Policy directive 'style-src' contains an invalid source: ''report-sample''. It will be ignored.", source: https://www.altium.com/ad-start (0)
[0409/122949:INFO:CONSOLE(0)] "Unrecognized Content-Security-Policy directive 'worker-src'.
", source: https://www.altium.com/ad-start (0)
[0501/054256:ERROR:browser_gpu_channel_host_factory.cc(119)] Failed to launch GPU process.
