Added Component: Designator=BJT1(SOT23-3)
Add component. Clean all parameters for all variants
Added Component: Designator=BJT2(SOT23-3)
Add component. Clean all parameters for all variants
Added Component: Designator=BJT3(SOT23-3)
Add component. Clean all parameters for all variants
Added Component: Designator=BJT4(SOT23-3)
Add component. Clean all parameters for all variants
Added Component: Designator=BJT5(SOT23-3)
Add component. Clean all parameters for all variants
Added Component: Designator=C1(SMD-1210C)
Add component. Clean all parameters for all variants
Add component (AddParameter): Name = "@ qty"; Value = "0"; VariantName = "[No Variations]"
Add component (AddParameter): Name = "Applications"; Value = "Automotive"; VariantName = "[No Variations]"
Add component (AddParameter): Name = "Datasheets"; Value = "http://search.murata.co.jp/Ceramy/image/img/A01X/G101/ENG/GRT32ER61H475ME01-01.pdf"; VariantName = "[No Variations]"
Add component (AddParameter): Name = "Digi-Key Part Number"; Value = "490-12508-1-ND"; VariantName = "[No Variations]"
Add component (AddParameter): Name = "Factory Stock"; Value = "0"; VariantName = "[No Variations]"
Add component (AddParameter): Name = "Failure Rate"; Value = "Surface Mount, MLCC"; VariantName = "[No Variations]"
Add component (AddParameter): Name = "Features"; Value = "-"; VariantName = "[No Variations]"
Add component (AddParameter): Name = "Height - Seated (Max)"; Value = "0.106" (2.70mm)"; VariantName = "[No Variations]"
Add component (AddParameter): Name = "Image"; Value = "//media.digikey.com/Renders/Murata%20Renders/GRT%20Series%201210(3225%20Metric).jpg"; VariantName = "[No Variations]"
Add component (AddParameter): Name = "Lead Spacing"; Value = "-"; VariantName = "[No Variations]"
Add component (AddParameter): Name = "Manufacturer"; Value = "Murata Electronics North America"; VariantName = "[No Variations]"
Add component (AddParameter): Name = "Minimum Quantity"; Value = "1"; VariantName = "[No Variations]"
Add component (AddParameter): Name = "Mounting Type"; Value = "1210 (3225 Metric)"; VariantName = "[No Variations]"
Add component (AddParameter): Name = "Operating Temperature"; Value = "-55°C ~ 85°C"; VariantName = "[No Variations]"
Add component (AddParameter): Name = "Package / Case"; Value = "0.126" L x 0.098" W (3.20mm x 2.50mm)"; VariantName = "[No Variations]"
Add component (AddParameter): Name = "Packaging"; Value = "Cut Tape (CT)"; VariantName = "[No Variations]"
Add component (AddParameter): Name = "Part Number"; Value = "GRT32ER61H475ME01L"; VariantName = "[No Variations]"
Add component (AddParameter): Name = "Part Status"; Value = "Active"; VariantName = "[No Variations]"
Add component (AddParameter): Name = "Quantity Available"; Value = "1000"; VariantName = "[No Variations]"
Add component (AddParameter): Name = "Ratings"; Value = "AEC-Q200"; VariantName = "[No Variations]"
Add component (AddParameter): Name = "Series"; Value = "GRT"; VariantName = "[No Variations]"
Add component (AddParameter): Name = "Size / Dimension"; Value = "-"; VariantName = "[No Variations]"
Add component (AddParameter): Name = "Temperature Coefficient"; Value = "X5R"; VariantName = "[No Variations]"
Add component (AddParameter): Name = "Thickness (Max)"; Value = "-"; VariantName = "[No Variations]"
Add component (AddParameter): Name = "Tolerance"; Value = "±20%"; VariantName = "[No Variations]"
Add component (AddParameter): Name = "Unit Price (USD)"; Value = "1.25"; VariantName = "[No Variations]"
Add component (AddParameter): Name = "Value"; Value = "4.7µF"; VariantName = "[No Variations]"
Add component (AddParameter): Name = "Voltage"; Value = "50V"; VariantName = "[No Variations]"
Added Component: Designator=C2(SMD-1210C)
Add component. Clean all parameters for all variants
Add component (AddParameter): Name = "@ qty"; Value = "0"; VariantName = "[No Variations]"
Add component (AddParameter): Name = "Applications"; Value = "Automotive"; VariantName = "[No Variations]"
Add component (AddParameter): Name = "Datasheets"; Value = "http://search.murata.co.jp/Ceramy/image/img/A01X/G101/ENG/GRT32ER61H475ME01-01.pdf"; VariantName = "[No Variations]"
Add component (AddParameter): Name = "Digi-Key Part Number"; Value = "490-12508-1-ND"; VariantName = "[No Variations]"
Add component (AddParameter): Name = "Factory Stock"; Value = "0"; VariantName = "[No Variations]"
Add component (AddParameter): Name = "Failure Rate"; Value = "Surface Mount, MLCC"; VariantName = "[No Variations]"
Add component (AddParameter): Name = "Features"; Value = "-"; VariantName = "[No Variations]"
Add component (AddParameter): Name = "Height - Seated (Max)"; Value = "0.106" (2.70mm)"; VariantName = "[No Variations]"
Add component (AddParameter): Name = "Image"; Value = "//media.digikey.com/Renders/Murata%20Renders/GRT%20Series%201210(3225%20Metric).jpg"; VariantName = "[No Variations]"
Add component (AddParameter): Name = "Lead Spacing"; Value = "-"; VariantName = "[No Variations]"
Add component (AddParameter): Name = "Manufacturer"; Value = "Murata Electronics North America"; VariantName = "[No Variations]"
Add component (AddParameter): Name = "Minimum Quantity"; Value = "1"; VariantName = "[No Variations]"
Add component (AddParameter): Name = "Mounting Type"; Value = "1210 (3225 Metric)"; VariantName = "[No Variations]"
Add component (AddParameter): Name = "Operating Temperature"; Value = "-55°C ~ 85°C"; VariantName = "[No Variations]"
Add component (AddParameter): Name = "Package / Case"; Value = "0.126" L x 0.098" W (3.20mm x 2.50mm)"; VariantName = "[No Variations]"
Add component (AddParameter): Name = "Packaging"; Value = "Cut Tape (CT)"; VariantName = "[No Variations]"
Add component (AddParameter): Name = "Part Number"; Value = "GRT32ER61H475ME01L"; VariantName = "[No Variations]"
Add component (AddParameter): Name = "Part Status"; Value = "Active"; VariantName = "[No Variations]"
Add component (AddParameter): Name = "Quantity Available"; Value = "1000"; VariantName = "[No Variations]"
Add component (AddParameter): Name = "Ratings"; Value = "AEC-Q200"; VariantName = "[No Variations]"
Add component (AddParameter): Name = "Series"; Value = "GRT"; VariantName = "[No Variations]"
Add component (AddParameter): Name = "Size / Dimension"; Value = "-"; VariantName = "[No Variations]"
Add component (AddParameter): Name = "Temperature Coefficient"; Value = "X5R"; VariantName = "[No Variations]"
Add component (AddParameter): Name = "Thickness (Max)"; Value = "-"; VariantName = "[No Variations]"
Add component (AddParameter): Name = "Tolerance"; Value = "±20%"; VariantName = "[No Variations]"
Add component (AddParameter): Name = "Unit Price (USD)"; Value = "1.25"; VariantName = "[No Variations]"
Add component (AddParameter): Name = "Value"; Value = "4.7µF"; VariantName = "[No Variations]"
Add component (AddParameter): Name = "Voltage"; Value = "50V"; VariantName = "[No Variations]"
Added Component: Designator=C3(tu 0805)
Add component. Clean all parameters for all variants
Add component (AddParameter): Name = "Chung_Loai"; Value = "Dán"; VariantName = "[No Variations]"
Add component (AddParameter): Name = "Don_Vi"; Value = "Con"; VariantName = "[No Variations]"
Add component (AddParameter): Name = "Kieu_Chan"; Value = ""; VariantName = "[No Variations]"
Add component (AddParameter): Name = "Ma_Hang"; Value = "MH004554"; VariantName = "[No Variations]"
Add component (AddParameter): Name = "So_Chan"; Value = "2"; VariantName = "[No Variations]"
Add component (AddParameter): Name = "Ten_Linh_Kien"; Value = "T? 0805 10P 10% 50V"; VariantName = "[No Variations]"
Added Component: Designator=C4(tu 0805)
Add component. Clean all parameters for all variants
Add component (AddParameter): Name = "Chung_Loai"; Value = "Dán"; VariantName = "[No Variations]"
Add component (AddParameter): Name = "Don_Vi"; Value = "Con"; VariantName = "[No Variations]"
Add component (AddParameter): Name = "Kieu_Chan"; Value = ""; VariantName = "[No Variations]"
Add component (AddParameter): Name = "Ma_Hang"; Value = "MH004552"; VariantName = "[No Variations]"
Add component (AddParameter): Name = "So_Chan"; Value = "2"; VariantName = "[No Variations]"
Add component (AddParameter): Name = "Ten_Linh_Kien"; Value = "T? 0805 105-1uF 10% 50V"; VariantName = "[No Variations]"
Added Component: Designator=C5(tu 1206)
Add component. Clean all parameters for all variants
Add component (AddParameter): Name = "Chung_Loai"; Value = "Dán"; VariantName = "[No Variations]"
Add component (AddParameter): Name = "Don_Vi"; Value = "Con"; VariantName = "[No Variations]"
Add component (AddParameter): Name = "Kieu_Chan"; Value = ""; VariantName = "[No Variations]"
Add component (AddParameter): Name = "Ma_Hang"; Value = "MH007538"; VariantName = "[No Variations]"
Add component (AddParameter): Name = "So_Chan"; Value = "2"; VariantName = "[No Variations]"
Add component (AddParameter): Name = "Ten_Linh_Kien"; Value = "T? 1206 4.7nF 50V NPO"; VariantName = "[No Variations]"
Added Component: Designator=C6(tu 0805)
Add component. Clean all parameters for all variants
Add component (AddParameter): Name = "Chung_Loai"; Value = "Dán"; VariantName = "[No Variations]"
Add component (AddParameter): Name = "Don_Vi"; Value = "Con"; VariantName = "[No Variations]"
Add component (AddParameter): Name = "Kieu_Chan"; Value = ""; VariantName = "[No Variations]"
Add component (AddParameter): Name = "Ma_Hang"; Value = "MH004554"; VariantName = "[No Variations]"
Add component (AddParameter): Name = "So_Chan"; Value = "2"; VariantName = "[No Variations]"
Add component (AddParameter): Name = "Ten_Linh_Kien"; Value = "T? 0805 10P 10% 50V"; VariantName = "[No Variations]"
Added Component: Designator=C7(tu 0805)
Add component. Clean all parameters for all variants
Add component (AddParameter): Name = "Chung_Loai"; Value = "Dán"; VariantName = "[No Variations]"
Add component (AddParameter): Name = "Don_Vi"; Value = "Con"; VariantName = "[No Variations]"
Add component (AddParameter): Name = "Kieu_Chan"; Value = ""; VariantName = "[No Variations]"
Add component (AddParameter): Name = "Ma_Hang"; Value = "MH004554"; VariantName = "[No Variations]"
Add component (AddParameter): Name = "So_Chan"; Value = "2"; VariantName = "[No Variations]"
Add component (AddParameter): Name = "Ten_Linh_Kien"; Value = "T? 0805 10P 10% 50V"; VariantName = "[No Variations]"
Added Component: Designator=C8(tu 0805)
Add component. Clean all parameters for all variants
Add component (AddParameter): Name = "Chung_Loai"; Value = "Dán"; VariantName = "[No Variations]"
Add component (AddParameter): Name = "Don_Vi"; Value = "Con"; VariantName = "[No Variations]"
Add component (AddParameter): Name = "Kieu_Chan"; Value = ""; VariantName = "[No Variations]"
Add component (AddParameter): Name = "Ma_Hang"; Value = "MH004552"; VariantName = "[No Variations]"
Add component (AddParameter): Name = "So_Chan"; Value = "2"; VariantName = "[No Variations]"
Add component (AddParameter): Name = "Ten_Linh_Kien"; Value = "T? 0805 105-1uF 10% 50V"; VariantName = "[No Variations]"
Added Component: Designator=C9(tu 0805)
Add component. Clean all parameters for all variants
Add component (AddParameter): Name = "Chung_Loai"; Value = "Dán"; VariantName = "[No Variations]"
Add component (AddParameter): Name = "Don_Vi"; Value = "Con"; VariantName = "[No Variations]"
Add component (AddParameter): Name = "Kieu_Chan"; Value = ""; VariantName = "[No Variations]"
Add component (AddParameter): Name = "Ma_Hang"; Value = "MH004552"; VariantName = "[No Variations]"
Add component (AddParameter): Name = "So_Chan"; Value = "2"; VariantName = "[No Variations]"
Add component (AddParameter): Name = "Ten_Linh_Kien"; Value = "T? 0805 105-1uF 10% 50V"; VariantName = "[No Variations]"
Added Component: Designator=C10(tu 0805)
Add component. Clean all parameters for all variants
Add component (AddParameter): Name = "Chung_Loai"; Value = "Dán"; VariantName = "[No Variations]"
Add component (AddParameter): Name = "Don_Vi"; Value = "Con"; VariantName = "[No Variations]"
Add component (AddParameter): Name = "Kieu_Chan"; Value = ""; VariantName = "[No Variations]"
Add component (AddParameter): Name = "Ma_Hang"; Value = "MH004552"; VariantName = "[No Variations]"
Add component (AddParameter): Name = "So_Chan"; Value = "2"; VariantName = "[No Variations]"
Add component (AddParameter): Name = "Ten_Linh_Kien"; Value = "T? 0805 105-1uF 10% 50V"; VariantName = "[No Variations]"
Added Component: Designator=C11(SMD-1210C)
Add component. Clean all parameters for all variants
Add component (AddParameter): Name = "@ qty"; Value = "0"; VariantName = "[No Variations]"
Add component (AddParameter): Name = "Applications"; Value = "Automotive"; VariantName = "[No Variations]"
Add component (AddParameter): Name = "Datasheets"; Value = "http://search.murata.co.jp/Ceramy/image/img/A01X/G101/ENG/GRT32ER61H475ME01-01.pdf"; VariantName = "[No Variations]"
Add component (AddParameter): Name = "Digi-Key Part Number"; Value = "490-12508-1-ND"; VariantName = "[No Variations]"
Add component (AddParameter): Name = "Factory Stock"; Value = "0"; VariantName = "[No Variations]"
Add component (AddParameter): Name = "Failure Rate"; Value = "Surface Mount, MLCC"; VariantName = "[No Variations]"
Add component (AddParameter): Name = "Features"; Value = "-"; VariantName = "[No Variations]"
Add component (AddParameter): Name = "Height - Seated (Max)"; Value = "0.106" (2.70mm)"; VariantName = "[No Variations]"
Add component (AddParameter): Name = "Image"; Value = "//media.digikey.com/Renders/Murata%20Renders/GRT%20Series%201210(3225%20Metric).jpg"; VariantName = "[No Variations]"
Add component (AddParameter): Name = "Lead Spacing"; Value = "-"; VariantName = "[No Variations]"
Add component (AddParameter): Name = "Manufacturer"; Value = "Murata Electronics North America"; VariantName = "[No Variations]"
Add component (AddParameter): Name = "Minimum Quantity"; Value = "1"; VariantName = "[No Variations]"
Add component (AddParameter): Name = "Mounting Type"; Value = "1210 (3225 Metric)"; VariantName = "[No Variations]"
Add component (AddParameter): Name = "Operating Temperature"; Value = "-55°C ~ 85°C"; VariantName = "[No Variations]"
Add component (AddParameter): Name = "Package / Case"; Value = "0.126" L x 0.098" W (3.20mm x 2.50mm)"; VariantName = "[No Variations]"
Add component (AddParameter): Name = "Packaging"; Value = "Cut Tape (CT)"; VariantName = "[No Variations]"
Add component (AddParameter): Name = "Part Number"; Value = "GRT32ER61H475ME01L"; VariantName = "[No Variations]"
Add component (AddParameter): Name = "Part Status"; Value = "Active"; VariantName = "[No Variations]"
Add component (AddParameter): Name = "Quantity Available"; Value = "1000"; VariantName = "[No Variations]"
Add component (AddParameter): Name = "Ratings"; Value = "AEC-Q200"; VariantName = "[No Variations]"
Add component (AddParameter): Name = "Series"; Value = "GRT"; VariantName = "[No Variations]"
Add component (AddParameter): Name = "Size / Dimension"; Value = "-"; VariantName = "[No Variations]"
Add component (AddParameter): Name = "Temperature Coefficient"; Value = "X5R"; VariantName = "[No Variations]"
Add component (AddParameter): Name = "Thickness (Max)"; Value = "-"; VariantName = "[No Variations]"
Add component (AddParameter): Name = "Tolerance"; Value = "±20%"; VariantName = "[No Variations]"
Add component (AddParameter): Name = "Unit Price (USD)"; Value = "1.25"; VariantName = "[No Variations]"
Add component (AddParameter): Name = "Value"; Value = "4.7µF"; VariantName = "[No Variations]"
Add component (AddParameter): Name = "Voltage"; Value = "50V"; VariantName = "[No Variations]"
Added Component: Designator=C12(SMD-1210C)
Add component. Clean all parameters for all variants
Add component (AddParameter): Name = "@ qty"; Value = "0"; VariantName = "[No Variations]"
Add component (AddParameter): Name = "Applications"; Value = "Automotive"; VariantName = "[No Variations]"
Add component (AddParameter): Name = "Datasheets"; Value = "http://search.murata.co.jp/Ceramy/image/img/A01X/G101/ENG/GRT32ER61H475ME01-01.pdf"; VariantName = "[No Variations]"
Add component (AddParameter): Name = "Digi-Key Part Number"; Value = "490-12508-1-ND"; VariantName = "[No Variations]"
Add component (AddParameter): Name = "Factory Stock"; Value = "0"; VariantName = "[No Variations]"
Add component (AddParameter): Name = "Failure Rate"; Value = "Surface Mount, MLCC"; VariantName = "[No Variations]"
Add component (AddParameter): Name = "Features"; Value = "-"; VariantName = "[No Variations]"
Add component (AddParameter): Name = "Height - Seated (Max)"; Value = "0.106" (2.70mm)"; VariantName = "[No Variations]"
Add component (AddParameter): Name = "Image"; Value = "//media.digikey.com/Renders/Murata%20Renders/GRT%20Series%201210(3225%20Metric).jpg"; VariantName = "[No Variations]"
Add component (AddParameter): Name = "Lead Spacing"; Value = "-"; VariantName = "[No Variations]"
Add component (AddParameter): Name = "Manufacturer"; Value = "Murata Electronics North America"; VariantName = "[No Variations]"
Add component (AddParameter): Name = "Minimum Quantity"; Value = "1"; VariantName = "[No Variations]"
Add component (AddParameter): Name = "Mounting Type"; Value = "1210 (3225 Metric)"; VariantName = "[No Variations]"
Add component (AddParameter): Name = "Operating Temperature"; Value = "-55°C ~ 85°C"; VariantName = "[No Variations]"
Add component (AddParameter): Name = "Package / Case"; Value = "0.126" L x 0.098" W (3.20mm x 2.50mm)"; VariantName = "[No Variations]"
Add component (AddParameter): Name = "Packaging"; Value = "Cut Tape (CT)"; VariantName = "[No Variations]"
Add component (AddParameter): Name = "Part Number"; Value = "GRT32ER61H475ME01L"; VariantName = "[No Variations]"
Add component (AddParameter): Name = "Part Status"; Value = "Active"; VariantName = "[No Variations]"
Add component (AddParameter): Name = "Quantity Available"; Value = "1000"; VariantName = "[No Variations]"
Add component (AddParameter): Name = "Ratings"; Value = "AEC-Q200"; VariantName = "[No Variations]"
Add component (AddParameter): Name = "Series"; Value = "GRT"; VariantName = "[No Variations]"
Add component (AddParameter): Name = "Size / Dimension"; Value = "-"; VariantName = "[No Variations]"
Add component (AddParameter): Name = "Temperature Coefficient"; Value = "X5R"; VariantName = "[No Variations]"
Add component (AddParameter): Name = "Thickness (Max)"; Value = "-"; VariantName = "[No Variations]"
Add component (AddParameter): Name = "Tolerance"; Value = "±20%"; VariantName = "[No Variations]"
Add component (AddParameter): Name = "Unit Price (USD)"; Value = "1.25"; VariantName = "[No Variations]"
Add component (AddParameter): Name = "Value"; Value = "4.7µF"; VariantName = "[No Variations]"
Add component (AddParameter): Name = "Voltage"; Value = "50V"; VariantName = "[No Variations]"
Added Component: Designator=C13(tu 0805)
Add component. Clean all parameters for all variants
Add component (AddParameter): Name = "Chung_Loai"; Value = "Dán"; VariantName = "[No Variations]"
Add component (AddParameter): Name = "Don_Vi"; Value = "Con"; VariantName = "[No Variations]"
Add component (AddParameter): Name = "Kieu_Chan"; Value = ""; VariantName = "[No Variations]"
Add component (AddParameter): Name = "Ma_Hang"; Value = "MH004552"; VariantName = "[No Variations]"
Add component (AddParameter): Name = "So_Chan"; Value = "2"; VariantName = "[No Variations]"
Add component (AddParameter): Name = "Ten_Linh_Kien"; Value = "T? 0805 105-1uF 10% 50V"; VariantName = "[No Variations]"
Added Component: Designator=C14(tu 0805)
Add component. Clean all parameters for all variants
Add component (AddParameter): Name = "Chung_Loai"; Value = "Dán"; VariantName = "[No Variations]"
Add component (AddParameter): Name = "Don_Vi"; Value = "Con"; VariantName = "[No Variations]"
Add component (AddParameter): Name = "Kieu_Chan"; Value = ""; VariantName = "[No Variations]"
Add component (AddParameter): Name = "Ma_Hang"; Value = "MH004552"; VariantName = "[No Variations]"
Add component (AddParameter): Name = "So_Chan"; Value = "2"; VariantName = "[No Variations]"
Add component (AddParameter): Name = "Ten_Linh_Kien"; Value = "T? 0805 105-1uF 10% 50V"; VariantName = "[No Variations]"
Added Component: Designator=C15(SMD-1210C)
Add component. Clean all parameters for all variants
Add component (AddParameter): Name = "@ qty"; Value = "0"; VariantName = "[No Variations]"
Add component (AddParameter): Name = "Applications"; Value = "Automotive"; VariantName = "[No Variations]"
Add component (AddParameter): Name = "Datasheets"; Value = "http://search.murata.co.jp/Ceramy/image/img/A01X/G101/ENG/GRT32ER61H475ME01-01.pdf"; VariantName = "[No Variations]"
Add component (AddParameter): Name = "Digi-Key Part Number"; Value = "490-12508-1-ND"; VariantName = "[No Variations]"
Add component (AddParameter): Name = "Factory Stock"; Value = "0"; VariantName = "[No Variations]"
Add component (AddParameter): Name = "Failure Rate"; Value = "Surface Mount, MLCC"; VariantName = "[No Variations]"
Add component (AddParameter): Name = "Features"; Value = "-"; VariantName = "[No Variations]"
Add component (AddParameter): Name = "Height - Seated (Max)"; Value = "0.106" (2.70mm)"; VariantName = "[No Variations]"
Add component (AddParameter): Name = "Image"; Value = "//media.digikey.com/Renders/Murata%20Renders/GRT%20Series%201210(3225%20Metric).jpg"; VariantName = "[No Variations]"
Add component (AddParameter): Name = "Lead Spacing"; Value = "-"; VariantName = "[No Variations]"
Add component (AddParameter): Name = "Manufacturer"; Value = "Murata Electronics North America"; VariantName = "[No Variations]"
Add component (AddParameter): Name = "Minimum Quantity"; Value = "1"; VariantName = "[No Variations]"
Add component (AddParameter): Name = "Mounting Type"; Value = "1210 (3225 Metric)"; VariantName = "[No Variations]"
Add component (AddParameter): Name = "Operating Temperature"; Value = "-55°C ~ 85°C"; VariantName = "[No Variations]"
Add component (AddParameter): Name = "Package / Case"; Value = "0.126" L x 0.098" W (3.20mm x 2.50mm)"; VariantName = "[No Variations]"
Add component (AddParameter): Name = "Packaging"; Value = "Cut Tape (CT)"; VariantName = "[No Variations]"
Add component (AddParameter): Name = "Part Number"; Value = "GRT32ER61H475ME01L"; VariantName = "[No Variations]"
Add component (AddParameter): Name = "Part Status"; Value = "Active"; VariantName = "[No Variations]"
Add component (AddParameter): Name = "Quantity Available"; Value = "1000"; VariantName = "[No Variations]"
Add component (AddParameter): Name = "Ratings"; Value = "AEC-Q200"; VariantName = "[No Variations]"
Add component (AddParameter): Name = "Series"; Value = "GRT"; VariantName = "[No Variations]"
Add component (AddParameter): Name = "Size / Dimension"; Value = "-"; VariantName = "[No Variations]"
Add component (AddParameter): Name = "Temperature Coefficient"; Value = "X5R"; VariantName = "[No Variations]"
Add component (AddParameter): Name = "Thickness (Max)"; Value = "-"; VariantName = "[No Variations]"
Add component (AddParameter): Name = "Tolerance"; Value = "±20%"; VariantName = "[No Variations]"
Add component (AddParameter): Name = "Unit Price (USD)"; Value = "1.25"; VariantName = "[No Variations]"
Add component (AddParameter): Name = "Value"; Value = "4.7µF"; VariantName = "[No Variations]"
Add component (AddParameter): Name = "Voltage"; Value = "50V"; VariantName = "[No Variations]"
Added Component: Designator=C16(tu 0805)
Add component. Clean all parameters for all variants
Add component (AddParameter): Name = "Chung_Loai"; Value = "Dán"; VariantName = "[No Variations]"
Add component (AddParameter): Name = "Don_Vi"; Value = "Con"; VariantName = "[No Variations]"
Add component (AddParameter): Name = "Kieu_Chan"; Value = ""; VariantName = "[No Variations]"
Add component (AddParameter): Name = "Ma_Hang"; Value = "MH004552"; VariantName = "[No Variations]"
Add component (AddParameter): Name = "So_Chan"; Value = "2"; VariantName = "[No Variations]"
Add component (AddParameter): Name = "Ten_Linh_Kien"; Value = "T? 0805 105-1uF 10% 50V"; VariantName = "[No Variations]"
Added Component: Designator=C17(tu 0805)
Add component. Clean all parameters for all variants
Add component (AddParameter): Name = "Chung_Loai"; Value = "Dán"; VariantName = "[No Variations]"
Add component (AddParameter): Name = "Don_Vi"; Value = "Con"; VariantName = "[No Variations]"
Add component (AddParameter): Name = "Kieu_Chan"; Value = ""; VariantName = "[No Variations]"
Add component (AddParameter): Name = "Ma_Hang"; Value = "MH004554"; VariantName = "[No Variations]"
Add component (AddParameter): Name = "So_Chan"; Value = "2"; VariantName = "[No Variations]"
Add component (AddParameter): Name = "Ten_Linh_Kien"; Value = "T? 0805 10P 10% 50V"; VariantName = "[No Variations]"
Added Component: Designator=C18(SMD-1210C)
Add component. Clean all parameters for all variants
Add component (AddParameter): Name = "@ qty"; Value = "0"; VariantName = "[No Variations]"
Add component (AddParameter): Name = "Applications"; Value = "Automotive"; VariantName = "[No Variations]"
Add component (AddParameter): Name = "Datasheets"; Value = "http://search.murata.co.jp/Ceramy/image/img/A01X/G101/ENG/GRT32ER61H475ME01-01.pdf"; VariantName = "[No Variations]"
Add component (AddParameter): Name = "Digi-Key Part Number"; Value = "490-12508-1-ND"; VariantName = "[No Variations]"
Add component (AddParameter): Name = "Factory Stock"; Value = "0"; VariantName = "[No Variations]"
Add component (AddParameter): Name = "Failure Rate"; Value = "Surface Mount, MLCC"; VariantName = "[No Variations]"
Add component (AddParameter): Name = "Features"; Value = "-"; VariantName = "[No Variations]"
Add component (AddParameter): Name = "Height - Seated (Max)"; Value = "0.106" (2.70mm)"; VariantName = "[No Variations]"
Add component (AddParameter): Name = "Image"; Value = "//media.digikey.com/Renders/Murata%20Renders/GRT%20Series%201210(3225%20Metric).jpg"; VariantName = "[No Variations]"
Add component (AddParameter): Name = "Lead Spacing"; Value = "-"; VariantName = "[No Variations]"
Add component (AddParameter): Name = "Manufacturer"; Value = "Murata Electronics North America"; VariantName = "[No Variations]"
Add component (AddParameter): Name = "Minimum Quantity"; Value = "1"; VariantName = "[No Variations]"
Add component (AddParameter): Name = "Mounting Type"; Value = "1210 (3225 Metric)"; VariantName = "[No Variations]"
Add component (AddParameter): Name = "Operating Temperature"; Value = "-55°C ~ 85°C"; VariantName = "[No Variations]"
Add component (AddParameter): Name = "Package / Case"; Value = "0.126" L x 0.098" W (3.20mm x 2.50mm)"; VariantName = "[No Variations]"
Add component (AddParameter): Name = "Packaging"; Value = "Cut Tape (CT)"; VariantName = "[No Variations]"
Add component (AddParameter): Name = "Part Number"; Value = "GRT32ER61H475ME01L"; VariantName = "[No Variations]"
Add component (AddParameter): Name = "Part Status"; Value = "Active"; VariantName = "[No Variations]"
Add component (AddParameter): Name = "Quantity Available"; Value = "1000"; VariantName = "[No Variations]"
Add component (AddParameter): Name = "Ratings"; Value = "AEC-Q200"; VariantName = "[No Variations]"
Add component (AddParameter): Name = "Series"; Value = "GRT"; VariantName = "[No Variations]"
Add component (AddParameter): Name = "Size / Dimension"; Value = "-"; VariantName = "[No Variations]"
Add component (AddParameter): Name = "Temperature Coefficient"; Value = "X5R"; VariantName = "[No Variations]"
Add component (AddParameter): Name = "Thickness (Max)"; Value = "-"; VariantName = "[No Variations]"
Add component (AddParameter): Name = "Tolerance"; Value = "±20%"; VariantName = "[No Variations]"
Add component (AddParameter): Name = "Unit Price (USD)"; Value = "1.25"; VariantName = "[No Variations]"
Add component (AddParameter): Name = "Value"; Value = "4.7µF"; VariantName = "[No Variations]"
Add component (AddParameter): Name = "Voltage"; Value = "50V"; VariantName = "[No Variations]"
Added Component: Designator=C19(SMD-1210C)
Add component. Clean all parameters for all variants
Add component (AddParameter): Name = "@ qty"; Value = "0"; VariantName = "[No Variations]"
Add component (AddParameter): Name = "Applications"; Value = "Automotive"; VariantName = "[No Variations]"
Add component (AddParameter): Name = "Datasheets"; Value = "http://search.murata.co.jp/Ceramy/image/img/A01X/G101/ENG/GRT32ER61H475ME01-01.pdf"; VariantName = "[No Variations]"
Add component (AddParameter): Name = "Digi-Key Part Number"; Value = "490-12508-1-ND"; VariantName = "[No Variations]"
Add component (AddParameter): Name = "Factory Stock"; Value = "0"; VariantName = "[No Variations]"
Add component (AddParameter): Name = "Failure Rate"; Value = "Surface Mount, MLCC"; VariantName = "[No Variations]"
Add component (AddParameter): Name = "Features"; Value = "-"; VariantName = "[No Variations]"
Add component (AddParameter): Name = "Height - Seated (Max)"; Value = "0.106" (2.70mm)"; VariantName = "[No Variations]"
Add component (AddParameter): Name = "Image"; Value = "//media.digikey.com/Renders/Murata%20Renders/GRT%20Series%201210(3225%20Metric).jpg"; VariantName = "[No Variations]"
Add component (AddParameter): Name = "Lead Spacing"; Value = "-"; VariantName = "[No Variations]"
Add component (AddParameter): Name = "Manufacturer"; Value = "Murata Electronics North America"; VariantName = "[No Variations]"
Add component (AddParameter): Name = "Minimum Quantity"; Value = "1"; VariantName = "[No Variations]"
Add component (AddParameter): Name = "Mounting Type"; Value = "1210 (3225 Metric)"; VariantName = "[No Variations]"
Add component (AddParameter): Name = "Operating Temperature"; Value = "-55°C ~ 85°C"; VariantName = "[No Variations]"
Add component (AddParameter): Name = "Package / Case"; Value = "0.126" L x 0.098" W (3.20mm x 2.50mm)"; VariantName = "[No Variations]"
Add component (AddParameter): Name = "Packaging"; Value = "Cut Tape (CT)"; VariantName = "[No Variations]"
Add component (AddParameter): Name = "Part Number"; Value = "GRT32ER61H475ME01L"; VariantName = "[No Variations]"
Add component (AddParameter): Name = "Part Status"; Value = "Active"; VariantName = "[No Variations]"
Add component (AddParameter): Name = "Quantity Available"; Value = "1000"; VariantName = "[No Variations]"
Add component (AddParameter): Name = "Ratings"; Value = "AEC-Q200"; VariantName = "[No Variations]"
Add component (AddParameter): Name = "Series"; Value = "GRT"; VariantName = "[No Variations]"
Add component (AddParameter): Name = "Size / Dimension"; Value = "-"; VariantName = "[No Variations]"
Add component (AddParameter): Name = "Temperature Coefficient"; Value = "X5R"; VariantName = "[No Variations]"
Add component (AddParameter): Name = "Thickness (Max)"; Value = "-"; VariantName = "[No Variations]"
Add component (AddParameter): Name = "Tolerance"; Value = "±20%"; VariantName = "[No Variations]"
Add component (AddParameter): Name = "Unit Price (USD)"; Value = "1.25"; VariantName = "[No Variations]"
Add component (AddParameter): Name = "Value"; Value = "4.7µF"; VariantName = "[No Variations]"
Add component (AddParameter): Name = "Voltage"; Value = "50V"; VariantName = "[No Variations]"
Added Component: Designator=C20(tu 0805)
Add component. Clean all parameters for all variants
Add component (AddParameter): Name = "Chung_Loai"; Value = "Dán"; VariantName = "[No Variations]"
Add component (AddParameter): Name = "Don_Vi"; Value = "Con"; VariantName = "[No Variations]"
Add component (AddParameter): Name = "Kieu_Chan"; Value = ""; VariantName = "[No Variations]"
Add component (AddParameter): Name = "Ma_Hang"; Value = "MH004554"; VariantName = "[No Variations]"
Add component (AddParameter): Name = "So_Chan"; Value = "2"; VariantName = "[No Variations]"
Add component (AddParameter): Name = "Ten_Linh_Kien"; Value = "T? 0805 10P 10% 50V"; VariantName = "[No Variations]"
Added Component: Designator=C24(tu 0805)
Add component. Clean all parameters for all variants
Add component (AddParameter): Name = "Chung_Loai"; Value = "Dán"; VariantName = "[No Variations]"
Add component (AddParameter): Name = "Don_Vi"; Value = "Con"; VariantName = "[No Variations]"
Add component (AddParameter): Name = "Kieu_Chan"; Value = ""; VariantName = "[No Variations]"
Add component (AddParameter): Name = "Ma_Hang"; Value = "MH004552"; VariantName = "[No Variations]"
Add component (AddParameter): Name = "So_Chan"; Value = "2"; VariantName = "[No Variations]"
Add component (AddParameter): Name = "Ten_Linh_Kien"; Value = "T? 0805 105-1uF 10% 50V"; VariantName = "[No Variations]"
Added Component: Designator=C25(tu 0805)
Add component. Clean all parameters for all variants
Add component (AddParameter): Name = "Chung_Loai"; Value = "Dán"; VariantName = "[No Variations]"
Add component (AddParameter): Name = "Don_Vi"; Value = "Con"; VariantName = "[No Variations]"
Add component (AddParameter): Name = "Kieu_Chan"; Value = ""; VariantName = "[No Variations]"
Add component (AddParameter): Name = "Ma_Hang"; Value = "MH004552"; VariantName = "[No Variations]"
Add component (AddParameter): Name = "So_Chan"; Value = "2"; VariantName = "[No Variations]"
Add component (AddParameter): Name = "Ten_Linh_Kien"; Value = "T? 0805 105-1uF 10% 50V"; VariantName = "[No Variations]"
Added Component: Designator=C26(tu 0805)
Add component. Clean all parameters for all variants
Add component (AddParameter): Name = "Chung_Loai"; Value = "Dán"; VariantName = "[No Variations]"
Add component (AddParameter): Name = "Don_Vi"; Value = "Con"; VariantName = "[No Variations]"
Add component (AddParameter): Name = "Kieu_Chan"; Value = ""; VariantName = "[No Variations]"
Add component (AddParameter): Name = "Ma_Hang"; Value = "MH004552"; VariantName = "[No Variations]"
Add component (AddParameter): Name = "So_Chan"; Value = "2"; VariantName = "[No Variations]"
Add component (AddParameter): Name = "Ten_Linh_Kien"; Value = "T? 0805 105-1uF 10% 50V"; VariantName = "[No Variations]"
Added Component: Designator=C27(tu 0805)
Add component. Clean all parameters for all variants
Add component (AddParameter): Name = "Chung_Loai"; Value = "Dán"; VariantName = "[No Variations]"
Add component (AddParameter): Name = "Don_Vi"; Value = "Con"; VariantName = "[No Variations]"
Add component (AddParameter): Name = "Kieu_Chan"; Value = ""; VariantName = "[No Variations]"
Add component (AddParameter): Name = "Ma_Hang"; Value = "MH004552"; VariantName = "[No Variations]"
Add component (AddParameter): Name = "So_Chan"; Value = "2"; VariantName = "[No Variations]"
Add component (AddParameter): Name = "Ten_Linh_Kien"; Value = "T? 0805 105-1uF 10% 50V"; VariantName = "[No Variations]"
Added Component: Designator=C34(tu 0603)
Add component. Clean all parameters for all variants
Add component (AddParameter): Name = "Chung_Loai"; Value = "Dán"; VariantName = "[No Variations]"
Add component (AddParameter): Name = "Don_Vi"; Value = "Con"; VariantName = "[No Variations]"
Add component (AddParameter): Name = "Kieu_Chan"; Value = ""; VariantName = "[No Variations]"
Add component (AddParameter): Name = "Ma_Hang"; Value = "MH004570"; VariantName = "[No Variations]"
Add component (AddParameter): Name = "So_Chan"; Value = "2"; VariantName = "[No Variations]"
Add component (AddParameter): Name = "Ten_Linh_Kien"; Value = "T? 0603 22pF 50V 10%"; VariantName = "[No Variations]"
Added Component: Designator=C35(tu 0603)
Add component. Clean all parameters for all variants
Add component (AddParameter): Name = "Chung_Loai"; Value = "Dán"; VariantName = "[No Variations]"
Add component (AddParameter): Name = "Don_Vi"; Value = "Con"; VariantName = "[No Variations]"
Add component (AddParameter): Name = "Kieu_Chan"; Value = ""; VariantName = "[No Variations]"
Add component (AddParameter): Name = "Ma_Hang"; Value = "MH004570"; VariantName = "[No Variations]"
Add component (AddParameter): Name = "So_Chan"; Value = "2"; VariantName = "[No Variations]"
Add component (AddParameter): Name = "Ten_Linh_Kien"; Value = "T? 0603 22pF 50V 10%"; VariantName = "[No Variations]"
Added Component: Designator=C36(tu 0805)
Add component. Clean all parameters for all variants
Add component (AddParameter): Name = "Chung_Loai"; Value = "Dán"; VariantName = "[No Variations]"
Add component (AddParameter): Name = "Don_Vi"; Value = "Con"; VariantName = "[No Variations]"
Add component (AddParameter): Name = "Kieu_Chan"; Value = ""; VariantName = "[No Variations]"
Add component (AddParameter): Name = "Ma_Hang"; Value = "MH004552"; VariantName = "[No Variations]"
Add component (AddParameter): Name = "So_Chan"; Value = "2"; VariantName = "[No Variations]"
Add component (AddParameter): Name = "Ten_Linh_Kien"; Value = "T? 0805 105-1uF 10% 50V"; VariantName = "[No Variations]"
Added Component: Designator=C37(tu 0805)
Add component. Clean all parameters for all variants
Add component (AddParameter): Name = "Chung_Loai"; Value = "Dán"; VariantName = "[No Variations]"
Add component (AddParameter): Name = "Don_Vi"; Value = "Con"; VariantName = "[No Variations]"
Add component (AddParameter): Name = "Kieu_Chan"; Value = ""; VariantName = "[No Variations]"
Add component (AddParameter): Name = "Ma_Hang"; Value = "MH004552"; VariantName = "[No Variations]"
Add component (AddParameter): Name = "So_Chan"; Value = "2"; VariantName = "[No Variations]"
Add component (AddParameter): Name = "Ten_Linh_Kien"; Value = "T? 0805 105-1uF 10% 50V"; VariantName = "[No Variations]"
Added Component: Designator=C38(tu 0805)
Add component. Clean all parameters for all variants
Add component (AddParameter): Name = "Chung_Loai"; Value = "Dán"; VariantName = "[No Variations]"
Add component (AddParameter): Name = "Don_Vi"; Value = "Con"; VariantName = "[No Variations]"
Add component (AddParameter): Name = "Kieu_Chan"; Value = ""; VariantName = "[No Variations]"
Add component (AddParameter): Name = "Ma_Hang"; Value = "MH004552"; VariantName = "[No Variations]"
Add component (AddParameter): Name = "So_Chan"; Value = "2"; VariantName = "[No Variations]"
Add component (AddParameter): Name = "Ten_Linh_Kien"; Value = "T? 0805 105-1uF 10% 50V"; VariantName = "[No Variations]"
Added Component: Designator=D1(DIODE ZENNER SMD SOD80)
Add component. Clean all parameters for all variants
Add component (AddParameter): Name = "Chung_Loai"; Value = "Dán"; VariantName = "[No Variations]"
Add component (AddParameter): Name = "Don_Vi"; Value = "Con"; VariantName = "[No Variations]"
Add component (AddParameter): Name = "Ghi_Chu"; Value = ""; VariantName = "[No Variations]"
Add component (AddParameter): Name = "Kieu_Chan"; Value = ""; VariantName = "[No Variations]"
Add component (AddParameter): Name = "Ma_Hang"; Value = "MH002881"; VariantName = "[No Variations]"
Add component (AddParameter): Name = "Ten_Linh_Kien"; Value = "Diode Zener 1/2W 5.1V SMD1206 ZMM5.1"; VariantName = "[No Variations]"
Added Component: Designator=D(SC70-6)
Add component. Clean all parameters for all variants
Add component (AddParameter): Name = "Availability"; Value = "Unavailable"; VariantName = "[No Variations]"
Add component (AddParameter): Name = "MF"; Value = "ON Semiconductor"; VariantName = "[No Variations]"
Add component (AddParameter): Name = "MP"; Value = "SMF05C"; VariantName = "[No Variations]"
Add component (AddParameter): Name = "Package"; Value = "SOT-363 ON Semiconductor"; VariantName = "[No Variations]"
Add component (AddParameter): Name = "Price"; Value = "None"; VariantName = "[No Variations]"
Add component (AddParameter): Name = "SnapEDA_Link"; Value = "https://www.snapeda.com/parts/SMF05C/ON%20Semiconductor/view-part/2782704/?ref=snap"; VariantName = "[No Variations]"
Add component (AddParameter): Name = "Value"; Value = ""; VariantName = "[No Variations]"
Added Component: Designator=J2(PCBComponent_1)
Add component. Clean all parameters for all variants
Added Component: Designator=JP1(JP 1x3 DT)
Add component. Clean all parameters for all variants
Add component (AddParameter): Name = "Chung_Loai"; Value = "C?m"; VariantName = "[No Variations]"
Add component (AddParameter): Name = "Don_Vi"; Value = "Con"; VariantName = "[No Variations]"
Add component (AddParameter): Name = "Ghi_Chu"; Value = ""; VariantName = "[No Variations]"
Add component (AddParameter): Name = "Kieu_Chan"; Value = ""; VariantName = "[No Variations]"
Add component (AddParameter): Name = "Ma_Hang"; Value = "MH000903"; VariantName = "[No Variations]"
Add component (AddParameter): Name = "Ten_Linh_Kien"; Value = "Jump Ðon Ð?c 2.54MM 1x40P Th?ng 11MM"; VariantName = "[No Variations]"
Added Component: Designator=JP4(JP 2x3 DT)
Add component. Clean all parameters for all variants
Add component (AddParameter): Name = "Chung_Loai"; Value = "C?m"; VariantName = "[No Variations]"
Add component (AddParameter): Name = "Don_Vi"; Value = "Con"; VariantName = "[No Variations]"
Add component (AddParameter): Name = "Ghi_Chu"; Value = ""; VariantName = "[No Variations]"
Add component (AddParameter): Name = "Kieu_Chan"; Value = ""; VariantName = "[No Variations]"
Add component (AddParameter): Name = "Ma_Hang"; Value = "MH002686"; VariantName = "[No Variations]"
Add component (AddParameter): Name = "Ten_Linh_Kien"; Value = "Jump Ðôi Ð?c 2.54MM 2x40P Th?ng 11MM"; VariantName = "[No Variations]"
Added Component: Designator=JP?(JP 1x5 DT)
Add component. Clean all parameters for all variants
Add component (AddParameter): Name = "Chung_Loai"; Value = "C?m"; VariantName = "[No Variations]"
Add component (AddParameter): Name = "Don_Vi"; Value = "Con"; VariantName = "[No Variations]"
Add component (AddParameter): Name = "Ghi_Chu"; Value = ""; VariantName = "[No Variations]"
Add component (AddParameter): Name = "Kieu_Chan"; Value = ""; VariantName = "[No Variations]"
Add component (AddParameter): Name = "Ma_Hang"; Value = "MH000903"; VariantName = "[No Variations]"
Add component (AddParameter): Name = "Ten_Linh_Kien"; Value = "Jump Ðon Ð?c 2.54MM 1x40P Th?ng 11MM"; VariantName = "[No Variations]"
Added Component: Designator=J(MOLEX_78646-3001)
Add component. Clean all parameters for all variants
Add component (AddParameter): Name = "Availability"; Value = "Unavailable"; VariantName = "[No Variations]"
Add component (AddParameter): Name = "MF"; Value = "Molex"; VariantName = "[No Variations]"
Add component (AddParameter): Name = "MP"; Value = "78646-3001"; VariantName = "[No Variations]"
Add component (AddParameter): Name = "Package"; Value = "None"; VariantName = "[No Variations]"
Add component (AddParameter): Name = "Price"; Value = "None"; VariantName = "[No Variations]"
Add component (AddParameter): Name = "SnapEDA_Link"; Value = "https://www.snapeda.com/parts/78646-3001/Molex/view-part/75189/?ref=snap"; VariantName = "[No Variations]"
Add component (AddParameter): Name = "Value"; Value = ""; VariantName = "[No Variations]"
Added Component: Designator=L1(INDP125125X600N)
Add component. Clean all parameters for all variants
Add component (AddParameter): Name = "Availability"; Value = "Unavailable"; VariantName = "[No Variations]"
Add component (AddParameter): Name = "MF"; Value = "Bourns"; VariantName = "[No Variations]"
Add component (AddParameter): Name = "MP"; Value = "SRR1260-330M"; VariantName = "[No Variations]"
Add component (AddParameter): Name = "Package"; Value = "Nonstandard Bourns"; VariantName = "[No Variations]"
Add component (AddParameter): Name = "Price"; Value = "None"; VariantName = "[No Variations]"
Add component (AddParameter): Name = "SnapEDA_Link"; Value = "https://www.snapeda.com/parts/SRR1260-330M/Bourns/view-part/378985/?ref=snap"; VariantName = "[No Variations]"
Add component (AddParameter): Name = "Value"; Value = ""; VariantName = "[No Variations]"
Added Component: Designator=LED_Light(LED-0805-Green)
Add component. Clean all parameters for all variants
Add component (AddParameter): Name = "Chung_Loai"; Value = "Dán"; VariantName = "[No Variations]"
Add component (AddParameter): Name = "Don_Vi"; Value = "Con"; VariantName = "[No Variations]"
Add component (AddParameter): Name = "Ghi_Chu"; Value = ""; VariantName = "[No Variations]"
Add component (AddParameter): Name = "Kieu_Chan"; Value = ""; VariantName = "[No Variations]"
Add component (AddParameter): Name = "Ma_Hang"; Value = "MH002326"; VariantName = "[No Variations]"
Add component (AddParameter): Name = "Ten_Linh_Kien"; Value = "LED 0805 Màu Xanh Lá (Green)"; VariantName = "[No Variations]"
Added Component: Designator=LED_SOURCE1(LED-0805-Green)
Add component. Clean all parameters for all variants
Add component (AddParameter): Name = "Chung_Loai"; Value = "Dán"; VariantName = "[No Variations]"
Add component (AddParameter): Name = "Don_Vi"; Value = "Con"; VariantName = "[No Variations]"
Add component (AddParameter): Name = "Ghi_Chu"; Value = ""; VariantName = "[No Variations]"
Add component (AddParameter): Name = "Kieu_Chan"; Value = ""; VariantName = "[No Variations]"
Add component (AddParameter): Name = "Ma_Hang"; Value = "MH002326"; VariantName = "[No Variations]"
Add component (AddParameter): Name = "Ten_Linh_Kien"; Value = "LED 0805 Màu Xanh Lá (Green)"; VariantName = "[No Variations]"
Added Component: Designator=LED_Status(LED-0805-Green)
Add component. Clean all parameters for all variants
Add component (AddParameter): Name = "Chung_Loai"; Value = "Dán"; VariantName = "[No Variations]"
Add component (AddParameter): Name = "Don_Vi"; Value = "Con"; VariantName = "[No Variations]"
Add component (AddParameter): Name = "Ghi_Chu"; Value = ""; VariantName = "[No Variations]"
Add component (AddParameter): Name = "Kieu_Chan"; Value = ""; VariantName = "[No Variations]"
Add component (AddParameter): Name = "Ma_Hang"; Value = "MH002326"; VariantName = "[No Variations]"
Add component (AddParameter): Name = "Ten_Linh_Kien"; Value = "LED 0805 Màu Xanh Lá (Green)"; VariantName = "[No Variations]"
Added Component: Designator=PWRKEY(Nut Nhan 2 Chan SMD 3x6x2.5)
Add component. Clean all parameters for all variants
Add component (AddParameter): Name = "Ma_Hang"; Value = "MH001036"; VariantName = "[No Variations]"
Add component (AddParameter): Name = "Ten"; Value = "Nút Nh?n 2 Chân 3x6x2.5MM SMD"; VariantName = "[No Variations]"
Added Component: Designator=R1(tro smd 0805)
Add component. Clean all parameters for all variants
Add component (AddParameter): Name = "Chung_Loai"; Value = "Dán"; VariantName = "[No Variations]"
Add component (AddParameter): Name = "Don_Vi"; Value = "Con"; VariantName = "[No Variations]"
Add component (AddParameter): Name = "Kieu_Chan"; Value = ""; VariantName = "[No Variations]"
Add component (AddParameter): Name = "Ma_Hang"; Value = "MH005468"; VariantName = "[No Variations]"
Add component (AddParameter): Name = "So_Chan"; Value = "2"; VariantName = "[No Variations]"
Add component (AddParameter): Name = "Ten_Linh_Kien"; Value = "Tr? 0805 1% 1k"; VariantName = "[No Variations]"
Added Component: Designator=R2(tro smd 0805)
Add component. Clean all parameters for all variants
Add component (AddParameter): Name = "Chung_Loai"; Value = "Dán"; VariantName = "[No Variations]"
Add component (AddParameter): Name = "Don_Vi"; Value = "Con"; VariantName = "[No Variations]"
Add component (AddParameter): Name = "Kieu_Chan"; Value = ""; VariantName = "[No Variations]"
Add component (AddParameter): Name = "Ma_Hang"; Value = "MH005468"; VariantName = "[No Variations]"
Add component (AddParameter): Name = "So_Chan"; Value = "2"; VariantName = "[No Variations]"
Add component (AddParameter): Name = "Ten_Linh_Kien"; Value = "Tr? 0805 1% 1k"; VariantName = "[No Variations]"
Added Component: Designator=R8(tro smd 0805)
Add component. Clean all parameters for all variants
Add component (AddParameter): Name = "Chung_Loai"; Value = "Dán"; VariantName = "[No Variations]"
Add component (AddParameter): Name = "Don_Vi"; Value = "Con"; VariantName = "[No Variations]"
Add component (AddParameter): Name = "Kieu_Chan"; Value = ""; VariantName = "[No Variations]"
Add component (AddParameter): Name = "Ma_Hang"; Value = "MH005468"; VariantName = "[No Variations]"
Add component (AddParameter): Name = "So_Chan"; Value = "2"; VariantName = "[No Variations]"
Add component (AddParameter): Name = "Ten_Linh_Kien"; Value = "Tr? 0805 1% 1k"; VariantName = "[No Variations]"
Added Component: Designator=R9(tro smd 0805)
Add component. Clean all parameters for all variants
Add component (AddParameter): Name = "Chung_Loai"; Value = "Dán"; VariantName = "[No Variations]"
Add component (AddParameter): Name = "Don_Vi"; Value = "Con"; VariantName = "[No Variations]"
Add component (AddParameter): Name = "Kieu_Chan"; Value = ""; VariantName = "[No Variations]"
Add component (AddParameter): Name = "Ma_Hang"; Value = "MH005468"; VariantName = "[No Variations]"
Add component (AddParameter): Name = "So_Chan"; Value = "2"; VariantName = "[No Variations]"
Add component (AddParameter): Name = "Ten_Linh_Kien"; Value = "Tr? 0805 1% 1k"; VariantName = "[No Variations]"
Added Component: Designator=R10(tro smd 0805)
Add component. Clean all parameters for all variants
Add component (AddParameter): Name = "Chung_Loai"; Value = "Dán"; VariantName = "[No Variations]"
Add component (AddParameter): Name = "Don_Vi"; Value = "Con"; VariantName = "[No Variations]"
Add component (AddParameter): Name = "Kieu_Chan"; Value = ""; VariantName = "[No Variations]"
Add component (AddParameter): Name = "Ma_Hang"; Value = "MH005468"; VariantName = "[No Variations]"
Add component (AddParameter): Name = "So_Chan"; Value = "2"; VariantName = "[No Variations]"
Add component (AddParameter): Name = "Ten_Linh_Kien"; Value = "Tr? 0805 1% 1k"; VariantName = "[No Variations]"
Added Component: Designator=R11(tro smd 0805)
Add component. Clean all parameters for all variants
Add component (AddParameter): Name = "Chung_Loai"; Value = "Dán"; VariantName = "[No Variations]"
Add component (AddParameter): Name = "Don_Vi"; Value = "Con"; VariantName = "[No Variations]"
Add component (AddParameter): Name = "Kieu_Chan"; Value = ""; VariantName = "[No Variations]"
Add component (AddParameter): Name = "Ma_Hang"; Value = "MH005468"; VariantName = "[No Variations]"
Add component (AddParameter): Name = "So_Chan"; Value = "2"; VariantName = "[No Variations]"
Add component (AddParameter): Name = "Ten_Linh_Kien"; Value = "Tr? 0805 1% 1k"; VariantName = "[No Variations]"
Added Component: Designator=R12(tro smd 0805)
Add component. Clean all parameters for all variants
Add component (AddParameter): Name = "Chung_Loai"; Value = "Dán"; VariantName = "[No Variations]"
Add component (AddParameter): Name = "Don_Vi"; Value = "Con"; VariantName = "[No Variations]"
Add component (AddParameter): Name = "Kieu_Chan"; Value = ""; VariantName = "[No Variations]"
Add component (AddParameter): Name = "Ma_Hang"; Value = "MH005468"; VariantName = "[No Variations]"
Add component (AddParameter): Name = "So_Chan"; Value = "2"; VariantName = "[No Variations]"
Add component (AddParameter): Name = "Ten_Linh_Kien"; Value = "Tr? 0805 1% 1k"; VariantName = "[No Variations]"
Added Component: Designator=R13(tro smd 0805)
Add component. Clean all parameters for all variants
Add component (AddParameter): Name = "Chung_Loai"; Value = "Dán"; VariantName = "[No Variations]"
Add component (AddParameter): Name = "Don_Vi"; Value = "Con"; VariantName = "[No Variations]"
Add component (AddParameter): Name = "Kieu_Chan"; Value = ""; VariantName = "[No Variations]"
Add component (AddParameter): Name = "Ma_Hang"; Value = "MH005468"; VariantName = "[No Variations]"
Add component (AddParameter): Name = "So_Chan"; Value = "2"; VariantName = "[No Variations]"
Add component (AddParameter): Name = "Ten_Linh_Kien"; Value = "Tr? 0805 1% 1k"; VariantName = "[No Variations]"
Added Component: Designator=R14(tro smd 0805)
Add component. Clean all parameters for all variants
Add component (AddParameter): Name = "Chung_Loai"; Value = "Dán"; VariantName = "[No Variations]"
Add component (AddParameter): Name = "Don_Vi"; Value = "Con"; VariantName = "[No Variations]"
Add component (AddParameter): Name = "Kieu_Chan"; Value = ""; VariantName = "[No Variations]"
Add component (AddParameter): Name = "Ma_Hang"; Value = "MH005468"; VariantName = "[No Variations]"
Add component (AddParameter): Name = "So_Chan"; Value = "2"; VariantName = "[No Variations]"
Add component (AddParameter): Name = "Ten_Linh_Kien"; Value = "Tr? 0805 1% 1k"; VariantName = "[No Variations]"
Added Component: Designator=R15(tro smd 0805)
Add component. Clean all parameters for all variants
Add component (AddParameter): Name = "Chung_Loai"; Value = "Dán"; VariantName = "[No Variations]"
Add component (AddParameter): Name = "Don_Vi"; Value = "Con"; VariantName = "[No Variations]"
Add component (AddParameter): Name = "Kieu_Chan"; Value = ""; VariantName = "[No Variations]"
Add component (AddParameter): Name = "Ma_Hang"; Value = "MH005468"; VariantName = "[No Variations]"
Add component (AddParameter): Name = "So_Chan"; Value = "2"; VariantName = "[No Variations]"
Add component (AddParameter): Name = "Ten_Linh_Kien"; Value = "Tr? 0805 1% 1k"; VariantName = "[No Variations]"
Added Component: Designator=R16(tro smd 0805)
Add component. Clean all parameters for all variants
Add component (AddParameter): Name = "Chung_Loai"; Value = "Dán"; VariantName = "[No Variations]"
Add component (AddParameter): Name = "Don_Vi"; Value = "Con"; VariantName = "[No Variations]"
Add component (AddParameter): Name = "Kieu_Chan"; Value = ""; VariantName = "[No Variations]"
Add component (AddParameter): Name = "Ma_Hang"; Value = "MH005468"; VariantName = "[No Variations]"
Add component (AddParameter): Name = "So_Chan"; Value = "2"; VariantName = "[No Variations]"
Add component (AddParameter): Name = "Ten_Linh_Kien"; Value = "Tr? 0805 1% 1k"; VariantName = "[No Variations]"
Added Component: Designator=R17(tro smd 0805)
Add component. Clean all parameters for all variants
Add component (AddParameter): Name = "Chung_Loai"; Value = "Dán"; VariantName = "[No Variations]"
Add component (AddParameter): Name = "Don_Vi"; Value = "Con"; VariantName = "[No Variations]"
Add component (AddParameter): Name = "Kieu_Chan"; Value = ""; VariantName = "[No Variations]"
Add component (AddParameter): Name = "Ma_Hang"; Value = "MH005468"; VariantName = "[No Variations]"
Add component (AddParameter): Name = "So_Chan"; Value = "2"; VariantName = "[No Variations]"
Add component (AddParameter): Name = "Ten_Linh_Kien"; Value = "Tr? 0805 1% 1k"; VariantName = "[No Variations]"
Added Component: Designator=R18(tro smd 0805)
Add component. Clean all parameters for all variants
Add component (AddParameter): Name = "Chung_Loai"; Value = "Dán"; VariantName = "[No Variations]"
Add component (AddParameter): Name = "Don_Vi"; Value = "Con"; VariantName = "[No Variations]"
Add component (AddParameter): Name = "Kieu_Chan"; Value = ""; VariantName = "[No Variations]"
Add component (AddParameter): Name = "Ma_Hang"; Value = "MH005468"; VariantName = "[No Variations]"
Add component (AddParameter): Name = "So_Chan"; Value = "2"; VariantName = "[No Variations]"
Add component (AddParameter): Name = "Ten_Linh_Kien"; Value = "Tr? 0805 1% 1k"; VariantName = "[No Variations]"
Added Component: Designator=R19(tro smd 0805)
Add component. Clean all parameters for all variants
Add component (AddParameter): Name = "Chung_Loai"; Value = "Dán"; VariantName = "[No Variations]"
Add component (AddParameter): Name = "Don_Vi"; Value = "Con"; VariantName = "[No Variations]"
Add component (AddParameter): Name = "Kieu_Chan"; Value = ""; VariantName = "[No Variations]"
Add component (AddParameter): Name = "Ma_Hang"; Value = "MH005468"; VariantName = "[No Variations]"
Add component (AddParameter): Name = "So_Chan"; Value = "2"; VariantName = "[No Variations]"
Add component (AddParameter): Name = "Ten_Linh_Kien"; Value = "Tr? 0805 1% 1k"; VariantName = "[No Variations]"
Added Component: Designator=R25(tro smd 0805)
Add component. Clean all parameters for all variants
Add component (AddParameter): Name = "Chung_Loai"; Value = "Dán"; VariantName = "[No Variations]"
Add component (AddParameter): Name = "Don_Vi"; Value = "Con"; VariantName = "[No Variations]"
Add component (AddParameter): Name = "Kieu_Chan"; Value = ""; VariantName = "[No Variations]"
Add component (AddParameter): Name = "Ma_Hang"; Value = "MH005468"; VariantName = "[No Variations]"
Add component (AddParameter): Name = "So_Chan"; Value = "2"; VariantName = "[No Variations]"
Add component (AddParameter): Name = "Ten_Linh_Kien"; Value = "Tr? 0805 1% 1k"; VariantName = "[No Variations]"
Added Component: Designator=R26(tro smd 0805)
Add component. Clean all parameters for all variants
Add component (AddParameter): Name = "Chung_Loai"; Value = "Dán"; VariantName = "[No Variations]"
Add component (AddParameter): Name = "Don_Vi"; Value = "Con"; VariantName = "[No Variations]"
Add component (AddParameter): Name = "Kieu_Chan"; Value = ""; VariantName = "[No Variations]"
Add component (AddParameter): Name = "Ma_Hang"; Value = "MH005468"; VariantName = "[No Variations]"
Add component (AddParameter): Name = "So_Chan"; Value = "2"; VariantName = "[No Variations]"
Add component (AddParameter): Name = "Ten_Linh_Kien"; Value = "Tr? 0805 1% 1k"; VariantName = "[No Variations]"
Added Component: Designator=R27(tro smd 0805)
Add component. Clean all parameters for all variants
Add component (AddParameter): Name = "Chung_Loai"; Value = "Dán"; VariantName = "[No Variations]"
Add component (AddParameter): Name = "Don_Vi"; Value = "Con"; VariantName = "[No Variations]"
Add component (AddParameter): Name = "Kieu_Chan"; Value = ""; VariantName = "[No Variations]"
Add component (AddParameter): Name = "Ma_Hang"; Value = "MH005468"; VariantName = "[No Variations]"
Add component (AddParameter): Name = "So_Chan"; Value = "2"; VariantName = "[No Variations]"
Add component (AddParameter): Name = "Ten_Linh_Kien"; Value = "Tr? 0805 1% 1k"; VariantName = "[No Variations]"
Added Component: Designator=R28(tro smd 0805)
Add component. Clean all parameters for all variants
Add component (AddParameter): Name = "Chung_Loai"; Value = "Dán"; VariantName = "[No Variations]"
Add component (AddParameter): Name = "Don_Vi"; Value = "Con"; VariantName = "[No Variations]"
Add component (AddParameter): Name = "Kieu_Chan"; Value = ""; VariantName = "[No Variations]"
Add component (AddParameter): Name = "Ma_Hang"; Value = "MH005468"; VariantName = "[No Variations]"
Add component (AddParameter): Name = "So_Chan"; Value = "2"; VariantName = "[No Variations]"
Add component (AddParameter): Name = "Ten_Linh_Kien"; Value = "Tr? 0805 1% 1k"; VariantName = "[No Variations]"
Added Component: Designator=R29(tro smd 0805)
Add component. Clean all parameters for all variants
Add component (AddParameter): Name = "Chung_Loai"; Value = "Dán"; VariantName = "[No Variations]"
Add component (AddParameter): Name = "Don_Vi"; Value = "Con"; VariantName = "[No Variations]"
Add component (AddParameter): Name = "Kieu_Chan"; Value = ""; VariantName = "[No Variations]"
Add component (AddParameter): Name = "Ma_Hang"; Value = "MH005468"; VariantName = "[No Variations]"
Add component (AddParameter): Name = "So_Chan"; Value = "2"; VariantName = "[No Variations]"
Add component (AddParameter): Name = "Ten_Linh_Kien"; Value = "Tr? 0805 1% 1k"; VariantName = "[No Variations]"
Added Component: Designator=R30(tro smd 0805)
Add component. Clean all parameters for all variants
Add component (AddParameter): Name = "Chung_Loai"; Value = "Dán"; VariantName = "[No Variations]"
Add component (AddParameter): Name = "Don_Vi"; Value = "Con"; VariantName = "[No Variations]"
Add component (AddParameter): Name = "Kieu_Chan"; Value = ""; VariantName = "[No Variations]"
Add component (AddParameter): Name = "Ma_Hang"; Value = "MH005468"; VariantName = "[No Variations]"
Add component (AddParameter): Name = "So_Chan"; Value = "2"; VariantName = "[No Variations]"
Add component (AddParameter): Name = "Ten_Linh_Kien"; Value = "Tr? 0805 1% 1k"; VariantName = "[No Variations]"
Added Component: Designator=R31(tro smd 0805)
Add component. Clean all parameters for all variants
Add component (AddParameter): Name = "Chung_Loai"; Value = "Dán"; VariantName = "[No Variations]"
Add component (AddParameter): Name = "Don_Vi"; Value = "Con"; VariantName = "[No Variations]"
Add component (AddParameter): Name = "Kieu_Chan"; Value = ""; VariantName = "[No Variations]"
Add component (AddParameter): Name = "Ma_Hang"; Value = "MH005468"; VariantName = "[No Variations]"
Add component (AddParameter): Name = "So_Chan"; Value = "2"; VariantName = "[No Variations]"
Add component (AddParameter): Name = "Ten_Linh_Kien"; Value = "Tr? 0805 1% 1k"; VariantName = "[No Variations]"
Added Component: Designator=R32(tro smd 0805)
Add component. Clean all parameters for all variants
Add component (AddParameter): Name = "Chung_Loai"; Value = "Dán"; VariantName = "[No Variations]"
Add component (AddParameter): Name = "Don_Vi"; Value = "Con"; VariantName = "[No Variations]"
Add component (AddParameter): Name = "Kieu_Chan"; Value = ""; VariantName = "[No Variations]"
Add component (AddParameter): Name = "Ma_Hang"; Value = "MH005468"; VariantName = "[No Variations]"
Add component (AddParameter): Name = "So_Chan"; Value = "2"; VariantName = "[No Variations]"
Add component (AddParameter): Name = "Ten_Linh_Kien"; Value = "Tr? 0805 1% 1k"; VariantName = "[No Variations]"
Added Component: Designator=R33(tro smd 0805)
Add component. Clean all parameters for all variants
Add component (AddParameter): Name = "Chung_Loai"; Value = "Dán"; VariantName = "[No Variations]"
Add component (AddParameter): Name = "Don_Vi"; Value = "Con"; VariantName = "[No Variations]"
Add component (AddParameter): Name = "Kieu_Chan"; Value = ""; VariantName = "[No Variations]"
Add component (AddParameter): Name = "Ma_Hang"; Value = "MH005468"; VariantName = "[No Variations]"
Add component (AddParameter): Name = "So_Chan"; Value = "2"; VariantName = "[No Variations]"
Add component (AddParameter): Name = "Ten_Linh_Kien"; Value = "Tr? 0805 1% 1k"; VariantName = "[No Variations]"
Added Component: Designator=R34(tro smd 0805)
Add component. Clean all parameters for all variants
Add component (AddParameter): Name = "Chung_Loai"; Value = "Dán"; VariantName = "[No Variations]"
Add component (AddParameter): Name = "Don_Vi"; Value = "Con"; VariantName = "[No Variations]"
Add component (AddParameter): Name = "Kieu_Chan"; Value = ""; VariantName = "[No Variations]"
Add component (AddParameter): Name = "Ma_Hang"; Value = "MH005468"; VariantName = "[No Variations]"
Add component (AddParameter): Name = "So_Chan"; Value = "2"; VariantName = "[No Variations]"
Add component (AddParameter): Name = "Ten_Linh_Kien"; Value = "Tr? 0805 1% 1k"; VariantName = "[No Variations]"
Added Component: Designator=R35(tro smd 0805)
Add component. Clean all parameters for all variants
Add component (AddParameter): Name = "Chung_Loai"; Value = "Dán"; VariantName = "[No Variations]"
Add component (AddParameter): Name = "Don_Vi"; Value = "Con"; VariantName = "[No Variations]"
Add component (AddParameter): Name = "Kieu_Chan"; Value = ""; VariantName = "[No Variations]"
Add component (AddParameter): Name = "Ma_Hang"; Value = "MH005468"; VariantName = "[No Variations]"
Add component (AddParameter): Name = "So_Chan"; Value = "2"; VariantName = "[No Variations]"
Add component (AddParameter): Name = "Ten_Linh_Kien"; Value = "Tr? 0805 1% 1k"; VariantName = "[No Variations]"
Added Component: Designator=R36(tro smd 0805)
Add component. Clean all parameters for all variants
Add component (AddParameter): Name = "Chung_Loai"; Value = "Dán"; VariantName = "[No Variations]"
Add component (AddParameter): Name = "Don_Vi"; Value = "Con"; VariantName = "[No Variations]"
Add component (AddParameter): Name = "Kieu_Chan"; Value = ""; VariantName = "[No Variations]"
Add component (AddParameter): Name = "Ma_Hang"; Value = "MH005468"; VariantName = "[No Variations]"
Add component (AddParameter): Name = "So_Chan"; Value = "2"; VariantName = "[No Variations]"
Add component (AddParameter): Name = "Ten_Linh_Kien"; Value = "Tr? 0805 1% 1k"; VariantName = "[No Variations]"
Added Component: Designator=R37(tro smd 0805)
Add component. Clean all parameters for all variants
Add component (AddParameter): Name = "Chung_Loai"; Value = "Dán"; VariantName = "[No Variations]"
Add component (AddParameter): Name = "Don_Vi"; Value = "Con"; VariantName = "[No Variations]"
Add component (AddParameter): Name = "Kieu_Chan"; Value = ""; VariantName = "[No Variations]"
Add component (AddParameter): Name = "Ma_Hang"; Value = "MH005468"; VariantName = "[No Variations]"
Add component (AddParameter): Name = "So_Chan"; Value = "2"; VariantName = "[No Variations]"
Add component (AddParameter): Name = "Ten_Linh_Kien"; Value = "Tr? 0805 1% 1k"; VariantName = "[No Variations]"
Added Component: Designator=R38(tro smd 0805)
Add component. Clean all parameters for all variants
Add component (AddParameter): Name = "Chung_Loai"; Value = "Dán"; VariantName = "[No Variations]"
Add component (AddParameter): Name = "Don_Vi"; Value = "Con"; VariantName = "[No Variations]"
Add component (AddParameter): Name = "Kieu_Chan"; Value = ""; VariantName = "[No Variations]"
Add component (AddParameter): Name = "Ma_Hang"; Value = "MH005468"; VariantName = "[No Variations]"
Add component (AddParameter): Name = "So_Chan"; Value = "2"; VariantName = "[No Variations]"
Add component (AddParameter): Name = "Ten_Linh_Kien"; Value = "Tr? 0805 1% 1k"; VariantName = "[No Variations]"
Added Component: Designator=RST_BUTTON(Nut Nhan 2 Chan SMD 3x6x2.5)
Add component. Clean all parameters for all variants
Add component (AddParameter): Name = "Ma_Hang"; Value = "MH001036"; VariantName = "[No Variations]"
Add component (AddParameter): Name = "Ten"; Value = "Nút Nh?n 2 Chân 3x6x2.5MM SMD"; VariantName = "[No Variations]"
Added Component: Designator=U1(SOIC8)
Add component. Clean all parameters for all variants
Add component (AddParameter): Name = "Availability"; Value = "Unavailable"; VariantName = "[No Variations]"
Add component (AddParameter): Name = "MF"; Value = "Monolithic Power"; VariantName = "[No Variations]"
Add component (AddParameter): Name = "MP"; Value = "MP1482"; VariantName = "[No Variations]"
Add component (AddParameter): Name = "Package"; Value = "SOIC-8 Monolithic Power"; VariantName = "[No Variations]"
Add component (AddParameter): Name = "Price"; Value = "None"; VariantName = "[No Variations]"
Add component (AddParameter): Name = "SnapEDA_Link"; Value = "https://www.snapeda.com/parts/MP1482/Monolithic%20Power%20Systems%20Inc./view-part/2781922/?ref=snap"; VariantName = "[No Variations]"
Add component (AddParameter): Name = "Value"; Value = ""; VariantName = "[No Variations]"
Added Component: Designator=U2(SOT94P279X129-5N)
Add component. Clean all parameters for all variants
Add component (AddParameter): Name = "Availability"; Value = "Unavailable"; VariantName = "[No Variations]"
Add component (AddParameter): Name = "MF"; Value = "Richtek USA"; VariantName = "[No Variations]"
Add component (AddParameter): Name = "MP"; Value = "RT9193-33GB"; VariantName = "[No Variations]"
Add component (AddParameter): Name = "Package"; Value = "SOT-23-5 Richtek"; VariantName = "[No Variations]"
Add component (AddParameter): Name = "Price"; Value = "None"; VariantName = "[No Variations]"
Add component (AddParameter): Name = "SnapEDA_Link"; Value = "https://www.snapeda.com/parts/RT9193-33GB/Richtek%20USA%20Inc./view-part/55570/?ref=snap"; VariantName = "[No Variations]"
Add component (AddParameter): Name = "Value"; Value = ""; VariantName = "[No Variations]"
Added Component: Designator=U3(LCC100P3000X3000X310-88N)
Add component. Clean all parameters for all variants
Added Component: Designator=U4(QFN28G_0.5-5X5MM)
Add component. Clean all parameters for all variants
Add component (AddParameter): Name = "Availability"; Value = "Unavailable"; VariantName = "[No Variations]"
Add component (AddParameter): Name = "MF"; Value = "Silicon"; VariantName = "[No Variations]"
Add component (AddParameter): Name = "MP"; Value = "CP2102-GMR"; VariantName = "[No Variations]"
Add component (AddParameter): Name = "Package"; Value = "VFQFN-28 Vishay Siliconix"; VariantName = "[No Variations]"
Add component (AddParameter): Name = "Price"; Value = "None"; VariantName = "[No Variations]"
Add component (AddParameter): Name = "SnapEDA_Link"; Value = "https://www.snapeda.com/parts/CP2102-GMR/Silicon%20Labs/view-part/570818/?ref=snap"; VariantName = "[No Variations]"
Add component (AddParameter): Name = "Value"; Value = ""; VariantName = "[No Variations]"
Added Component: Designator=USB1(USB Micro 5P SMD)
Add component. Clean all parameters for all variants
Add component (AddParameter): Name = "Ma_Hang"; Value = "MH001020"; VariantName = "[No Variations]"
Add component (AddParameter): Name = "Ten"; Value = "MicroUSB MK5P SMD"; VariantName = "[No Variations]"
Added Component: Designator=U(SOP65P640X120-20N)
Add component. Clean all parameters for all variants
Add component (AddParameter): Name = "Digi-Key_Part_Number"; Value = "296-21527-1-ND"; VariantName = "[No Variations]"
Add component (AddParameter): Name = "MF"; Value = "Texas Instruments"; VariantName = "[No Variations]"
Add component (AddParameter): Name = "MP"; Value = "TXB0108PWR"; VariantName = "[No Variations]"
Add component (AddParameter): Name = "Package"; Value = "TSSOP-20 Texas Instruments"; VariantName = "[No Variations]"
Add component (AddParameter): Name = "SnapEDA_Link"; Value = "https://www.snapeda.com/parts/TXB0108PWR/Texas%20Instruments/view-part/45111/?ref=snap"; VariantName = "[No Variations]"
Add component (AddParameter): Name = "Texas_Instruments-Purchase-URL"; Value = "https://snapeda.com/shop?store=Texas+Instruments&id=45111"; VariantName = "[No Variations]"
Add component (AddParameter): Name = "Value"; Value = ""; VariantName = "[No Variations]"
Added Pin To Net: NetName=NetBJT1_1 Pin=BJT1-1
Added Pin To Net: NetName=NetBJT1_1 Pin=BJT1-1
Added Pin To Net: NetName=GND Pin=BJT1-2
Added Pin To Net: NetName=NetBJT1_3 Pin=BJT1-3
Added Pin To Net: NetName=NetBJT2_1 Pin=BJT2-1
Added Pin To Net: NetName=NetBJT2_1 Pin=BJT2-1
Added Pin To Net: NetName=GND Pin=BJT2-2
Added Pin To Net: NetName=NetBJT2_3 Pin=BJT2-3
Added Pin To Net: NetName=NetBJT3_1 Pin=BJT3-1
Added Pin To Net: NetName=NetBJT3_1 Pin=BJT3-1
Added Pin To Net: NetName=GND Pin=BJT3-2
Added Pin To Net: NetName=NetBJT3_3 Pin=BJT3-3
Added Pin To Net: NetName=NetBJT4_1 Pin=BJT4-1
Added Pin To Net: NetName=NetBJT4_1 Pin=BJT4-1
Added Pin To Net: NetName=GND Pin=BJT4-2
Added Pin To Net: NetName=NetBJT4_3 Pin=BJT4-3
Added Pin To Net: NetName=NetBJT5_1 Pin=BJT5-1
Added Pin To Net: NetName=NetBJT5_1 Pin=BJT5-1
Added Pin To Net: NetName=GND Pin=BJT5-2
Added Pin To Net: NetName=NetBJT5_3 Pin=BJT5-3
Added Pin To Net: NetName=VDD Pin=C1-1
Added Pin To Net: NetName=GND Pin=C1-2
Added Pin To Net: NetName=VDD Pin=C2-1
Added Pin To Net: NetName=GND Pin=C2-2
Added Pin To Net: NetName=VDD_3V3 Pin=C3-1
Added Pin To Net: NetName=GND Pin=C3-2
Added Pin To Net: NetName=VDD_3V3 Pin=C4-1
Added Pin To Net: NetName=GND Pin=C4-2
Added Pin To Net: NetName=VDD Pin=C5-1
Added Pin To Net: NetName=GND Pin=C5-2
Added Pin To Net: NetName=VDD Pin=C6-1
Added Pin To Net: NetName=GND Pin=C6-2
Added Pin To Net: NetName=NetC7_1 Pin=C7-1
Added Pin To Net: NetName=GND Pin=C7-2
Added Pin To Net: NetName=NetC8_1 Pin=C8-1
Added Pin To Net: NetName=GND Pin=C8-2
Added Pin To Net: NetName=NetC9_1 Pin=C9-1
Added Pin To Net: NetName=NetC9_2 Pin=C9-2
Added Pin To Net: NetName=NetC10_1 Pin=C10-1
Added Pin To Net: NetName=NetC10_2 Pin=C10-2
Added Pin To Net: NetName=VBAT Pin=C11-1
Added Pin To Net: NetName=GND Pin=C11-2
Added Pin To Net: NetName=VBAT Pin=C12-1
Added Pin To Net: NetName=GND Pin=C12-2
Added Pin To Net: NetName=GND Pin=C13-1
Added Pin To Net: NetName=NetC13_2 Pin=C13-2
Added Pin To Net: NetName=NetC14_1 Pin=C14-1
Added Pin To Net: NetName=GND Pin=C14-2
Added Pin To Net: NetName=VDD_3V3 Pin=C15-1
Added Pin To Net: NetName=GND Pin=C15-2
Added Pin To Net: NetName=VDD_3V3 Pin=C16-1
Added Pin To Net: NetName=GND Pin=C16-2
Added Pin To Net: NetName=NetC17_1 Pin=C17-1
Added Pin To Net: NetName=GND Pin=C17-2
Added Pin To Net: NetName=VBAT Pin=C18-1
Added Pin To Net: NetName=GND Pin=C18-2
Added Pin To Net: NetName=VBAT Pin=C19-1
Added Pin To Net: NetName=GND Pin=C19-2
Added Pin To Net: NetName=VBAT Pin=C20-1
Added Pin To Net: NetName=GND Pin=C20-2
Added Pin To Net: NetName=NetC24_1 Pin=C24-1
Added Pin To Net: NetName=GND Pin=C24-2
Added Pin To Net: NetName=NetC25_1 Pin=C25-1
Added Pin To Net: NetName=GND Pin=C25-2
Added Pin To Net: NetName=NetC26_1 Pin=C26-1
Added Pin To Net: NetName=GND Pin=C26-2
Added Pin To Net: NetName=GND Pin=C27-1
Added Pin To Net: NetName=NetC27_2 Pin=C27-2
Added Pin To Net: NetName=NetC34_1 Pin=C34-1
Added Pin To Net: NetName=GND Pin=C34-2
Added Pin To Net: NetName=NetC35_1 Pin=C35-1
Added Pin To Net: NetName=GND Pin=C35-2
Added Pin To Net: NetName=NetBJT3_3 Pin=C36-1
Added Pin To Net: NetName=GND Pin=C36-2
Added Pin To Net: NetName=NetBJT4_3 Pin=C37-1
Added Pin To Net: NetName=GND Pin=C37-2
Added Pin To Net: NetName=NetBJT5_3 Pin=C38-1
Added Pin To Net: NetName=GND Pin=C38-2
Added Pin To Net: NetName=GND Pin=D1-1
Added Pin To Net: NetName=VBAT Pin=D1-2
Added Pin To Net: NetName=GND Pin=D-2
Added Pin To Net: NetName=NetD_3 Pin=D-3
Added Pin To Net: NetName=NetD_4 Pin=D-4
Added Pin To Net: NetName=NetD_5 Pin=D-5
Added Pin To Net: NetName=NetC27_2 Pin=D-6
Added Pin To Net: NetName=GND Pin=J2-1
Added Pin To Net: NetName=NetC35_1 Pin=J2-2
Added Pin To Net: NetName=GND Pin=J2-3
Added Pin To Net: NetName=NetC27_2 Pin=J-C1
Added Pin To Net: NetName=NetD_4 Pin=J-C2
Added Pin To Net: NetName=NetD_5 Pin=J-C3
Added Pin To Net: NetName=GND Pin=J-C5
Added Pin To Net: NetName=NetD_3 Pin=J-C7
Added Pin To Net: NetName=GND Pin=J-G1
Added Pin To Net: NetName=GND Pin=J-G2
Added Pin To Net: NetName=GND Pin=J-G3
Added Pin To Net: NetName=GND Pin=J-G4
Added Pin To Net: NetName=GND Pin=J-G5
Added Pin To Net: NetName=GND Pin=J-G6
Added Pin To Net: NetName=VDD_3V3 Pin=JP1-1
Added Pin To Net: NetName=NetC14_1 Pin=JP1-2
Added Pin To Net: NetName=VDD Pin=JP1-3
Added Pin To Net: NetName=NetJP3_7 Pin=JP4-1
Added Pin To Net: NetName=NetJP4_2 Pin=JP4-2
Added Pin To Net: NetName=NetJP4_3 Pin=JP4-3
Added Pin To Net: NetName=NetJP4_4 Pin=JP4-4
Added Pin To Net: NetName=NetJP4_5 Pin=JP4-5
Added Pin To Net: NetName=NetJP3_8 Pin=JP4-6
Added Pin To Net: NetName=NetJP?_1 Pin=JP?-1
Added Pin To Net: NetName=NetJP?_2 Pin=JP?-2
Added Pin To Net: NetName=NetJP?_3 Pin=JP?-3
Added Pin To Net: NetName=NetJP?_4 Pin=JP?-4
Added Pin To Net: NetName=GND Pin=JP?-5
Added Pin To Net: NetName=VBAT Pin=L1-1
Added Pin To Net: NetName=NetC9_1 Pin=L1-2
Added Pin To Net: NetName=VBAT Pin=LED_Light-1
Added Pin To Net: NetName=NetLED_Light_2 Pin=LED_Light-2
Added Pin To Net: NetName=VBAT Pin=LED_SOURCE1-1
Added Pin To Net: NetName=NetLED_SOURCE1_2 Pin=LED_SOURCE1-2
Added Pin To Net: NetName=VBAT Pin=LED_Status-1
Added Pin To Net: NetName=NetLED_Status_2 Pin=LED_Status-2
Added Pin To Net: NetName=GND Pin=PWRKEY-1
Added Pin To Net: NetName=NetBJT5_3 Pin=PWRKEY-2
Added Pin To Net: NetName=NetR1_1 Pin=R1-1
Added Pin To Net: NetName=GND Pin=R1-2
Added Pin To Net: NetName=NetR2_1 Pin=R2-1
Added Pin To Net: NetName=GND Pin=R2-2
Added Pin To Net: NetName=NetLED_SOURCE1_2 Pin=R8-1
Added Pin To Net: NetName=GND Pin=R8-2
Added Pin To Net: NetName=VDD Pin=R9-1
Added Pin To Net: NetName=NetR9_2 Pin=R9-2
Added Pin To Net: NetName=NetD_4 Pin=R10-1
Added Pin To Net: NetName=NetC26_1 Pin=R10-2
Added Pin To Net: NetName=NetD_5 Pin=R11-1
Added Pin To Net: NetName=NetC25_1 Pin=R11-2
Added Pin To Net: NetName=NetD_3 Pin=R12-1
Added Pin To Net: NetName=NetC24_1 Pin=R12-2
Added Pin To Net: NetName=NetC10_1 Pin=R13-1
Added Pin To Net: NetName=GND Pin=R13-2
Added Pin To Net: NetName=NetR14_1 Pin=R14-1
Added Pin To Net: NetName=VBAT Pin=R14-2
Added Pin To Net: NetName=GND Pin=R15-1
Added Pin To Net: NetName=NetR14_1 Pin=R15-2
Added Pin To Net: NetName=NetR16_1 Pin=R16-1
Added Pin To Net: NetName=GND Pin=R16-2
Added Pin To Net: NetName=NetR17_1 Pin=R17-1
Added Pin To Net: NetName=GND Pin=R17-2
Added Pin To Net: NetName=NetR18_1 Pin=R18-1
Added Pin To Net: NetName=VDD_1V8 Pin=R18-2
Added Pin To Net: NetName=NetR19_1 Pin=R19-1
Added Pin To Net: NetName=VDD_1V8 Pin=R19-2
Added Pin To Net: NetName=NetC35_1 Pin=R25-1
Added Pin To Net: NetName=NetC34_1 Pin=R25-2
Added Pin To Net: NetName=NetLED_Light_2 Pin=R26-1
Added Pin To Net: NetName=NetBJT1_3 Pin=R26-2
Added Pin To Net: NetName=GND Pin=R27-1
Added Pin To Net: NetName=NetBJT1_1 Pin=R27-2
Added Pin To Net: NetName=NetBJT1_1 Pin=R28-1
Added Pin To Net: NetName=NetJP?_1 Pin=R28-2
Added Pin To Net: NetName=NetBJT2_1 Pin=R29-1
Added Pin To Net: NetName=STATUS Pin=R29-2
Added Pin To Net: NetName=GND Pin=R30-1
Added Pin To Net: NetName=NetBJT2_1 Pin=R30-2
Added Pin To Net: NetName=NetBJT2_3 Pin=R31-1
Added Pin To Net: NetName=NetLED_Status_2 Pin=R31-2
Added Pin To Net: NetName=NetBJT3_1 Pin=R32-1
Added Pin To Net: NetName=NetJP3_1 Pin=R32-2
Added Pin To Net: NetName=GND Pin=R33-1
Added Pin To Net: NetName=NetBJT3_1 Pin=R33-2
Added Pin To Net: NetName=VDD_1V8 Pin=R34-1
Added Pin To Net: NetName=NetBJT3_3 Pin=R34-2
Added Pin To Net: NetName=NetBJT4_1 Pin=R35-1
Added Pin To Net: NetName=NetJP3_3 Pin=R35-2
Added Pin To Net: NetName=GND Pin=R36-1
Added Pin To Net: NetName=NetBJT4_1 Pin=R36-2
Added Pin To Net: NetName=NetBJT5_1 Pin=R37-1
Added Pin To Net: NetName=NetJP3_2 Pin=R37-2
Added Pin To Net: NetName=GND Pin=R38-1
Added Pin To Net: NetName=NetBJT5_1 Pin=R38-2
Added Pin To Net: NetName=GND Pin=RST_BUTTON-1
Added Pin To Net: NetName=NetBJT4_3 Pin=RST_BUTTON-2
Added Pin To Net: NetName=NetC9_2 Pin=U1-1
Added Pin To Net: NetName=VDD Pin=U1-2
Added Pin To Net: NetName=NetC9_1 Pin=U1-3
Added Pin To Net: NetName=GND Pin=U1-4
Added Pin To Net: NetName=NetR14_1 Pin=U1-5
Added Pin To Net: NetName=NetC10_2 Pin=U1-6
Added Pin To Net: NetName=NetR9_2 Pin=U1-7
Added Pin To Net: NetName=NetC8_1 Pin=U1-8
Added Pin To Net: NetName=VDD Pin=U2-1
Added Pin To Net: NetName=GND Pin=U2-2
Added Pin To Net: NetName=VDD Pin=U2-3
Added Pin To Net: NetName=NetC7_1 Pin=U2-4
Added Pin To Net: NetName=VDD_3V3 Pin=U2-5
Added Pin To Net: NetName=GND Pin=U3-1
Added Pin To Net: NetName=GND Pin=U3-2
Added Pin To Net: NetName=NetBJT5_3 Pin=U3-3
Added Pin To Net: NetName=NetBJT4_3 Pin=U3-4
Added Pin To Net: NetName=GND Pin=U3-5
Added Pin To Net: NetName=GND Pin=U3-10
Added Pin To Net: NetName=GND Pin=U3-14
Added Pin To Net: NetName=NetC13_2 Pin=U3-15
Added Pin To Net: NetName=NetC24_1 Pin=U3-17
Added Pin To Net: NetName=NetC26_1 Pin=U3-18
Added Pin To Net: NetName=NetC25_1 Pin=U3-19
Added Pin To Net: NetName=NetC27_2 Pin=U3-20
Added Pin To Net: NetName=GND Pin=U3-37
Added Pin To Net: NetName=VBAT Pin=U3-38
Added Pin To Net: NetName=VBAT Pin=U3-39
Added Pin To Net: NetName=GND Pin=U3-40
Added Pin To Net: NetName=GND Pin=U3-41
Added Pin To Net: NetName=GND Pin=U3-43
Added Pin To Net: NetName=STATUS Pin=U3-49
Added Pin To Net: NetName=NetJP?_1 Pin=U3-51
Added Pin To Net: NetName=NetBJT3_3 Pin=U3-54
Added Pin To Net: NetName=NetR18_1 Pin=U3-55
Added Pin To Net: NetName=NetR19_1 Pin=U3-56
Added Pin To Net: NetName=GND Pin=U3-57
Added Pin To Net: NetName=GND Pin=U3-58
Added Pin To Net: NetName=GND Pin=U3-60
Added Pin To Net: NetName=GND Pin=U3-61
Added Pin To Net: NetName=NetU3_62 Pin=U3-62
Added Pin To Net: NetName=NetU3_62 Pin=U3-63
Added Pin To Net: NetName=GND Pin=U3-64
Added Pin To Net: NetName=GND Pin=U3-65
Added Pin To Net: NetName=NetU3_66 Pin=U3-66
Added Pin To Net: NetName=NetU3_67 Pin=U3-67
Added Pin To Net: NetName=NetU3_68 Pin=U3-68
Added Pin To Net: NetName=NetU3_69 Pin=U3-69
Added Pin To Net: NetName=NetU3_70 Pin=U3-70
Added Pin To Net: NetName=NetU3_71 Pin=U3-71
Added Pin To Net: NetName=NetU3_72 Pin=U3-72
Added Pin To Net: NetName=GND Pin=U3-77
Added Pin To Net: NetName=GND Pin=U3-78
Added Pin To Net: NetName=GND Pin=U3-80
Added Pin To Net: NetName=GND Pin=U3-81
Added Pin To Net: NetName=NetC34_1 Pin=U3-82
Added Pin To Net: NetName=GND Pin=U4-3
Added Pin To Net: NetName=NetU4_4 Pin=U4-4
Added Pin To Net: NetName=NetU4_5 Pin=U4-5
Added Pin To Net: NetName=VDD_3V3 Pin=U4-6
Added Pin To Net: NetName=NetC17_1 Pin=U4-7
Added Pin To Net: NetName=NetC17_1 Pin=U4-8
Added Pin To Net: NetName=NetR1_1 Pin=U4-9
Added Pin To Net: NetName=NetR2_1 Pin=U4-11
Added Pin To Net: NetName=NetJP4_3 Pin=U4-25
Added Pin To Net: NetName=NetJP4_4 Pin=U4-26
Added Pin To Net: NetName=GND Pin=U4-29
Added Pin To Net: NetName=NetU3_71 Pin=U-1
Added Pin To Net: NetName=NetC13_2 Pin=U-2
Added Pin To Net: NetName=NetU3_68 Pin=U-3
Added Pin To Net: NetName=NetU3_66 Pin=U-4
Added Pin To Net: NetName=NetU3_67 Pin=U-5
Added Pin To Net: NetName=NetU3_72 Pin=U-6
Added Pin To Net: NetName=NetU3_70 Pin=U-7
Added Pin To Net: NetName=NetU3_69 Pin=U-8
Added Pin To Net: NetName=NetR17_1 Pin=U-9
Added Pin To Net: NetName=NetC13_2 Pin=U-10
Added Pin To Net: NetName=GND Pin=U-11
Added Pin To Net: NetName=NetR16_1 Pin=U-12
Added Pin To Net: NetName=NetJP3_9 Pin=U-13
Added Pin To Net: NetName=NetJP?_4 Pin=U-14
Added Pin To Net: NetName=NetJP3_10 Pin=U-15
Added Pin To Net: NetName=NetJP?_3 Pin=U-16
Added Pin To Net: NetName=NetJP?_2 Pin=U-17
Added Pin To Net: NetName=NetJP4_2 Pin=U-18
Added Pin To Net: NetName=NetC14_1 Pin=U-19
Added Pin To Net: NetName=NetJP4_5 Pin=U-20
Added Pin To Net: NetName=NetC17_1 Pin=USB1-1
Added Pin To Net: NetName=NetU4_5 Pin=USB1-2
Added Pin To Net: NetName=NetU4_4 Pin=USB1-3
Added Pin To Net: NetName=GND Pin=USB1-5
Added Pin To Net: NetName=GND Pin=USB1-5
Added Pin To Net: NetName=GND Pin=USB1-5
Added Member To Class: ClassName=sche_sim7600 Member=Component BJT1 2SC3052
Added Member To Class: ClassName=sche_sim7600 Member=Component BJT2 2SC3052
Added Member To Class: ClassName=sche_sim7600 Member=Component BJT3 2SC3052
Added Member To Class: ClassName=sche_sim7600 Member=Component BJT4 2SC3052
Added Member To Class: ClassName=sche_sim7600 Member=Component BJT5 2SC3052
Added Member To Class: ClassName=sche_sim7600 Member=Component C1 100uF/6.3V
Added Member To Class: ClassName=sche_sim7600 Member=Component C2 100uF/6.3V
Added Member To Class: ClassName=sche_sim7600 Member=Component C3 1uF
Added Member To Class: ClassName=sche_sim7600 Member=Component C4 100nF
Added Member To Class: ClassName=sche_sim7600 Member=Component C5 10uF
Added Member To Class: ClassName=sche_sim7600 Member=Component C6 1uF
Added Member To Class: ClassName=sche_sim7600 Member=Component C7 22nF
Added Member To Class: ClassName=sche_sim7600 Member=Component C8 100nF
Added Member To Class: ClassName=sche_sim7600 Member=Component C9 10nF
Added Member To Class: ClassName=sche_sim7600 Member=Component C10 3.3nF
Added Member To Class: ClassName=sche_sim7600 Member=Component C11 100uF/6.3V
Added Member To Class: ClassName=sche_sim7600 Member=Component C12 100uF/6.3V
Added Member To Class: ClassName=sche_sim7600 Member=Component C13 100nF
Added Member To Class: ClassName=sche_sim7600 Member=Component C14 100nF
Added Member To Class: ClassName=sche_sim7600 Member=Component C15 4.7uF
Added Member To Class: ClassName=sche_sim7600 Member=Component C16 100nF
Added Member To Class: ClassName=sche_sim7600 Member=Component C17 1uF
Added Member To Class: ClassName=sche_sim7600 Member=Component C18 100uF/6.3V
Added Member To Class: ClassName=sche_sim7600 Member=Component C19 100uF/6.3V
Added Member To Class: ClassName=sche_sim7600 Member=Component C20 1uF
Added Member To Class: ClassName=sche_sim7600 Member=Component C24 33pF
Added Member To Class: ClassName=sche_sim7600 Member=Component C25 33pF
Added Member To Class: ClassName=sche_sim7600 Member=Component C26 33pF
Added Member To Class: ClassName=sche_sim7600 Member=Component C27 100nF
Added Member To Class: ClassName=sche_sim7600 Member=Component C34 NC
Added Member To Class: ClassName=sche_sim7600 Member=Component C35 NC
Added Member To Class: ClassName=sche_sim7600 Member=Component C36 100nF
Added Member To Class: ClassName=sche_sim7600 Member=Component C37 100nF
Added Member To Class: ClassName=sche_sim7600 Member=Component C38 100nF
Added Member To Class: ClassName=sche_sim7600 Member=Component D1 5.1V
Added Member To Class: ClassName=sche_sim7600 Member=Component D SMF05C
Added Member To Class: ClassName=sche_sim7600 Member=Component J2 IPX
Added Member To Class: ClassName=sche_sim7600 Member=Component JP1 JP 1x3 2.54
Added Member To Class: ClassName=sche_sim7600 Member=Component JP4 JP 2x3 2.54
Added Member To Class: ClassName=sche_sim7600 Member=Component JP? JP 1x5 2.54
Added Member To Class: ClassName=sche_sim7600 Member=Component J 78646-3001
Added Member To Class: ClassName=sche_sim7600 Member=Component L1 10uH/4A
Added Member To Class: ClassName=sche_sim7600 Member=Component LED_Light LED 0805
Added Member To Class: ClassName=sche_sim7600 Member=Component LED_SOURCE1 LED 0805
Added Member To Class: ClassName=sche_sim7600 Member=Component LED_Status LED 0805
Added Member To Class: ClassName=sche_sim7600 Member=Component PWRKEY Nut Nhan 2 Chan SMD 3x6x2.5
Added Member To Class: ClassName=sche_sim7600 Member=Component R1 4.7k
Added Member To Class: ClassName=sche_sim7600 Member=Component R2 10k
Added Member To Class: ClassName=sche_sim7600 Member=Component R8 1k
Added Member To Class: ClassName=sche_sim7600 Member=Component R9 100k
Added Member To Class: ClassName=sche_sim7600 Member=Component R10 22R
Added Member To Class: ClassName=sche_sim7600 Member=Component R11 22R
Added Member To Class: ClassName=sche_sim7600 Member=Component R12 22R
Added Member To Class: ClassName=sche_sim7600 Member=Component R13 5.6k
Added Member To Class: ClassName=sche_sim7600 Member=Component R14 12k
Added Member To Class: ClassName=sche_sim7600 Member=Component R15 3.3k
Added Member To Class: ClassName=sche_sim7600 Member=Component R16 47k
Added Member To Class: ClassName=sche_sim7600 Member=Component R17 47k
Added Member To Class: ClassName=sche_sim7600 Member=Component R18 2.2k
Added Member To Class: ClassName=sche_sim7600 Member=Component R19 2.2k
Added Member To Class: ClassName=sche_sim7600 Member=Component R25 0R
Added Member To Class: ClassName=sche_sim7600 Member=Component R26 100R
Added Member To Class: ClassName=sche_sim7600 Member=Component R27 47k
Added Member To Class: ClassName=sche_sim7600 Member=Component R28 4.7k
Added Member To Class: ClassName=sche_sim7600 Member=Component R29 4.7k
Added Member To Class: ClassName=sche_sim7600 Member=Component R30 47k
Added Member To Class: ClassName=sche_sim7600 Member=Component R31 100R
Added Member To Class: ClassName=sche_sim7600 Member=Component R32 4.7k
Added Member To Class: ClassName=sche_sim7600 Member=Component R33 47k
Added Member To Class: ClassName=sche_sim7600 Member=Component R34 4.7k
Added Member To Class: ClassName=sche_sim7600 Member=Component R35 4.7k
Added Member To Class: ClassName=sche_sim7600 Member=Component R36 47k
Added Member To Class: ClassName=sche_sim7600 Member=Component R37 4.7k
Added Member To Class: ClassName=sche_sim7600 Member=Component R38 47k
Added Member To Class: ClassName=sche_sim7600 Member=Component RST_BUTTON Nut Nhan 2 Chan SMD 3x6x2.5
Added Member To Class: ClassName=sche_sim7600 Member=Component U1 MP1482
Added Member To Class: ClassName=sche_sim7600 Member=Component U2 RT9193-33GB
Added Member To Class: ClassName=sche_sim7600 Member=Component U3 SIM7600
Added Member To Class: ClassName=sche_sim7600 Member=Component U4 CP2102
Added Member To Class: ClassName=sche_sim7600 Member=Component USB1 USB Micro 5p SMD
Added Member To Class: ClassName=sche_sim7600 Member=Component U TXB0108PWR
