Change Component Comment : Designator=C8 Old Comment=2.2µF New Comment=0.1uF
Change Component Comment : Designator=C22 Old Comment=2.2µF New Comment=0.1uF
Change Component Comment : Designator=C4 Old Comment=2.2µF New Comment=1uF
Change Component Comment : Designator=C6 Old Comment=2.2µF New Comment=1uF
Change Component Comment : Designator=C21 Old Comment=2.2µF New Comment=1uF
Change Component Comment : Designator=C10 Old Comment=2.2µF New Comment=3.3nF
Change Component Comment : Designator=C23 Old Comment=2.2µF New Comment=4.7uF
Change Component Comment : Designator=C9 Old Comment=2.2µF New Comment=10nF
Change Component Comment : Designator=C3 Old Comment=2.2µF New Comment=10uF
Change Component Comment : Designator=C32 Old Comment=2.2µF New Comment=10uF
Change Component Comment : Designator=C5 Old Comment=2.2µF New Comment=22nF
Change Component Comment : Designator=C33 Old Comment=2.2µF New Comment=22uF
Change Component Comment : Designator=C7 Old Comment=2.2µF New Comment=100nF
Change Component Comment : Designator=C13 Old Comment=2.2µF New Comment=100nF
Change Component Comment : Designator=C14 Old Comment=2.2µF New Comment=100nF
Change Component Comment : Designator=C36 Old Comment=2.2µF New Comment=100nF
Change Component Comment : Designator=C18 Old Comment=2.2µF New Comment=100uF
Change Component Comment : Designator=C20 Old Comment=103 New Comment=1uF
Change Component Comment : Designator=C1 Old Comment=103 New Comment=100uF
Change Component Comment : Designator=C2 Old Comment=103 New Comment=100uF
Change Component Comment : Designator=C11 Old Comment=103 New Comment=100uF
Change Component Comment : Designator=C12 Old Comment=103 New Comment=100uF
Change Component Comment : Designator=C19 Old Comment=103 New Comment=100uF
Change Component Comment : Designator=R18 Old Comment=680k New Comment=2.2k
Change Component Comment : Designator=R19 Old Comment=680k New Comment=2.2k
Change Component Comment : Designator=R15 Old Comment=680k New Comment=3.3k
Change Component Comment : Designator=R37 Old Comment=680k New Comment=4.7
Change Component Comment : Designator=R21 Old Comment=680k New Comment=4.7k
Change Component Comment : Designator=R32 Old Comment=680k New Comment=4.7k
Change Component Comment : Designator=R34 Old Comment=680k New Comment=4.7k
Change Component Comment : Designator=R22 Old Comment=680k New Comment=10k
Change Component Comment : Designator=R14 Old Comment=680k New Comment=12k
Change Component Comment : Designator=R16 Old Comment=680k New Comment=47k
Change Component Comment : Designator=R17 Old Comment=680k New Comment=47k
Change Component Comment : Designator=R33 Old Comment=680k New Comment=47k
Change Component Comment : Designator=R38 Old Comment=680k New Comment=47k
Change Component Comment : Designator=R9 Old Comment=680k New Comment=100k
Change Component Comment : Designator=R23 Old Comment=680k New Comment=124R
Change Component Comment : Designator=R24 Old Comment=680k New Comment=175R
Change Component Comment : Designator=L Old Comment=CSAB0630-100M New Comment=10uH
Change Component Description : Designator=JP1 Old Description=C?m New Description=C?m
Change Component Description : Designator=JP3 Old Description=C?m New Description=C?m
Change Component Description : Designator=JP4 Old Description=C?m New Description=C?m
Change component parameters: Designator = "PWRKEY"; Footprint = "Nut Nhan 2 Chan SMD 3x6x2.5"; UniqueID = "\INOUYBUU"
Change component parameters. Clean all parameters for all variants
Change component parameters (AddParameter): Name = "Ma_Hang"; Value = "MH001036"; VariantName = "[No Variations]"
Change component parameters (AddParameter): Name = "Ten"; Value = "Nút Nh?n 2 Chân 3x6x2.5MM SMD"; VariantName = "[No Variations]"
Change component parameters: Designator = "RST_BUTTON"; Footprint = "Nut Nhan 2 Chan SMD 3x6x2.5"; UniqueID = "\BEMJHEVM"
Change component parameters. Clean all parameters for all variants
Change component parameters (AddParameter): Name = "Ma_Hang"; Value = "MH001036"; VariantName = "[No Variations]"
Change component parameters (AddParameter): Name = "Ten"; Value = "Nút Nh?n 2 Chân 3x6x2.5MM SMD"; VariantName = "[No Variations]"
Change component parameters: Designator = "C1"; Footprint = "tu 0603"; UniqueID = "\VVDAKRAT"
Change component parameters. Clean all parameters for all variants
Change component parameters (AddParameter): Name = "Chung_Loai"; Value = "Dán"; VariantName = "[No Variations]"
Change component parameters (AddParameter): Name = "Don_Vi"; Value = "Con"; VariantName = "[No Variations]"
Change component parameters (AddParameter): Name = "Kieu_Chan"; Value = ""; VariantName = "[No Variations]"
Change component parameters (AddParameter): Name = "Ma_Hang"; Value = "MH004567"; VariantName = "[No Variations]"
Change component parameters (AddParameter): Name = "So_Chan"; Value = "2"; VariantName = "[No Variations]"
Change component parameters (AddParameter): Name = "Ten_Linh_Kien"; Value = "T? 0603 103-10nF 10% 50V"; VariantName = "[No Variations]"
Change component parameters: Designator = "C2"; Footprint = "tu 0603"; UniqueID = "\VPENYMQQ"
Change component parameters. Clean all parameters for all variants
Change component parameters (AddParameter): Name = "Chung_Loai"; Value = "Dán"; VariantName = "[No Variations]"
Change component parameters (AddParameter): Name = "Don_Vi"; Value = "Con"; VariantName = "[No Variations]"
Change component parameters (AddParameter): Name = "Kieu_Chan"; Value = ""; VariantName = "[No Variations]"
Change component parameters (AddParameter): Name = "Ma_Hang"; Value = "MH004567"; VariantName = "[No Variations]"
Change component parameters (AddParameter): Name = "So_Chan"; Value = "2"; VariantName = "[No Variations]"
Change component parameters (AddParameter): Name = "Ten_Linh_Kien"; Value = "T? 0603 103-10nF 10% 50V"; VariantName = "[No Variations]"
Change component parameters: Designator = "C11"; Footprint = "tu 0603"; UniqueID = "\FWLUAPPF"
Change component parameters. Clean all parameters for all variants
Change component parameters (AddParameter): Name = "Chung_Loai"; Value = "Dán"; VariantName = "[No Variations]"
Change component parameters (AddParameter): Name = "Don_Vi"; Value = "Con"; VariantName = "[No Variations]"
Change component parameters (AddParameter): Name = "Kieu_Chan"; Value = ""; VariantName = "[No Variations]"
Change component parameters (AddParameter): Name = "Ma_Hang"; Value = "MH004567"; VariantName = "[No Variations]"
Change component parameters (AddParameter): Name = "So_Chan"; Value = "2"; VariantName = "[No Variations]"
Change component parameters (AddParameter): Name = "Ten_Linh_Kien"; Value = "T? 0603 103-10nF 10% 50V"; VariantName = "[No Variations]"
Change component parameters: Designator = "C12"; Footprint = "tu 0603"; UniqueID = "\EPEYNOKI"
Change component parameters. Clean all parameters for all variants
Change component parameters (AddParameter): Name = "Chung_Loai"; Value = "Dán"; VariantName = "[No Variations]"
Change component parameters (AddParameter): Name = "Don_Vi"; Value = "Con"; VariantName = "[No Variations]"
Change component parameters (AddParameter): Name = "Kieu_Chan"; Value = ""; VariantName = "[No Variations]"
Change component parameters (AddParameter): Name = "Ma_Hang"; Value = "MH004567"; VariantName = "[No Variations]"
Change component parameters (AddParameter): Name = "So_Chan"; Value = "2"; VariantName = "[No Variations]"
Change component parameters (AddParameter): Name = "Ten_Linh_Kien"; Value = "T? 0603 103-10nF 10% 50V"; VariantName = "[No Variations]"
Change component parameters: Designator = "C19"; Footprint = "tu 0603"; UniqueID = "\NXASSORO"
Change component parameters. Clean all parameters for all variants
Change component parameters (AddParameter): Name = "Chung_Loai"; Value = "Dán"; VariantName = "[No Variations]"
Change component parameters (AddParameter): Name = "Don_Vi"; Value = "Con"; VariantName = "[No Variations]"
Change component parameters (AddParameter): Name = "Kieu_Chan"; Value = ""; VariantName = "[No Variations]"
Change component parameters (AddParameter): Name = "Ma_Hang"; Value = "MH004567"; VariantName = "[No Variations]"
Change component parameters (AddParameter): Name = "So_Chan"; Value = "2"; VariantName = "[No Variations]"
Change component parameters (AddParameter): Name = "Ten_Linh_Kien"; Value = "T? 0603 103-10nF 10% 50V"; VariantName = "[No Variations]"
Change component parameters: Designator = "C20"; Footprint = "tu 0603"; UniqueID = "\CCCNKJGM"
Change component parameters. Clean all parameters for all variants
Change component parameters (AddParameter): Name = "Chung_Loai"; Value = "Dán"; VariantName = "[No Variations]"
Change component parameters (AddParameter): Name = "Don_Vi"; Value = "Con"; VariantName = "[No Variations]"
Change component parameters (AddParameter): Name = "Kieu_Chan"; Value = ""; VariantName = "[No Variations]"
Change component parameters (AddParameter): Name = "Ma_Hang"; Value = "MH004567"; VariantName = "[No Variations]"
Change component parameters (AddParameter): Name = "So_Chan"; Value = "2"; VariantName = "[No Variations]"
Change component parameters (AddParameter): Name = "Ten_Linh_Kien"; Value = "T? 0603 103-10nF 10% 50V"; VariantName = "[No Variations]"
Change component parameters: Designator = "JP1"; Footprint = "JP 2x3 DT"; UniqueID = "\UHXHQUCV"
Change component parameters. Clean all parameters for all variants
Change component parameters (AddParameter): Name = "Chung_Loai"; Value = "C?m"; VariantName = "[No Variations]"
Change component parameters (AddParameter): Name = "Don_Vi"; Value = "Con"; VariantName = "[No Variations]"
Change component parameters (AddParameter): Name = "Ghi_Chu"; Value = ""; VariantName = "[No Variations]"
Change component parameters (AddParameter): Name = "Kieu_Chan"; Value = ""; VariantName = "[No Variations]"
Change component parameters (AddParameter): Name = "Ma_Hang"; Value = "MH002686"; VariantName = "[No Variations]"
Change component parameters (AddParameter): Name = "Ten_Linh_Kien"; Value = "Jump Ðôi Ð?c 2.54MM 2x40P Th?ng 11MM"; VariantName = "[No Variations]"
Change component parameters: Designator = "JP3"; Footprint = "JP 1x3 DT"; UniqueID = "\UOACWCFU"
Change component parameters. Clean all parameters for all variants
Change component parameters (AddParameter): Name = "Chung_Loai"; Value = "C?m"; VariantName = "[No Variations]"
Change component parameters (AddParameter): Name = "Don_Vi"; Value = "Con"; VariantName = "[No Variations]"
Change component parameters (AddParameter): Name = "Ghi_Chu"; Value = ""; VariantName = "[No Variations]"
Change component parameters (AddParameter): Name = "Kieu_Chan"; Value = ""; VariantName = "[No Variations]"
Change component parameters (AddParameter): Name = "Ma_Hang"; Value = "MH000903"; VariantName = "[No Variations]"
Change component parameters (AddParameter): Name = "Ten_Linh_Kien"; Value = "Jump Ðon Ð?c 2.54MM 1x40P Th?ng 11MM"; VariantName = "[No Variations]"
Change component parameters: Designator = "JP4"; Footprint = "JP 1x5 DT"; UniqueID = "\GBOUCGSJ"
Change component parameters. Clean all parameters for all variants
Change component parameters (AddParameter): Name = "Chung_Loai"; Value = "C?m"; VariantName = "[No Variations]"
Change component parameters (AddParameter): Name = "Don_Vi"; Value = "Con"; VariantName = "[No Variations]"
Change component parameters (AddParameter): Name = "Ghi_Chu"; Value = ""; VariantName = "[No Variations]"
Change component parameters (AddParameter): Name = "Kieu_Chan"; Value = ""; VariantName = "[No Variations]"
Change component parameters (AddParameter): Name = "Ma_Hang"; Value = "MH000903"; VariantName = "[No Variations]"
Change component parameters (AddParameter): Name = "Ten_Linh_Kien"; Value = "Jump Ðon Ð?c 2.54MM 1x40P Th?ng 11MM"; VariantName = "[No Variations]"
Change component parameters: Designator = "J?"; Footprint = "Amphenol_C707-10M006-500-2_0"; UniqueID = "\UKSBFUVG"
Change component parameters. Clean all parameters for all variants
Change component parameters (AddParameter): Name = "ComponentLink1Description"; Value = "Upverter"; VariantName = "[No Variations]"
Change component parameters (AddParameter): Name = "ComponentLink1URL"; Value = "https://upverter.com/upn/revision/8eb810d444b3a5ca/"; VariantName = "[No Variations]"
Change component parameters (AddParameter): Name = "ComponentLink2Description"; Value = "Datasheet"; VariantName = "[No Variations]"
Change component parameters (AddParameter): Name = "ComponentLink2URL"; Value = "http://www.amphenol.de/downloads/C707_10M006_500_2.pdf"; VariantName = "[No Variations]"
Change component parameters (AddParameter): Name = "Contact resistance max"; Value = "100m?"; VariantName = "[No Variations]"
Change component parameters (AddParameter): Name = "Digikey Description"; Value = "CONN SIM/SAM CARD HINGED TYPE"; VariantName = "[No Variations]"
Change component parameters (AddParameter): Name = "Digikey Part Number"; Value = "361-1020-1-ND"; VariantName = "[No Variations]"
Change component parameters (AddParameter): Name = "helpURL"; Value = "https://upverter.com/upn/revision/8eb810d444b3a5ca/"; VariantName = "[No Variations]"
Change component parameters (AddParameter): Name = "Insulation resistance max"; Value = "1G?"; VariantName = "[No Variations]"
Change component parameters (AddParameter): Name = "Is Female"; Value = "yes"; VariantName = "[No Variations]"
Change component parameters (AddParameter): Name = "Lead Free"; Value = "yes"; VariantName = "[No Variations]"
Change component parameters (AddParameter): Name = "Manufacturer"; Value = "Amphenol"; VariantName = "[No Variations]"
Change component parameters (AddParameter): Name = "Manufacturer Product Page"; Value = "http://www.amphenol.de/scc/C707-10M006-500-2/77.html"; VariantName = "[No Variations]"
Change component parameters (AddParameter): Name = "Mating cycles"; Value = "1.500"; VariantName = "[No Variations]"
Change component parameters (AddParameter): Name = "Mouser Part Number"; Value = "523-C70710M0065002"; VariantName = "[No Variations]"
Change component parameters (AddParameter): Name = "Package"; Value = "CONN_SIM_CARD"; VariantName = "[No Variations]"
Change component parameters (AddParameter): Name = "Part Number"; Value = "C707-10M006-500-2"; VariantName = "[No Variations]"
Change component parameters (AddParameter): Name = "Rated current at 40°C"; Value = "1A max"; VariantName = "[No Variations]"
Change component parameters (AddParameter): Name = "Rated voltage max"; Value = "15V"; VariantName = "[No Variations]"
Change component parameters (AddParameter): Name = "RoHS"; Value = "TRUE"; VariantName = "[No Variations]"
Change component parameters (AddParameter): Name = "Supplier 1"; Value = "Digi-Key"; VariantName = "[No Variations]"
Change component parameters (AddParameter): Name = "Supplier 2"; Value = "Mouser"; VariantName = "[No Variations]"
Change component parameters (AddParameter): Name = "Supplier Part Number 1"; Value = "361-1020-1-ND"; VariantName = "[No Variations]"
Change component parameters (AddParameter): Name = "Supplier Part Number 2"; Value = "523-C70710M0065002"; VariantName = "[No Variations]"
Change component parameters (AddParameter): Name = "Temperature"; Value = "-25°C to +85°C"; VariantName = "[No Variations]"
Change component parameters (AddParameter): Name = "Temperature Range High"; Value = "+85°C"; VariantName = "[No Variations]"
Change component parameters (AddParameter): Name = "Temperature Range Low"; Value = "-25°C"; VariantName = "[No Variations]"
Change component parameters (AddParameter): Name = "Voltage"; Value = "15V"; VariantName = "[No Variations]"
Change component parameters (AddParameter): Name = "Voltage proof"; Value = "125V"; VariantName = "[No Variations]"
Added Room: Name=sche_sim7600
