Removed Pin From Net: NetName=TXD_STM Pin=JP4-1
Removed Pin From Net: NetName=RXD_STM Pin=JP4-2
Removed Pin From Net: NetName=FMODE Pin=JP4-3
Removed Pin From Net: NetName=RST_STM Pin=JP4-4
Removed Pin From Net: NetName=PWR_STM Pin=JP4-5
Added Component: Designator=JP?(JP 1x7 CT)
Add component. Clean all parameters for all variants
Add component (AddParameter): Name = "Chung_Loai"; Value = "C?m"; VariantName = "[No Variations]"
Add component (AddParameter): Name = "Don_Vi"; Value = "Con"; VariantName = "[No Variations]"
Add component (AddParameter): Name = "Ghi_Chu"; Value = ""; VariantName = "[No Variations]"
Add component (AddParameter): Name = "Kieu_Chan"; Value = ""; VariantName = "[No Variations]"
Add component (AddParameter): Name = "Ma_Hang"; Value = "MH004006"; VariantName = "[No Variations]"
Add component (AddParameter): Name = "Ten_Linh_Kien"; Value = "Jump Ðon Cái 2.54MM 1x20P Th?ng"; VariantName = "[No Variations]"
Added Pin To Net: NetName=TXD_STM Pin=JP?-1
Added Pin To Net: NetName=RXD_STM Pin=JP?-2
Added Pin To Net: NetName=FMODE Pin=JP?-3
Added Pin To Net: NetName=RST_STM Pin=JP?-4
Added Pin To Net: NetName=PWR_STM Pin=JP?-5
Added Pin To Net: NetName=5V Pin=JP?-6
Added Pin To Net: NetName=GND Pin=JP?-7
Added Member To Class: ClassName=sche_sim7600 Member=Component JP? JP 1x7 2.54
Added Room: Name=sche_sim7600
