Replace Part BJT2 2SC3052 in C:\Users\hoait\Desktop\schematic_sim7600\sche_sim7600.SchDoc with 2SC3052 from sim_project_lib.IntLib
Replace Part BJT3 2SC3052 in C:\Users\hoait\Desktop\schematic_sim7600\sche_sim7600.SchDoc with 2SC3052 from sim_project_lib.IntLib
Replace Part BJT4 2SC3052 in C:\Users\hoait\Desktop\schematic_sim7600\sche_sim7600.SchDoc with 2SC3052 from sim_project_lib.IntLib
Replace Part BJT5 2SC3052 in C:\Users\hoait\Desktop\schematic_sim7600\sche_sim7600.SchDoc with 2SC3052 from sim_project_lib.IntLib
Replace Part BJT? 2SC3052 in C:\Users\hoait\Desktop\schematic_sim7600\sche_sim7600.SchDoc with 2SC3052 from sim_project_lib.IntLib
Replace Part C1 Tu 0603 103 50V 10% in C:\Users\hoait\Desktop\schematic_sim7600\sche_sim7600.SchDoc with Tu 0603 103 50V 10% from Altium_Lib_by_KhueNguyenCreator.IntLib
Replace Part C2 Tu 0603 103 50V 10% in C:\Users\hoait\Desktop\schematic_sim7600\sche_sim7600.SchDoc with Tu 0603 103 50V 10% from Altium_Lib_by_KhueNguyenCreator.IntLib
Replace Part C3 ZRB157R61E225KE11D in C:\Users\hoait\Desktop\schematic_sim7600\sche_sim7600.SchDoc with ZRB157R61E225KE11D from capacitor_murata_0402.IntLib
Replace Part C4 ZRB157R61E225KE11D in C:\Users\hoait\Desktop\schematic_sim7600\sche_sim7600.SchDoc with ZRB157R61E225KE11D from capacitor_murata_0402.IntLib
Replace Part C5 ZRB157R61E225KE11D in C:\Users\hoait\Desktop\schematic_sim7600\sche_sim7600.SchDoc with ZRB157R61E225KE11D from capacitor_murata_0402.IntLib
Replace Part C6 ZRB157R61E225KE11D in C:\Users\hoait\Desktop\schematic_sim7600\sche_sim7600.SchDoc with ZRB157R61E225KE11D from capacitor_murata_0402.IntLib
Replace Part C7 ZRB157R61E225KE11D in C:\Users\hoait\Desktop\schematic_sim7600\sche_sim7600.SchDoc with ZRB157R61E225KE11D from capacitor_murata_0402.IntLib
Replace Part C8 ZRB157R61E225KE11D in C:\Users\hoait\Desktop\schematic_sim7600\sche_sim7600.SchDoc with ZRB157R61E225KE11D from capacitor_murata_0402.IntLib
Replace Part C9 ZRB157R61E225KE11D in C:\Users\hoait\Desktop\schematic_sim7600\sche_sim7600.SchDoc with ZRB157R61E225KE11D from capacitor_murata_0402.IntLib
Replace Part C10 ZRB157R61E225KE11D in C:\Users\hoait\Desktop\schematic_sim7600\sche_sim7600.SchDoc with ZRB157R61E225KE11D from capacitor_murata_0402.IntLib
Replace Part C11 Tu 0603 103 50V 10% in C:\Users\hoait\Desktop\schematic_sim7600\sche_sim7600.SchDoc with Tu 0603 103 50V 10% from Altium_Lib_by_KhueNguyenCreator.IntLib
Replace Part C12 Tu 0603 103 50V 10% in C:\Users\hoait\Desktop\schematic_sim7600\sche_sim7600.SchDoc with Tu 0603 103 50V 10% from Altium_Lib_by_KhueNguyenCreator.IntLib
Replace Part C13 ZRB157R61E225KE11D in C:\Users\hoait\Desktop\schematic_sim7600\sche_sim7600.SchDoc with ZRB157R61E225KE11D from capacitor_murata_0402.IntLib
Replace Part C14 ZRB157R61E225KE11D in C:\Users\hoait\Desktop\schematic_sim7600\sche_sim7600.SchDoc with ZRB157R61E225KE11D from capacitor_murata_0402.IntLib
Replace Part C18 ZRB157R61E225KE11D in C:\Users\hoait\Desktop\schematic_sim7600\sche_sim7600.SchDoc with ZRB157R61E225KE11D from capacitor_murata_0402.IntLib
Replace Part C19 Tu 0603 103 50V 10% in C:\Users\hoait\Desktop\schematic_sim7600\sche_sim7600.SchDoc with Tu 0603 103 50V 10% from Altium_Lib_by_KhueNguyenCreator.IntLib
Replace Part C20 Tu 0603 103 50V 10% in C:\Users\hoait\Desktop\schematic_sim7600\sche_sim7600.SchDoc with Tu 0603 103 50V 10% from Altium_Lib_by_KhueNguyenCreator.IntLib
Replace Part C21 ZRB157R61E225KE11D in C:\Users\hoait\Desktop\schematic_sim7600\sche_sim7600.SchDoc with ZRB157R61E225KE11D from capacitor_murata_0402.IntLib
Replace Part C22 ZRB157R61E225KE11D in C:\Users\hoait\Desktop\schematic_sim7600\sche_sim7600.SchDoc with ZRB157R61E225KE11D from capacitor_murata_0402.IntLib
Replace Part C23 ZRB157R61E225KE11D in C:\Users\hoait\Desktop\schematic_sim7600\sche_sim7600.SchDoc with ZRB157R61E225KE11D from capacitor_murata_0402.IntLib
Replace Part C24 ZRB157R61E225KE11D in C:\Users\hoait\Desktop\schematic_sim7600\sche_sim7600.SchDoc with ZRB157R61E225KE11D from capacitor_murata_0402.IntLib
Replace Part C25 ZRB157R61E225KE11D in C:\Users\hoait\Desktop\schematic_sim7600\sche_sim7600.SchDoc with ZRB157R61E225KE11D from capacitor_murata_0402.IntLib
Replace Part C26 ZRB157R61E225KE11D in C:\Users\hoait\Desktop\schematic_sim7600\sche_sim7600.SchDoc with ZRB157R61E225KE11D from capacitor_murata_0402.IntLib
Replace Part C27 ZRB157R61E225KE11D in C:\Users\hoait\Desktop\schematic_sim7600\sche_sim7600.SchDoc with ZRB157R61E225KE11D from capacitor_murata_0402.IntLib
Replace Part C28 ZRB157R61E225KE11D in C:\Users\hoait\Desktop\schematic_sim7600\sche_sim7600.SchDoc with ZRB157R61E225KE11D from capacitor_murata_0402.IntLib
Replace Part C29 ZRB157R61E225KE11D in C:\Users\hoait\Desktop\schematic_sim7600\sche_sim7600.SchDoc with ZRB157R61E225KE11D from capacitor_murata_0402.IntLib
Replace Part C30 ZRB157R61E225KE11D in C:\Users\hoait\Desktop\schematic_sim7600\sche_sim7600.SchDoc with ZRB157R61E225KE11D from capacitor_murata_0402.IntLib
Replace Part C31 ZRB157R61E225KE11D in C:\Users\hoait\Desktop\schematic_sim7600\sche_sim7600.SchDoc with ZRB157R61E225KE11D from capacitor_murata_0402.IntLib
Replace Part C32 ZRB157R61E225KE11D in C:\Users\hoait\Desktop\schematic_sim7600\sche_sim7600.SchDoc with ZRB157R61E225KE11D from capacitor_murata_0402.IntLib
Replace Part C33 ZRB157R61E225KE11D in C:\Users\hoait\Desktop\schematic_sim7600\sche_sim7600.SchDoc with ZRB157R61E225KE11D from capacitor_murata_0402.IntLib
Replace Part C34 Tu 0603 22pF 50V 10% in C:\Users\hoait\Desktop\schematic_sim7600\sche_sim7600.SchDoc with Tu 0603 22pF 50V 10% from Altium_Lib_by_KhueNguyenCreator.IntLib
Replace Part C35 Tu 0603 22pF 50V 10% in C:\Users\hoait\Desktop\schematic_sim7600\sche_sim7600.SchDoc with Tu 0603 22pF 50V 10% from Altium_Lib_by_KhueNguyenCreator.IntLib
Replace Part C36 ZRB157R61E225KE11D in C:\Users\hoait\Desktop\schematic_sim7600\sche_sim7600.SchDoc with ZRB157R61E225KE11D from capacitor_murata_0402.IntLib
Replace Part D SMF05C in C:\Users\hoait\Desktop\schematic_sim7600\sche_sim7600.SchDoc with SMF05C from sim_project_lib.IntLib
Replace Part D1 Diode Zener 5.1V in C:\Users\hoait\Desktop\schematic_sim7600\sche_sim7600.SchDoc with Diode Zener 5.1V from Altium_Lib_by_KhueNguyenCreator.IntLib
Replace Part J1 IPX in C:\Users\hoait\Desktop\schematic_sim7600\sche_sim7600.SchDoc with IPX from sim_project_lib.IntLib
Replace Part J2 IPX in C:\Users\hoait\Desktop\schematic_sim7600\sche_sim7600.SchDoc with IPX from sim_project_lib.IntLib
Replace Part J? Conn_Amphenol_C707-10M006-500-2_eec in C:\Users\hoait\Desktop\schematic_sim7600\sche_sim7600.SchDoc with Conn_Amphenol_C707-10M006-500-2_eec from Conn_Amphenol_C707-10M006-500-2_eec.SchLib
Replace Part JP1 JP 2x3 2.54 Duc Thang in C:\Users\hoait\Desktop\schematic_sim7600\sche_sim7600.SchDoc with JP 2x3 2.54 Duc Thang from Altium_Lib_by_KhueNguyenCreator.IntLib
Replace Part JP3 JP 1x3 2.54 Duc Thang in C:\Users\hoait\Desktop\schematic_sim7600\sche_sim7600.SchDoc with JP 1x3 2.54 Duc Thang from Altium_Lib_by_KhueNguyenCreator.IntLib
Replace Part JP4 JP 1x5 2.54 Duc Thang in C:\Users\hoait\Desktop\schematic_sim7600\sche_sim7600.SchDoc with JP 1x5 2.54 Duc Thang from Altium_Lib_by_KhueNguyenCreator.IntLib
Replace Part L CSAB0630-100M in C:\Users\hoait\Desktop\schematic_sim7600\sche_sim7600.SchDoc with CSAB0630-100M from CSAB0630-100M.IntLib
Replace Part L2 MLG0603P47NHT000 in C:\Users\hoait\Desktop\schematic_sim7600\sche_sim7600.SchDoc with MLG0603P47NHT000 from MLG0603P47NHT000.IntLib
Replace Part LED_SOURCE? LED 0805 Xanh La in C:\Users\hoait\Desktop\schematic_sim7600\sche_sim7600.SchDoc with LED 0805 Xanh La from Altium_Lib_by_KhueNguyenCreator.IntLib
Replace Part LED_STATUS LED 0805 Xanh La in C:\Users\hoait\Desktop\schematic_sim7600\sche_sim7600.SchDoc with LED 0805 Xanh La from Altium_Lib_by_KhueNguyenCreator.IntLib
Replace Part LED_STATUS? LED 0805 Xanh La in C:\Users\hoait\Desktop\schematic_sim7600\sche_sim7600.SchDoc with LED 0805 Xanh La from Altium_Lib_by_KhueNguyenCreator.IntLib
Replace Part PWRKEY Nut Nhan 2 Chan SMD 3x6x2.5 in C:\Users\hoait\Desktop\schematic_sim7600\sche_sim7600.SchDoc with Nut Nhan 2 Chan SMD 3x6x2.5 from Altium_Lib_by_KhueNguyenCreator.IntLib
Replace Part R8 ERJ-PA2J684X in C:\Users\hoait\Desktop\schematic_sim7600\sche_sim7600.SchDoc with ERJ-PA2J684X from Panasonic_ERJ_0402.IntLib
Replace Part R9 ERJ-PA2J684X in C:\Users\hoait\Desktop\schematic_sim7600\sche_sim7600.SchDoc with ERJ-PA2J684X from Panasonic_ERJ_0402.IntLib
Replace Part R10 ERJ-PA2J684X in C:\Users\hoait\Desktop\schematic_sim7600\sche_sim7600.SchDoc with ERJ-PA2J684X from Panasonic_ERJ_0402.IntLib
Replace Part R11 ERJ-PA2J684X in C:\Users\hoait\Desktop\schematic_sim7600\sche_sim7600.SchDoc with ERJ-PA2J684X from Panasonic_ERJ_0402.IntLib
Replace Part R12 ERJ-PA2J684X in C:\Users\hoait\Desktop\schematic_sim7600\sche_sim7600.SchDoc with ERJ-PA2J684X from Panasonic_ERJ_0402.IntLib
Replace Part R13 ERJ-PA2J684X in C:\Users\hoait\Desktop\schematic_sim7600\sche_sim7600.SchDoc with ERJ-PA2J684X from Panasonic_ERJ_0402.IntLib
Replace Part R14 ERJ-PA2J684X in C:\Users\hoait\Desktop\schematic_sim7600\sche_sim7600.SchDoc with ERJ-PA2J684X from Panasonic_ERJ_0402.IntLib
Replace Part R15 ERJ-PA2J684X in C:\Users\hoait\Desktop\schematic_sim7600\sche_sim7600.SchDoc with ERJ-PA2J684X from Panasonic_ERJ_0402.IntLib
Replace Part R16 ERJ-PA2J684X in C:\Users\hoait\Desktop\schematic_sim7600\sche_sim7600.SchDoc with ERJ-PA2J684X from Panasonic_ERJ_0402.IntLib
Replace Part R17 ERJ-PA2J684X in C:\Users\hoait\Desktop\schematic_sim7600\sche_sim7600.SchDoc with ERJ-PA2J684X from Panasonic_ERJ_0402.IntLib
Replace Part R18 ERJ-PA2J684X in C:\Users\hoait\Desktop\schematic_sim7600\sche_sim7600.SchDoc with ERJ-PA2J684X from Panasonic_ERJ_0402.IntLib
Replace Part R19 ERJ-PA2J684X in C:\Users\hoait\Desktop\schematic_sim7600\sche_sim7600.SchDoc with ERJ-PA2J684X from Panasonic_ERJ_0402.IntLib
Replace Part R20 ERJ-PA2J684X in C:\Users\hoait\Desktop\schematic_sim7600\sche_sim7600.SchDoc with ERJ-PA2J684X from Panasonic_ERJ_0402.IntLib
Replace Part R21 ERJ-PA2J684X in C:\Users\hoait\Desktop\schematic_sim7600\sche_sim7600.SchDoc with ERJ-PA2J684X from Panasonic_ERJ_0402.IntLib
Replace Part R22 ERJ-PA2J684X in C:\Users\hoait\Desktop\schematic_sim7600\sche_sim7600.SchDoc with ERJ-PA2J684X from Panasonic_ERJ_0402.IntLib
Replace Part R23 ERJ-PA2J684X in C:\Users\hoait\Desktop\schematic_sim7600\sche_sim7600.SchDoc with ERJ-PA2J684X from Panasonic_ERJ_0402.IntLib
Replace Part R24 ERJ-PA2J684X in C:\Users\hoait\Desktop\schematic_sim7600\sche_sim7600.SchDoc with ERJ-PA2J684X from Panasonic_ERJ_0402.IntLib
Replace Part R25 ERJ-PA2J684X in C:\Users\hoait\Desktop\schematic_sim7600\sche_sim7600.SchDoc with ERJ-PA2J684X from Panasonic_ERJ_0402.IntLib
Replace Part R26 Tro 0603 5% 100R in C:\Users\hoait\Desktop\schematic_sim7600\sche_sim7600.SchDoc with Tro 0603 5% 100R from Altium_Lib_by_KhueNguyenCreator.IntLib
Replace Part R27 ERJ-PA2J684X in C:\Users\hoait\Desktop\schematic_sim7600\sche_sim7600.SchDoc with ERJ-PA2J684X from Panasonic_ERJ_0402.IntLib
Replace Part R28 ERJ-PA2J684X in C:\Users\hoait\Desktop\schematic_sim7600\sche_sim7600.SchDoc with ERJ-PA2J684X from Panasonic_ERJ_0402.IntLib
Replace Part R29 ERJ-PA2J684X in C:\Users\hoait\Desktop\schematic_sim7600\sche_sim7600.SchDoc with ERJ-PA2J684X from Panasonic_ERJ_0402.IntLib
Replace Part R30 ERJ-PA2J684X in C:\Users\hoait\Desktop\schematic_sim7600\sche_sim7600.SchDoc with ERJ-PA2J684X from Panasonic_ERJ_0402.IntLib
Replace Part R31 ERJ-PA2J684X in C:\Users\hoait\Desktop\schematic_sim7600\sche_sim7600.SchDoc with ERJ-PA2J684X from Panasonic_ERJ_0402.IntLib
Replace Part R32 ERJ-PA2J684X in C:\Users\hoait\Desktop\schematic_sim7600\sche_sim7600.SchDoc with ERJ-PA2J684X from Panasonic_ERJ_0402.IntLib
Replace Part R33 ERJ-PA2J684X in C:\Users\hoait\Desktop\schematic_sim7600\sche_sim7600.SchDoc with ERJ-PA2J684X from Panasonic_ERJ_0402.IntLib
Replace Part R34 ERJ-PA2J684X in C:\Users\hoait\Desktop\schematic_sim7600\sche_sim7600.SchDoc with ERJ-PA2J684X from Panasonic_ERJ_0402.IntLib
Replace Part R35 ERJ-PA2J684X in C:\Users\hoait\Desktop\schematic_sim7600\sche_sim7600.SchDoc with ERJ-PA2J684X from Panasonic_ERJ_0402.IntLib
Replace Part R36 ERJ-PA2J684X in C:\Users\hoait\Desktop\schematic_sim7600\sche_sim7600.SchDoc with ERJ-PA2J684X from Panasonic_ERJ_0402.IntLib
Replace Part R37 ERJ-PA2J684X in C:\Users\hoait\Desktop\schematic_sim7600\sche_sim7600.SchDoc with ERJ-PA2J684X from Panasonic_ERJ_0402.IntLib
Replace Part R38 ERJ-PA2J684X in C:\Users\hoait\Desktop\schematic_sim7600\sche_sim7600.SchDoc with ERJ-PA2J684X from Panasonic_ERJ_0402.IntLib
Replace Part RST_BUTTON Nut Nhan 2 Chan SMD 3x6x2.5 in C:\Users\hoait\Desktop\schematic_sim7600\sche_sim7600.SchDoc with Nut Nhan 2 Chan SMD 3x6x2.5 from Altium_Lib_by_KhueNguyenCreator.IntLib
Replace Part SDSocket SDSocket in C:\Users\hoait\Desktop\schematic_sim7600\sche_sim7600.SchDoc with SDSocket from sim_project_lib.IntLib
Replace Part U TXB0108PWR in C:\Users\hoait\Desktop\schematic_sim7600\sche_sim7600.SchDoc with TXB0108PWR from sim_project_lib.IntLib
Replace Part U1 MP1482 in C:\Users\hoait\Desktop\schematic_sim7600\sche_sim7600.SchDoc with MP1482 from sim_project_lib.IntLib
Replace Part U2 RT9193-33GB in C:\Users\hoait\Desktop\schematic_sim7600\sche_sim7600.SchDoc with RT9193-33GB from sim_project_lib.IntLib
Replace Part U3 AMS1117-3.3 in C:\Users\hoait\Desktop\schematic_sim7600\sche_sim7600.SchDoc with AMS1117-3.3 from sim_project_lib.IntLib
Replace Part U4 CP2102 in C:\Users\hoait\Desktop\schematic_sim7600\sche_sim7600.SchDoc with CP2102 from sim_project_lib.IntLib
Replace Part U? SIM7600 in C:\Users\hoait\Desktop\schematic_sim7600\sche_sim7600.SchDoc with SIM7600 from SIM7600.SchLib
Replace Part USB? USB Mini 5p SMD in C:\Users\hoait\Desktop\schematic_sim7600\sche_sim7600.SchDoc with USB Mini 5p SMD from Altium_Lib_by_KhueNguyenCreator.IntLib
