Replace Part C1 Tu Hoa 100uF 16V 5x7 in C:\Users\hoait\Desktop\schematic_sim7600\sche_sim7600.SchDoc with Tu Hoa 100uF 16V 5x7 from Altium_Lib_by_KhueNguyenCreator.IntLib
Replace Part C2 Tu Hoa 100uF 16V 5x7 in C:\Users\hoait\Desktop\schematic_sim7600\sche_sim7600.SchDoc with Tu Hoa 100uF 16V 5x7 from Altium_Lib_by_KhueNguyenCreator.IntLib
Replace Part C3 Tu Hoa 100uF 16V 5x7 in C:\Users\hoait\Desktop\schematic_sim7600\sche_sim7600.SchDoc with Tu Hoa 100uF 16V 5x7 from Altium_Lib_by_KhueNguyenCreator.IntLib
Replace Part C4 Tu 0603 105 16V 20% in C:\Users\hoait\Desktop\schematic_sim7600\sche_sim7600.SchDoc with Tu 0603 105 16V 20% from Altium_Lib_by_KhueNguyenCreator.IntLib
Replace Part C5 Tu 0805 22nF 50V 20% in C:\Users\hoait\Desktop\schematic_sim7600\sche_sim7600.SchDoc with Tu 0805 22nF 50V 20% from Altium_Lib_by_KhueNguyenCreator.IntLib
Replace Part C6 Tu 0603 105 16V 20% in C:\Users\hoait\Desktop\schematic_sim7600\sche_sim7600.SchDoc with Tu 0603 105 16V 20% from Altium_Lib_by_KhueNguyenCreator.IntLib
Replace Part C7 Tu Hoa 100uF 16V 5x7 in C:\Users\hoait\Desktop\schematic_sim7600\sche_sim7600.SchDoc with Tu Hoa 100uF 16V 5x7 from Altium_Lib_by_KhueNguyenCreator.IntLib
Replace Part C8 Tu gom 104 50V in C:\Users\hoait\Desktop\schematic_sim7600\sche_sim7600.SchDoc with Tu gom 104 50V from Altium_Lib_by_KhueNguyenCreator.IntLib
Replace Part C9 Tu gom 103 50V in C:\Users\hoait\Desktop\schematic_sim7600\sche_sim7600.SchDoc with Tu gom 103 50V from Altium_Lib_by_KhueNguyenCreator.IntLib
Replace Part C10 Tu gom 332 50V in C:\Users\hoait\Desktop\schematic_sim7600\sche_sim7600.SchDoc with Tu gom 332 50V from Altium_Lib_by_KhueNguyenCreator.IntLib
Replace Part C11 Tu Hoa 100uF 16V 5x7 in C:\Users\hoait\Desktop\schematic_sim7600\sche_sim7600.SchDoc with Tu Hoa 100uF 16V 5x7 from Altium_Lib_by_KhueNguyenCreator.IntLib
Replace Part C12 Tu Hoa 100uF 16V 5x7 in C:\Users\hoait\Desktop\schematic_sim7600\sche_sim7600.SchDoc with Tu Hoa 100uF 16V 5x7 from Altium_Lib_by_KhueNguyenCreator.IntLib
Replace Part C13 Tu 0805 105 50V 10% in C:\Users\hoait\Desktop\schematic_sim7600\sche_sim7600.SchDoc with Tu 0805 105 50V 10% from Altium_Lib_by_KhueNguyenCreator.IntLib
Replace Part C14 Tu 0805 105 50V 10% in C:\Users\hoait\Desktop\schematic_sim7600\sche_sim7600.SchDoc with Tu 0805 105 50V 10% from Altium_Lib_by_KhueNguyenCreator.IntLib
Replace Part C15 Tu 0603 105 50V 10% in C:\Users\hoait\Desktop\schematic_sim7600\sche_sim7600.SchDoc with Tu 0603 105 50V 10% from Altium_Lib_by_KhueNguyenCreator.IntLib
Replace Part C16 Tu Hoa 100uF 16V 5x7 in C:\Users\hoait\Desktop\schematic_sim7600\sche_sim7600.SchDoc with Tu Hoa 100uF 16V 5x7 from Altium_Lib_by_KhueNguyenCreator.IntLib
Replace Part C17 Tu Hoa 100uF 16V 5x7 in C:\Users\hoait\Desktop\schematic_sim7600\sche_sim7600.SchDoc with Tu Hoa 100uF 16V 5x7 from Altium_Lib_by_KhueNguyenCreator.IntLib
Replace Part C18 Tu 0603 105 50V 10% in C:\Users\hoait\Desktop\schematic_sim7600\sche_sim7600.SchDoc with Tu 0603 105 50V 10% from Altium_Lib_by_KhueNguyenCreator.IntLib
Replace Part C19 Tu Hoa 100uF 16V 5x7 in C:\Users\hoait\Desktop\schematic_sim7600\sche_sim7600.SchDoc with Tu Hoa 100uF 16V 5x7 from Altium_Lib_by_KhueNguyenCreator.IntLib
Replace Part C20 Tu Hoa 100uF 16V 5x7 in C:\Users\hoait\Desktop\schematic_sim7600\sche_sim7600.SchDoc with Tu Hoa 100uF 16V 5x7 from Altium_Lib_by_KhueNguyenCreator.IntLib
Replace Part C21 Tu 0603 106 16V 20% in C:\Users\hoait\Desktop\schematic_sim7600\sche_sim7600.SchDoc with Tu 0603 106 16V 20% from Altium_Lib_by_KhueNguyenCreator.IntLib
Replace Part C22 Tu 0805 475 25V 20% in C:\Users\hoait\Desktop\schematic_sim7600\sche_sim7600.SchDoc with Tu 0805 475 25V 20% from Altium_Lib_by_KhueNguyenCreator.IntLib
Replace Part C23 Tu 0805 105 50V 10% in C:\Users\hoait\Desktop\schematic_sim7600\sche_sim7600.SchDoc with Tu 0805 105 50V 10% from Altium_Lib_by_KhueNguyenCreator.IntLib
Replace Part C24 Tu 0603 22pF 50V 10% in C:\Users\hoait\Desktop\schematic_sim7600\sche_sim7600.SchDoc with Tu 0603 22pF 50V 10% from Altium_Lib_by_KhueNguyenCreator.IntLib
Replace Part C25 Tu 0603 22pF 50V 10% in C:\Users\hoait\Desktop\schematic_sim7600\sche_sim7600.SchDoc with Tu 0603 22pF 50V 10% from Altium_Lib_by_KhueNguyenCreator.IntLib
Replace Part C26 Tu 0603 22pF 50V 10% in C:\Users\hoait\Desktop\schematic_sim7600\sche_sim7600.SchDoc with Tu 0603 22pF 50V 10% from Altium_Lib_by_KhueNguyenCreator.IntLib
Replace Part C27 Tu 0805 104 50V 10% in C:\Users\hoait\Desktop\schematic_sim7600\sche_sim7600.SchDoc with Tu 0805 104 50V 10% from Altium_Lib_by_KhueNguyenCreator.IntLib
Replace Part C28 Tu 0805 22pF 50V 10% in C:\Users\hoait\Desktop\schematic_sim7600\sche_sim7600.SchDoc with Tu 0805 22pF 50V 10% from Altium_Lib_by_KhueNguyenCreator.IntLib
Replace Part C29 Tu 0805 33pF 50V 10% in C:\Users\hoait\Desktop\schematic_sim7600\sche_sim7600.SchDoc with Tu 0805 33pF 50V 10% from Altium_Lib_by_KhueNguyenCreator.IntLib
Replace Part C30 Tu 0805 475 25V 20% in C:\Users\hoait\Desktop\schematic_sim7600\sche_sim7600.SchDoc with Tu 0805 475 25V 20% from Altium_Lib_by_KhueNguyenCreator.IntLib
Replace Part C31 Tu 0805 105 50V 10% in C:\Users\hoait\Desktop\schematic_sim7600\sche_sim7600.SchDoc with Tu 0805 105 50V 10% from Altium_Lib_by_KhueNguyenCreator.IntLib
Replace Part D SMF05C in C:\Users\hoait\Desktop\schematic_sim7600\sche_sim7600.SchDoc with SMF05C from SMF05C.IntLib
Replace Part D? Diode Zener 5.1V in C:\Users\hoait\Desktop\schematic_sim7600\sche_sim7600.SchDoc with Diode Zener 5.1V from Altium_Lib_by_KhueNguyenCreator.IntLib
Replace Part J? Conn_Amphenol_C707-10M006-500-2_eec in C:\Users\hoait\Desktop\schematic_sim7600\sche_sim7600.SchDoc with Conn_Amphenol_C707-10M006-500-2_eec from Conn_Amphenol_C707-10M006-500-2_eec.SchLib
Replace Part L CSAB0630-100M in C:\Users\hoait\Desktop\schematic_sim7600\sche_sim7600.SchDoc with CSAB0630-100M from CSAB0630-100M.IntLib
Replace Part LED_NETLIGHT? LED 0805 Do in C:\Users\hoait\Desktop\schematic_sim7600\sche_sim7600.SchDoc with LED 0805 Do from Altium_Lib_by_KhueNguyenCreator.IntLib
Replace Part LED_SOURCE? LED 0805 Xanh La in C:\Users\hoait\Desktop\schematic_sim7600\sche_sim7600.SchDoc with LED 0805 Xanh La from Altium_Lib_by_KhueNguyenCreator.IntLib
Replace Part LED_STATUS? LED 0805 Do in C:\Users\hoait\Desktop\schematic_sim7600\sche_sim7600.SchDoc with LED 0805 Do from Altium_Lib_by_KhueNguyenCreator.IntLib
Replace Part PWRKEY Nut Nhan 2 Chan SMD 3x6x2.5 in C:\Users\hoait\Desktop\schematic_sim7600\sche_sim7600.SchDoc with Nut Nhan 2 Chan SMD 3x6x2.5 from Altium_Lib_by_KhueNguyenCreator.IntLib
Replace Part R7 Tro 0603 1% 56R in C:\Users\hoait\Desktop\schematic_sim7600\sche_sim7600.SchDoc with Tro 0603 1% 56R from Altium_Lib_by_KhueNguyenCreator.IntLib
Replace Part R8 Tro 0603 1% 1k in C:\Users\hoait\Desktop\schematic_sim7600\sche_sim7600.SchDoc with Tro 0603 1% 1k from Altium_Lib_by_KhueNguyenCreator.IntLib
Replace Part R9 Tro 0603 5% 100k in C:\Users\hoait\Desktop\schematic_sim7600\sche_sim7600.SchDoc with Tro 0603 5% 100k from Altium_Lib_by_KhueNguyenCreator.IntLib
Replace Part R10 Tro Vach 1W 5% 22R in C:\Users\hoait\Desktop\schematic_sim7600\sche_sim7600.SchDoc with Tro Vach 1W 5% 22R from Altium_Lib_by_KhueNguyenCreator.IntLib
Replace Part R11 Tro Vach 1W 5% 22R in C:\Users\hoait\Desktop\schematic_sim7600\sche_sim7600.SchDoc with Tro Vach 1W 5% 22R from Altium_Lib_by_KhueNguyenCreator.IntLib
Replace Part R12 Tro Vach 1W 5% 22R in C:\Users\hoait\Desktop\schematic_sim7600\sche_sim7600.SchDoc with Tro Vach 1W 5% 22R from Altium_Lib_by_KhueNguyenCreator.IntLib
Replace Part R13 Tro 0805 5% 5.6k in C:\Users\hoait\Desktop\schematic_sim7600\sche_sim7600.SchDoc with Tro 0805 5% 5.6k from Altium_Lib_by_KhueNguyenCreator.IntLib
Replace Part R14 Tro 0603 1% 33k in C:\Users\hoait\Desktop\schematic_sim7600\sche_sim7600.SchDoc with Tro 0603 1% 33k from Altium_Lib_by_KhueNguyenCreator.IntLib
Replace Part R15 Tro 0603 1% 10k in C:\Users\hoait\Desktop\schematic_sim7600\sche_sim7600.SchDoc with Tro 0603 1% 10k from Altium_Lib_by_KhueNguyenCreator.IntLib
Replace Part R16 Tro 0603 5% 47k in C:\Users\hoait\Desktop\schematic_sim7600\sche_sim7600.SchDoc with Tro 0603 5% 47k from Altium_Lib_by_KhueNguyenCreator.IntLib
Replace Part R17 Tro 0603 5% 47k in C:\Users\hoait\Desktop\schematic_sim7600\sche_sim7600.SchDoc with Tro 0603 5% 47k from Altium_Lib_by_KhueNguyenCreator.IntLib
Replace Part R18 Tro 0603 5% 2.2k in C:\Users\hoait\Desktop\schematic_sim7600\sche_sim7600.SchDoc with Tro 0603 5% 2.2k from Altium_Lib_by_KhueNguyenCreator.IntLib
Replace Part R19 Tro 0603 5% 2.2k in C:\Users\hoait\Desktop\schematic_sim7600\sche_sim7600.SchDoc with Tro 0603 5% 2.2k from Altium_Lib_by_KhueNguyenCreator.IntLib
Replace Part R20 Tro 0603 5% 10R in C:\Users\hoait\Desktop\schematic_sim7600\sche_sim7600.SchDoc with Tro 0603 5% 10R from Altium_Lib_by_KhueNguyenCreator.IntLib
Replace Part R21 Tro 0603 5% 4.7k in C:\Users\hoait\Desktop\schematic_sim7600\sche_sim7600.SchDoc with Tro 0603 5% 4.7k from Altium_Lib_by_KhueNguyenCreator.IntLib
Replace Part R22 Tro 0603 5% 10k in C:\Users\hoait\Desktop\schematic_sim7600\sche_sim7600.SchDoc with Tro 0603 5% 10k from Altium_Lib_by_KhueNguyenCreator.IntLib
Replace Part R? Tro 0603 1% 56R in C:\Users\hoait\Desktop\schematic_sim7600\sche_sim7600.SchDoc with Tro 0603 1% 56R from Altium_Lib_by_KhueNguyenCreator.IntLib
Replace Part RST_BUTTON Nut Nhan 2 Chan SMD 3x6x2.5 in C:\Users\hoait\Desktop\schematic_sim7600\sche_sim7600.SchDoc with Nut Nhan 2 Chan SMD 3x6x2.5 from Altium_Lib_by_KhueNguyenCreator.IntLib
Replace Part U2 RT9193-33GB in C:\Users\hoait\Desktop\schematic_sim7600\sche_sim7600.SchDoc with RT9193-33GB from RT9193-33GB.IntLib
Replace Part U3 TXB0108PWR in C:\Users\hoait\Desktop\schematic_sim7600\sche_sim7600.SchDoc with TXB0108PWR from TXB0108PWR.IntLib
Replace Part U? SIM7600 in C:\Users\hoait\Desktop\schematic_sim7600\sche_sim7600.SchDoc with SIM7600 from SIM7600.SchLib
Replace Part USB? USB Micro 5p SMD in C:\Users\hoait\Desktop\schematic_sim7600\sche_sim7600.SchDoc with USB Micro 5p SMD from Altium_Lib_by_KhueNguyenCreator.IntLib
